2024-09-23 16:54:36.883 [info] [main] 로그 수준: Info
2024-09-23 16:54:36.883 [info] [main] "git"에서 찾은 git 유효성을 검사하는 중
2024-09-23 16:54:36.883 [info] [main] "2.34.1"에서 git "git"을(를) 사용하는 중
2024-09-23 16:54:36.883 [info] [Model][doInitialScan] Initial repository scan started
2024-09-23 16:54:36.883 [info] > git rev-parse --show-toplevel [4ms]
2024-09-23 16:54:36.883 [info] > git rev-parse --git-dir --git-common-dir [1ms]
2024-09-23 16:54:36.883 [info] [Model][openRepository] Opened repository: /home/assam_yoonseocho/2024-os-hw1
2024-09-23 16:54:36.883 [info] > git config --get commit.template [4ms]
2024-09-23 16:54:36.883 [info] > git rev-parse --show-toplevel [2ms]
2024-09-23 16:54:36.883 [info] > git rev-parse --show-toplevel [13ms]
2024-09-23 16:54:36.883 [info] [Model][doInitialScan] Initial repository scan completed - repositories (1), closed repositories (0), parent repositories (0), unsafe repositories (0)
2024-09-23 16:54:36.883 [info] > git for-each-ref --format=%(refname)%00%(upstream:short)%00%(objectname)%00%(upstream:track)%00%(upstream:remotename)%00%(upstream:remoteref) refs/heads/32214362_yoonseocho refs/remotes/32214362_yoonseocho [22ms]
2024-09-23 16:54:36.884 [warning] [Git][revParse] Unable to read file: ENOENT: no such file or directory, open '/home/assam_yoonseocho/2024-os-hw1/.git/refs/remotes/origin/master'
2024-09-23 16:54:36.884 [info] > git rev-parse refs/remotes/origin/master [6ms]
2024-09-23 16:54:36.887 [info] > git status -z -uall [5ms]
2024-09-23 16:54:37.004 [info] > git for-each-ref --format=%(refname)%00%(upstream:short)%00%(objectname)%00%(upstream:track)%00%(upstream:remotename)%00%(upstream:remoteref) refs/heads/32214362_yoonseocho refs/remotes/32214362_yoonseocho [111ms]
2024-09-23 16:54:37.052 [info] > git config --local branch.32214362_yoonseocho.vscode-merge-base [44ms]
2024-09-23 16:54:37.056 [info] > git config --get commit.template [53ms]
2024-09-23 16:54:37.068 [info] > git for-each-ref --format=%(refname)%00%(upstream:short)%00%(objectname)%00%(upstream:track)%00%(upstream:remotename)%00%(upstream:remoteref) refs/heads/origin/master refs/remotes/origin/master [13ms]
2024-09-23 16:54:37.073 [info] > git for-each-ref --format=%(refname)%00%(upstream:short)%00%(objectname)%00%(upstream:track)%00%(upstream:remotename)%00%(upstream:remoteref) refs/heads/32214362_yoonseocho refs/remotes/32214362_yoonseocho [13ms]
2024-09-23 16:54:37.076 [warning] [Git][revParse] Unable to read file: ENOENT: no such file or directory, open '/home/assam_yoonseocho/2024-os-hw1/.git/refs/remotes/origin/master'
2024-09-23 16:54:37.077 [info] > git merge-base refs/heads/32214362_yoonseocho refs/remotes/origin/master [5ms]
2024-09-23 16:54:37.080 [info] > git rev-parse refs/remotes/origin/master [4ms]
2024-09-23 16:54:37.084 [info] > git rev-list --count --left-right refs/heads/32214362_yoonseocho...refs/remotes/origin/master [3ms]
2024-09-23 16:54:37.087 [info] > git status -z -uall [4ms]
2024-09-23 16:54:37.210 [info] > git for-each-ref --format=%(refname)%00%(upstream:short)%00%(objectname)%00%(upstream:track)%00%(upstream:remotename)%00%(upstream:remoteref) refs/heads/32214362_yoonseocho refs/remotes/32214362_yoonseocho [118ms]
2024-09-23 16:54:37.214 [info] > git diff --name-status -z --diff-filter=ADMR 3754e078984a4486af05a630408918cfc55ef03c...refs/remotes/origin/master [127ms]
2024-09-23 16:54:37.239 [info] > git config --local branch.32214362_yoonseocho.vscode-merge-base [25ms]
2024-09-23 16:54:37.247 [info] > git for-each-ref --format=%(refname)%00%(upstream:short)%00%(objectname)%00%(upstream:track)%00%(upstream:remotename)%00%(upstream:remoteref) refs/heads/origin/master refs/remotes/origin/master [2ms]
2024-09-23 16:54:37.311 [info] > git show --textconv :fork2.c [7ms]
2024-09-23 16:54:37.313 [info] > git ls-files --stage -- /home/assam_yoonseocho/2024-os-hw1/fork2.c [3ms]
2024-09-23 16:54:37.319 [info] > git cat-file -s 458428c6f335cf9de60e43a0cf13aaf368c6dc2a [2ms]
2024-09-23 16:54:37.369 [info] > git check-ignore -v -z --stdin [3ms]
2024-09-23 16:54:43.097 [info] > git show --textconv :fork.c [5ms]
2024-09-23 16:54:43.099 [info] > git ls-files --stage -- /home/assam_yoonseocho/2024-os-hw1/fork.c [3ms]
2024-09-23 16:54:43.103 [info] > git cat-file -s 3b055c228112e57f31a527c4510a4705e5bc80cc [2ms]
2024-09-23 16:54:58.449 [info] > git config --get commit.template [4ms]
2024-09-23 16:54:58.450 [info] > git for-each-ref --format=%(refname)%00%(upstream:short)%00%(objectname)%00%(upstream:track)%00%(upstream:remotename)%00%(upstream:remoteref) refs/heads/32214362_yoonseocho refs/remotes/32214362_yoonseocho [3ms]
2024-09-23 16:54:58.452 [warning] [Git][revParse] Unable to read file: ENOENT: no such file or directory, open '/home/assam_yoonseocho/2024-os-hw1/.git/refs/remotes/origin/master'
2024-09-23 16:54:58.454 [info] > git rev-parse refs/remotes/origin/master [2ms]
2024-09-23 16:54:58.459 [info] > git status -z -uall [3ms]
2024-09-23 16:54:58.466 [info] > git for-each-ref --format=%(refname)%00%(upstream:short)%00%(objectname)%00%(upstream:track)%00%(upstream:remotename)%00%(upstream:remoteref) refs/heads/32214362_yoonseocho refs/remotes/32214362_yoonseocho [3ms]
2024-09-23 16:54:58.470 [info] > git config --local branch.32214362_yoonseocho.vscode-merge-base [1ms]
2024-09-23 16:54:58.475 [info] > git for-each-ref --format=%(refname)%00%(upstream:short)%00%(objectname)%00%(upstream:track)%00%(upstream:remotename)%00%(upstream:remoteref) refs/heads/origin/master refs/remotes/origin/master [1ms]
2024-09-23 16:55:26.699 [info] > git show --textconv :fork2.c [5ms]
2024-09-23 16:55:26.700 [info] > git ls-files --stage -- /home/assam_yoonseocho/2024-os-hw1/fork2.c [2ms]
2024-09-23 16:55:26.705 [info] > git cat-file -s 458428c6f335cf9de60e43a0cf13aaf368c6dc2a [2ms]
2024-09-23 16:58:08.376 [info] > git show --textconv :getenv.c [5ms]
2024-09-23 16:58:08.378 [info] > git ls-files --stage -- /home/assam_yoonseocho/2024-os-hw1/getenv.c [2ms]
2024-09-23 16:58:08.383 [info] > git cat-file -s 55fb69d1d841922d88790547641c083ae3df7102 [1ms]
2024-09-23 16:58:20.153 [info] > git config --get commit.template [5ms]
2024-09-23 16:58:20.154 [info] > git for-each-ref --format=%(refname)%00%(upstream:short)%00%(objectname)%00%(upstream:track)%00%(upstream:remotename)%00%(upstream:remoteref) refs/heads/32214362_yoonseocho refs/remotes/32214362_yoonseocho [2ms]
2024-09-23 16:58:20.156 [warning] [Git][revParse] Unable to read file: ENOENT: no such file or directory, open '/home/assam_yoonseocho/2024-os-hw1/.git/refs/remotes/origin/master'
2024-09-23 16:58:20.158 [info] > git rev-parse refs/remotes/origin/master [2ms]
2024-09-23 16:58:20.164 [info] > git status -z -uall [2ms]
2024-09-23 16:58:20.172 [info] > git for-each-ref --format=%(refname)%00%(upstream:short)%00%(objectname)%00%(upstream:track)%00%(upstream:remotename)%00%(upstream:remoteref) refs/heads/32214362_yoonseocho refs/remotes/32214362_yoonseocho [3ms]
2024-09-23 16:58:20.176 [info] > git config --local branch.32214362_yoonseocho.vscode-merge-base [1ms]
2024-09-23 16:58:20.181 [info] > git for-each-ref --format=%(refname)%00%(upstream:short)%00%(objectname)%00%(upstream:track)%00%(upstream:remotename)%00%(upstream:remoteref) refs/heads/origin/master refs/remotes/origin/master [2ms]
2024-09-23 16:58:32.158 [info] > git config --get commit.template [4ms]
2024-09-23 16:58:32.159 [info] > git for-each-ref --format=%(refname)%00%(upstream:short)%00%(objectname)%00%(upstream:track)%00%(upstream:remotename)%00%(upstream:remoteref) refs/heads/32214362_yoonseocho refs/remotes/32214362_yoonseocho [2ms]
2024-09-23 16:58:32.161 [warning] [Git][revParse] Unable to read file: ENOENT: no such file or directory, open '/home/assam_yoonseocho/2024-os-hw1/.git/refs/remotes/origin/master'
2024-09-23 16:58:32.162 [info] > git rev-parse refs/remotes/origin/master [1ms]
2024-09-23 16:58:32.168 [info] > git status -z -uall [3ms]
2024-09-23 16:58:32.174 [info] > git for-each-ref --format=%(refname)%00%(upstream:short)%00%(objectname)%00%(upstream:track)%00%(upstream:remotename)%00%(upstream:remoteref) refs/heads/32214362_yoonseocho refs/remotes/32214362_yoonseocho [2ms]
2024-09-23 16:58:32.178 [info] > git config --local branch.32214362_yoonseocho.vscode-merge-base [1ms]
2024-09-23 16:58:32.182 [info] > git for-each-ref --format=%(refname)%00%(upstream:short)%00%(objectname)%00%(upstream:track)%00%(upstream:remotename)%00%(upstream:remoteref) refs/heads/origin/master refs/remotes/origin/master [1ms]
2024-09-23 16:58:39.807 [info] > git config --get commit.template [4ms]
2024-09-23 16:58:39.808 [info] > git for-each-ref --format=%(refname)%00%(upstream:short)%00%(objectname)%00%(upstream:track)%00%(upstream:remotename)%00%(upstream:remoteref) refs/heads/32214362_yoonseocho refs/remotes/32214362_yoonseocho [2ms]
2024-09-23 16:58:39.810 [warning] [Git][revParse] Unable to read file: ENOENT: no such file or directory, open '/home/assam_yoonseocho/2024-os-hw1/.git/refs/remotes/origin/master'
2024-09-23 16:58:39.812 [info] > git rev-parse refs/remotes/origin/master [2ms]
2024-09-23 16:58:39.816 [info] > git status -z -uall [2ms]
2024-09-23 16:58:39.824 [info] > git for-each-ref --format=%(refname)%00%(upstream:short)%00%(objectname)%00%(upstream:track)%00%(upstream:remotename)%00%(upstream:remoteref) refs/heads/32214362_yoonseocho refs/remotes/32214362_yoonseocho [4ms]
2024-09-23 16:58:39.828 [info] > git config --local branch.32214362_yoonseocho.vscode-merge-base [1ms]
2024-09-23 16:58:39.832 [info] > git for-each-ref --format=%(refname)%00%(upstream:short)%00%(objectname)%00%(upstream:track)%00%(upstream:remotename)%00%(upstream:remoteref) refs/heads/origin/master refs/remotes/origin/master [1ms]
2024-09-23 17:01:28.476 [info] > git show --textconv :sish.c [6ms]
2024-09-23 17:01:28.477 [info] > git ls-files --stage -- /home/assam_yoonseocho/2024-os-hw1/sish.c [2ms]
2024-09-23 17:09:30.009 [info] > git config --get commit.template [3ms]
2024-09-23 17:09:30.010 [info] > git for-each-ref --format=%(refname)%00%(upstream:short)%00%(objectname)%00%(upstream:track)%00%(upstream:remotename)%00%(upstream:remoteref) refs/heads/32214362_yoonseocho refs/remotes/32214362_yoonseocho [2ms]
2024-09-23 17:09:30.012 [warning] [Git][revParse] Unable to read file: ENOENT: no such file or directory, open '/home/assam_yoonseocho/2024-os-hw1/.git/refs/remotes/origin/master'
2024-09-23 17:09:30.014 [info] > git rev-parse refs/remotes/origin/master [1ms]
2024-09-23 17:09:30.019 [info] > git status -z -uall [3ms]
2024-09-23 17:09:30.025 [info] > git for-each-ref --format=%(refname)%00%(upstream:short)%00%(objectname)%00%(upstream:track)%00%(upstream:remotename)%00%(upstream:remoteref) refs/heads/32214362_yoonseocho refs/remotes/32214362_yoonseocho [2ms]
2024-09-23 17:09:30.030 [info] > git config --local branch.32214362_yoonseocho.vscode-merge-base [2ms]
2024-09-23 17:09:30.034 [info] > git for-each-ref --format=%(refname)%00%(upstream:short)%00%(objectname)%00%(upstream:track)%00%(upstream:remotename)%00%(upstream:remoteref) refs/heads/origin/master refs/remotes/origin/master [1ms]
2024-09-23 17:09:35.037 [info] > git config --get commit.template [5ms]
2024-09-23 17:09:35.038 [info] > git for-each-ref --format=%(refname)%00%(upstream:short)%00%(objectname)%00%(upstream:track)%00%(upstream:remotename)%00%(upstream:remoteref) refs/heads/32214362_yoonseocho refs/remotes/32214362_yoonseocho [2ms]
2024-09-23 17:09:35.040 [warning] [Git][revParse] Unable to read file: ENOENT: no such file or directory, open '/home/assam_yoonseocho/2024-os-hw1/.git/refs/remotes/origin/master'
2024-09-23 17:09:35.041 [info] > git rev-parse refs/remotes/origin/master [1ms]
2024-09-23 17:09:35.047 [info] > git status -z -uall [3ms]
2024-09-23 17:09:35.054 [info] > git for-each-ref --format=%(refname)%00%(upstream:short)%00%(objectname)%00%(upstream:track)%00%(upstream:remotename)%00%(upstream:remoteref) refs/heads/32214362_yoonseocho refs/remotes/32214362_yoonseocho [3ms]
2024-09-23 17:09:35.058 [info] > git config --local branch.32214362_yoonseocho.vscode-merge-base [1ms]
2024-09-23 17:09:35.062 [info] > git for-each-ref --format=%(refname)%00%(upstream:short)%00%(objectname)%00%(upstream:track)%00%(upstream:remotename)%00%(upstream:remoteref) refs/heads/origin/master refs/remotes/origin/master [1ms]
2024-09-23 17:09:45.017 [info] > git config --get commit.template [3ms]
2024-09-23 17:09:45.019 [info] > git for-each-ref --format=%(refname)%00%(upstream:short)%00%(objectname)%00%(upstream:track)%00%(upstream:remotename)%00%(upstream:remoteref) refs/heads/32214362_yoonseocho refs/remotes/32214362_yoonseocho [3ms]
2024-09-23 17:09:45.022 [warning] [Git][revParse] Unable to read file: ENOENT: no such file or directory, open '/home/assam_yoonseocho/2024-os-hw1/.git/refs/remotes/origin/master'
2024-09-23 17:09:45.023 [info] > git rev-parse refs/remotes/origin/master [1ms]
2024-09-23 17:09:45.030 [info] > git status -z -uall [4ms]
2024-09-23 17:09:45.037 [info] > git for-each-ref --format=%(refname)%00%(upstream:short)%00%(objectname)%00%(upstream:track)%00%(upstream:remotename)%00%(upstream:remoteref) refs/heads/32214362_yoonseocho refs/remotes/32214362_yoonseocho [3ms]
2024-09-23 17:09:45.041 [info] > git config --local branch.32214362_yoonseocho.vscode-merge-base [1ms]
2024-09-23 17:09:45.045 [info] > git for-each-ref --format=%(refname)%00%(upstream:short)%00%(objectname)%00%(upstream:track)%00%(upstream:remotename)%00%(upstream:remoteref) refs/heads/origin/master refs/remotes/origin/master [1ms]
2024-09-23 17:20:55.546 [info] > git show --textconv :sish2.c [6ms]
2024-09-23 17:20:55.547 [info] > git ls-files --stage -- /home/assam_yoonseocho/2024-os-hw1/sish2.c [2ms]
2024-09-23 17:20:55.793 [info] > git check-ignore -v -z --stdin [2ms]
2024-09-23 17:20:56.391 [info] > git config --get commit.template [5ms]
2024-09-23 17:20:56.393 [info] > git for-each-ref --format=%(refname)%00%(upstream:short)%00%(objectname)%00%(upstream:track)%00%(upstream:remotename)%00%(upstream:remoteref) refs/heads/32214362_yoonseocho refs/remotes/32214362_yoonseocho [3ms]
2024-09-23 17:20:56.396 [warning] [Git][revParse] Unable to read file: ENOENT: no such file or directory, open '/home/assam_yoonseocho/2024-os-hw1/.git/refs/remotes/origin/master'
2024-09-23 17:20:56.397 [info] > git rev-parse refs/remotes/origin/master [1ms]
2024-09-23 17:20:56.404 [info] > git status -z -uall [4ms]
2024-09-23 17:20:56.412 [info] > git for-each-ref --format=%(refname)%00%(upstream:short)%00%(objectname)%00%(upstream:track)%00%(upstream:remotename)%00%(upstream:remoteref) refs/heads/32214362_yoonseocho refs/remotes/32214362_yoonseocho [4ms]
2024-09-23 17:20:56.416 [info] > git config --local branch.32214362_yoonseocho.vscode-merge-base [1ms]
2024-09-23 17:20:56.421 [info] > git for-each-ref --format=%(refname)%00%(upstream:short)%00%(objectname)%00%(upstream:track)%00%(upstream:remotename)%00%(upstream:remoteref) refs/heads/origin/master refs/remotes/origin/master [1ms]
2024-09-23 17:21:01.080 [info] > git show --textconv :sish.c [5ms]
2024-09-23 17:21:01.082 [info] > git ls-files --stage -- /home/assam_yoonseocho/2024-os-hw1/sish.c [2ms]
2024-09-23 17:21:12.849 [info] > git show --textconv :test.c [5ms]
2024-09-23 17:21:12.851 [info] > git ls-files --stage -- /home/assam_yoonseocho/2024-os-hw1/test.c [2ms]
2024-09-23 17:21:13.115 [info] > git check-ignore -v -z --stdin [2ms]
2024-09-23 17:21:13.679 [info] > git config --get commit.template [4ms]
2024-09-23 17:21:13.680 [info] > git for-each-ref --format=%(refname)%00%(upstream:short)%00%(objectname)%00%(upstream:track)%00%(upstream:remotename)%00%(upstream:remoteref) refs/heads/32214362_yoonseocho refs/remotes/32214362_yoonseocho [2ms]
2024-09-23 17:21:13.682 [warning] [Git][revParse] Unable to read file: ENOENT: no such file or directory, open '/home/assam_yoonseocho/2024-os-hw1/.git/refs/remotes/origin/master'
2024-09-23 17:21:13.684 [info] > git rev-parse refs/remotes/origin/master [2ms]
2024-09-23 17:21:13.689 [info] > git status -z -uall [3ms]
2024-09-23 17:21:13.695 [info] > git for-each-ref --format=%(refname)%00%(upstream:short)%00%(objectname)%00%(upstream:track)%00%(upstream:remotename)%00%(upstream:remoteref) refs/heads/32214362_yoonseocho refs/remotes/32214362_yoonseocho [2ms]
2024-09-23 17:21:13.699 [info] > git config --local branch.32214362_yoonseocho.vscode-merge-base [1ms]
2024-09-23 17:21:13.704 [info] > git for-each-ref --format=%(refname)%00%(upstream:short)%00%(objectname)%00%(upstream:track)%00%(upstream:remotename)%00%(upstream:remoteref) refs/heads/origin/master refs/remotes/origin/master [2ms]
2024-09-23 17:21:14.316 [info] > git show --textconv :stat.c [6ms]
2024-09-23 17:21:14.317 [info] > git ls-files --stage -- /home/assam_yoonseocho/2024-os-hw1/stat.c [2ms]
2024-09-23 17:21:14.322 [info] > git cat-file -s e69c6de06ea9aa87c75b34c5b2e7c3f50fe02dd0 [2ms]
2024-09-23 17:21:15.292 [info] > git show --textconv :sish2.c [5ms]
2024-09-23 17:21:15.294 [info] > git ls-files --stage -- /home/assam_yoonseocho/2024-os-hw1/sish2.c [3ms]
2024-09-23 17:21:18.453 [info] > git show --textconv :sish.c [6ms]
2024-09-23 17:21:18.455 [info] > git ls-files --stage -- /home/assam_yoonseocho/2024-os-hw1/sish.c [3ms]
2024-09-23 17:21:19.278 [info] > git config --get commit.template [4ms]
2024-09-23 17:21:19.280 [info] > git for-each-ref --format=%(refname)%00%(upstream:short)%00%(objectname)%00%(upstream:track)%00%(upstream:remotename)%00%(upstream:remoteref) refs/heads/32214362_yoonseocho refs/remotes/32214362_yoonseocho [2ms]
2024-09-23 17:21:19.283 [warning] [Git][revParse] Unable to read file: ENOENT: no such file or directory, open '/home/assam_yoonseocho/2024-os-hw1/.git/refs/remotes/origin/master'
2024-09-23 17:21:19.284 [info] > git rev-parse refs/remotes/origin/master [1ms]
2024-09-23 17:21:19.289 [info] > git status -z -uall [3ms]
2024-09-23 17:21:19.296 [info] > git for-each-ref --format=%(refname)%00%(upstream:short)%00%(objectname)%00%(upstream:track)%00%(upstream:remotename)%00%(upstream:remoteref) refs/heads/32214362_yoonseocho refs/remotes/32214362_yoonseocho [2ms]
2024-09-23 17:21:19.301 [info] > git config --local branch.32214362_yoonseocho.vscode-merge-base [2ms]
2024-09-23 17:21:19.306 [info] > git for-each-ref --format=%(refname)%00%(upstream:short)%00%(objectname)%00%(upstream:track)%00%(upstream:remotename)%00%(upstream:remoteref) refs/heads/origin/master refs/remotes/origin/master [3ms]
2024-09-23 17:23:31.478 [info] > git config --get commit.template [1ms]
2024-09-23 17:23:31.483 [info] > git for-each-ref --format=%(refname)%00%(upstream:short)%00%(objectname)%00%(upstream:track)%00%(upstream:remotename)%00%(upstream:remoteref) refs/heads/32214362_yoonseocho refs/remotes/32214362_yoonseocho [2ms]
2024-09-23 17:23:31.486 [warning] [Git][revParse] Unable to read file: ENOENT: no such file or directory, open '/home/assam_yoonseocho/2024-os-hw1/.git/refs/remotes/origin/master'
2024-09-23 17:23:31.487 [info] > git rev-parse refs/remotes/origin/master [1ms]
2024-09-23 17:23:31.492 [info] > git status -z -uall [3ms]
2024-09-23 17:23:31.500 [info] > git for-each-ref --format=%(refname)%00%(upstream:short)%00%(objectname)%00%(upstream:track)%00%(upstream:remotename)%00%(upstream:remoteref) refs/heads/32214362_yoonseocho refs/remotes/32214362_yoonseocho [4ms]
2024-09-23 17:23:31.506 [info] > git config --local branch.32214362_yoonseocho.vscode-merge-base [2ms]
2024-09-23 17:23:31.510 [info] > git for-each-ref --format=%(refname)%00%(upstream:short)%00%(objectname)%00%(upstream:track)%00%(upstream:remotename)%00%(upstream:remoteref) refs/heads/origin/master refs/remotes/origin/master [2ms]
2024-09-23 17:34:19.756 [info] > git config --get commit.template [4ms]
2024-09-23 17:34:19.757 [info] > git for-each-ref --format=%(refname)%00%(upstream:short)%00%(objectname)%00%(upstream:track)%00%(upstream:remotename)%00%(upstream:remoteref) refs/heads/32214362_yoonseocho refs/remotes/32214362_yoonseocho [2ms]
2024-09-23 17:34:19.760 [warning] [Git][revParse] Unable to read file: ENOENT: no such file or directory, open '/home/assam_yoonseocho/2024-os-hw1/.git/refs/remotes/origin/master'
2024-09-23 17:34:19.762 [info] > git rev-parse refs/remotes/origin/master [2ms]
2024-09-23 17:34:19.767 [info] > git status -z -uall [3ms]
2024-09-23 17:34:19.773 [info] > git for-each-ref --format=%(refname)%00%(upstream:short)%00%(objectname)%00%(upstream:track)%00%(upstream:remotename)%00%(upstream:remoteref) refs/heads/32214362_yoonseocho refs/remotes/32214362_yoonseocho [2ms]
2024-09-23 17:34:19.778 [info] > git config --local branch.32214362_yoonseocho.vscode-merge-base [1ms]
2024-09-23 17:34:19.782 [info] > git for-each-ref --format=%(refname)%00%(upstream:short)%00%(objectname)%00%(upstream:track)%00%(upstream:remotename)%00%(upstream:remoteref) refs/heads/origin/master refs/remotes/origin/master [1ms]
2024-09-23 17:34:24.785 [info] > git config --get commit.template [4ms]
2024-09-23 17:34:24.786 [info] > git for-each-ref --format=%(refname)%00%(upstream:short)%00%(objectname)%00%(upstream:track)%00%(upstream:remotename)%00%(upstream:remoteref) refs/heads/32214362_yoonseocho refs/remotes/32214362_yoonseocho [2ms]
2024-09-23 17:34:24.789 [warning] [Git][revParse] Unable to read file: ENOENT: no such file or directory, open '/home/assam_yoonseocho/2024-os-hw1/.git/refs/remotes/origin/master'
2024-09-23 17:34:24.790 [info] > git rev-parse refs/remotes/origin/master [1ms]
2024-09-23 17:34:24.794 [info] > git status -z -uall [2ms]
2024-09-23 17:34:24.802 [info] > git for-each-ref --format=%(refname)%00%(upstream:short)%00%(objectname)%00%(upstream:track)%00%(upstream:remotename)%00%(upstream:remoteref) refs/heads/32214362_yoonseocho refs/remotes/32214362_yoonseocho [4ms]
2024-09-23 17:34:24.806 [info] > git config --local branch.32214362_yoonseocho.vscode-merge-base [1ms]
2024-09-23 17:34:24.811 [info] > git for-each-ref --format=%(refname)%00%(upstream:short)%00%(objectname)%00%(upstream:track)%00%(upstream:remotename)%00%(upstream:remoteref) refs/heads/origin/master refs/remotes/origin/master [2ms]
2024-09-23 17:34:46.577 [info] > git config --get commit.template [2ms]
2024-09-23 17:34:46.581 [info] > git for-each-ref --format=%(refname)%00%(upstream:short)%00%(objectname)%00%(upstream:track)%00%(upstream:remotename)%00%(upstream:remoteref) refs/heads/32214362_yoonseocho refs/remotes/32214362_yoonseocho [2ms]
2024-09-23 17:34:46.583 [warning] [Git][revParse] Unable to read file: ENOENT: no such file or directory, open '/home/assam_yoonseocho/2024-os-hw1/.git/refs/remotes/origin/master'
2024-09-23 17:34:46.584 [info] > git rev-parse refs/remotes/origin/master [1ms]
2024-09-23 17:34:46.589 [info] > git status -z -uall [3ms]
2024-09-23 17:34:46.595 [info] > git for-each-ref --format=%(refname)%00%(upstream:short)%00%(objectname)%00%(upstream:track)%00%(upstream:remotename)%00%(upstream:remoteref) refs/heads/32214362_yoonseocho refs/remotes/32214362_yoonseocho [2ms]
2024-09-23 17:34:46.599 [info] > git config --local branch.32214362_yoonseocho.vscode-merge-base [1ms]
2024-09-23 17:34:46.603 [info] > git for-each-ref --format=%(refname)%00%(upstream:short)%00%(objectname)%00%(upstream:track)%00%(upstream:remotename)%00%(upstream:remoteref) refs/heads/origin/master refs/remotes/origin/master [1ms]
2024-09-23 17:35:14.824 [info] > git config --get commit.template [5ms]
2024-09-23 17:35:14.827 [info] > git for-each-ref --format=%(refname)%00%(upstream:short)%00%(objectname)%00%(upstream:track)%00%(upstream:remotename)%00%(upstream:remoteref) refs/heads/32214362_yoonseocho refs/remotes/32214362_yoonseocho [4ms]
2024-09-23 17:35:14.830 [warning] [Git][revParse] Unable to read file: ENOENT: no such file or directory, open '/home/assam_yoonseocho/2024-os-hw1/.git/refs/remotes/origin/master'
2024-09-23 17:35:14.831 [info] > git rev-parse refs/remotes/origin/master [1ms]
2024-09-23 17:35:14.837 [info] > git status -z -uall [3ms]
2024-09-23 17:35:14.845 [info] > git for-each-ref --format=%(refname)%00%(upstream:short)%00%(objectname)%00%(upstream:track)%00%(upstream:remotename)%00%(upstream:remoteref) refs/heads/32214362_yoonseocho refs/remotes/32214362_yoonseocho [3ms]
2024-09-23 17:35:14.850 [info] > git config --local branch.32214362_yoonseocho.vscode-merge-base [2ms]
2024-09-23 17:35:14.856 [info] > git for-each-ref --format=%(refname)%00%(upstream:short)%00%(objectname)%00%(upstream:track)%00%(upstream:remotename)%00%(upstream:remoteref) refs/heads/origin/master refs/remotes/origin/master [3ms]
2024-09-23 17:36:09.891 [info] > git config --get commit.template [4ms]
2024-09-23 17:36:09.892 [info] > git for-each-ref --format=%(refname)%00%(upstream:short)%00%(objectname)%00%(upstream:track)%00%(upstream:remotename)%00%(upstream:remoteref) refs/heads/32214362_yoonseocho refs/remotes/32214362_yoonseocho [2ms]
2024-09-23 17:36:09.895 [warning] [Git][revParse] Unable to read file: ENOENT: no such file or directory, open '/home/assam_yoonseocho/2024-os-hw1/.git/refs/remotes/origin/master'
2024-09-23 17:36:09.897 [info] > git rev-parse refs/remotes/origin/master [2ms]
2024-09-23 17:36:09.904 [info] > git status -z -uall [4ms]
2024-09-23 17:36:09.911 [info] > git for-each-ref --format=%(refname)%00%(upstream:short)%00%(objectname)%00%(upstream:track)%00%(upstream:remotename)%00%(upstream:remoteref) refs/heads/32214362_yoonseocho refs/remotes/32214362_yoonseocho [3ms]
2024-09-23 17:36:09.915 [info] > git config --local branch.32214362_yoonseocho.vscode-merge-base [1ms]
2024-09-23 17:36:09.919 [info] > git for-each-ref --format=%(refname)%00%(upstream:short)%00%(objectname)%00%(upstream:track)%00%(upstream:remotename)%00%(upstream:remoteref) refs/heads/origin/master refs/remotes/origin/master [1ms]
2024-09-23 17:36:14.924 [info] > git config --get commit.template [6ms]
2024-09-23 17:36:14.926 [info] > git for-each-ref --format=%(refname)%00%(upstream:short)%00%(objectname)%00%(upstream:track)%00%(upstream:remotename)%00%(upstream:remoteref) refs/heads/32214362_yoonseocho refs/remotes/32214362_yoonseocho [3ms]
2024-09-23 17:36:14.929 [warning] [Git][revParse] Unable to read file: ENOENT: no such file or directory, open '/home/assam_yoonseocho/2024-os-hw1/.git/refs/remotes/origin/master'
2024-09-23 17:36:14.931 [info] > git rev-parse refs/remotes/origin/master [2ms]
2024-09-23 17:36:14.937 [info] > git status -z -uall [3ms]
2024-09-23 17:36:14.943 [info] > git for-each-ref --format=%(refname)%00%(upstream:short)%00%(objectname)%00%(upstream:track)%00%(upstream:remotename)%00%(upstream:remoteref) refs/heads/32214362_yoonseocho refs/remotes/32214362_yoonseocho [2ms]
2024-09-23 17:36:14.948 [info] > git config --local branch.32214362_yoonseocho.vscode-merge-base [1ms]
2024-09-23 17:36:14.952 [info] > git for-each-ref --format=%(refname)%00%(upstream:short)%00%(objectname)%00%(upstream:track)%00%(upstream:remotename)%00%(upstream:remoteref) refs/heads/origin/master refs/remotes/origin/master [1ms]
2024-09-23 17:36:21.955 [info] > git config --get commit.template [5ms]
2024-09-23 17:36:21.958 [info] > git for-each-ref --format=%(refname)%00%(upstream:short)%00%(objectname)%00%(upstream:track)%00%(upstream:remotename)%00%(upstream:remoteref) refs/heads/32214362_yoonseocho refs/remotes/32214362_yoonseocho [3ms]
2024-09-23 17:36:21.962 [warning] [Git][revParse] Unable to read file: ENOENT: no such file or directory, open '/home/assam_yoonseocho/2024-os-hw1/.git/refs/remotes/origin/master'
2024-09-23 17:36:21.963 [info] > git rev-parse refs/remotes/origin/master [2ms]
2024-09-23 17:36:21.969 [info] > git status -z -uall [3ms]
2024-09-23 17:36:21.977 [info] > git for-each-ref --format=%(refname)%00%(upstream:short)%00%(objectname)%00%(upstream:track)%00%(upstream:remotename)%00%(upstream:remoteref) refs/heads/32214362_yoonseocho refs/remotes/32214362_yoonseocho [4ms]
2024-09-23 17:36:21.981 [info] > git config --local branch.32214362_yoonseocho.vscode-merge-base [1ms]
2024-09-23 17:36:21.985 [info] > git for-each-ref --format=%(refname)%00%(upstream:short)%00%(objectname)%00%(upstream:track)%00%(upstream:remotename)%00%(upstream:remoteref) refs/heads/origin/master refs/remotes/origin/master [1ms]
2024-09-23 17:36:35.946 [info] > git config --get commit.template [5ms]
2024-09-23 17:36:35.947 [info] > git for-each-ref --format=%(refname)%00%(upstream:short)%00%(objectname)%00%(upstream:track)%00%(upstream:remotename)%00%(upstream:remoteref) refs/heads/32214362_yoonseocho refs/remotes/32214362_yoonseocho [2ms]
2024-09-23 17:36:35.950 [warning] [Git][revParse] Unable to read file: ENOENT: no such file or directory, open '/home/assam_yoonseocho/2024-os-hw1/.git/refs/remotes/origin/master'
2024-09-23 17:36:35.951 [info] > git rev-parse refs/remotes/origin/master [1ms]
2024-09-23 17:36:35.956 [info] > git status -z -uall [2ms]
2024-09-23 17:36:35.963 [info] > git for-each-ref --format=%(refname)%00%(upstream:short)%00%(objectname)%00%(upstream:track)%00%(upstream:remotename)%00%(upstream:remoteref) refs/heads/32214362_yoonseocho refs/remotes/32214362_yoonseocho [3ms]
2024-09-23 17:36:35.967 [info] > git config --local branch.32214362_yoonseocho.vscode-merge-base [1ms]
2024-09-23 17:36:35.971 [info] > git for-each-ref --format=%(refname)%00%(upstream:short)%00%(objectname)%00%(upstream:track)%00%(upstream:remotename)%00%(upstream:remoteref) refs/heads/origin/master refs/remotes/origin/master [1ms]
2024-09-23 17:36:59.337 [info] > git config --get commit.template [5ms]
2024-09-23 17:36:59.340 [info] > git for-each-ref --format=%(refname)%00%(upstream:short)%00%(objectname)%00%(upstream:track)%00%(upstream:remotename)%00%(upstream:remoteref) refs/heads/32214362_yoonseocho refs/remotes/32214362_yoonseocho [3ms]
2024-09-23 17:36:59.344 [warning] [Git][revParse] Unable to read file: ENOENT: no such file or directory, open '/home/assam_yoonseocho/2024-os-hw1/.git/refs/remotes/origin/master'
2024-09-23 17:36:59.345 [info] > git rev-parse refs/remotes/origin/master [1ms]
2024-09-23 17:36:59.353 [info] > git status -z -uall [4ms]
2024-09-23 17:36:59.358 [info] > git for-each-ref --format=%(refname)%00%(upstream:short)%00%(objectname)%00%(upstream:track)%00%(upstream:remotename)%00%(upstream:remoteref) refs/heads/32214362_yoonseocho refs/remotes/32214362_yoonseocho [2ms]
2024-09-23 17:36:59.363 [info] > git config --local branch.32214362_yoonseocho.vscode-merge-base [1ms]
2024-09-23 17:36:59.367 [info] > git for-each-ref --format=%(refname)%00%(upstream:short)%00%(objectname)%00%(upstream:track)%00%(upstream:remotename)%00%(upstream:remoteref) refs/heads/origin/master refs/remotes/origin/master [1ms]
2024-09-23 17:37:04.370 [info] > git config --get commit.template [4ms]
2024-09-23 17:37:04.371 [info] > git for-each-ref --format=%(refname)%00%(upstream:short)%00%(objectname)%00%(upstream:track)%00%(upstream:remotename)%00%(upstream:remoteref) refs/heads/32214362_yoonseocho refs/remotes/32214362_yoonseocho [2ms]
2024-09-23 17:37:04.373 [warning] [Git][revParse] Unable to read file: ENOENT: no such file or directory, open '/home/assam_yoonseocho/2024-os-hw1/.git/refs/remotes/origin/master'
2024-09-23 17:37:04.375 [info] > git rev-parse refs/remotes/origin/master [2ms]
2024-09-23 17:37:04.380 [info] > git status -z -uall [3ms]
2024-09-23 17:37:04.386 [info] > git for-each-ref --format=%(refname)%00%(upstream:short)%00%(objectname)%00%(upstream:track)%00%(upstream:remotename)%00%(upstream:remoteref) refs/heads/32214362_yoonseocho refs/remotes/32214362_yoonseocho [3ms]
2024-09-23 17:37:04.390 [info] > git config --local branch.32214362_yoonseocho.vscode-merge-base [1ms]
2024-09-23 17:37:04.396 [info] > git for-each-ref --format=%(refname)%00%(upstream:short)%00%(objectname)%00%(upstream:track)%00%(upstream:remotename)%00%(upstream:remoteref) refs/heads/origin/master refs/remotes/origin/master [1ms]
2024-09-23 17:37:19.981 [info] > git config --get commit.template [5ms]
2024-09-23 17:37:19.983 [info] > git for-each-ref --format=%(refname)%00%(upstream:short)%00%(objectname)%00%(upstream:track)%00%(upstream:remotename)%00%(upstream:remoteref) refs/heads/32214362_yoonseocho refs/remotes/32214362_yoonseocho [2ms]
2024-09-23 17:37:19.986 [warning] [Git][revParse] Unable to read file: ENOENT: no such file or directory, open '/home/assam_yoonseocho/2024-os-hw1/.git/refs/remotes/origin/master'
2024-09-23 17:37:19.988 [info] > git rev-parse refs/remotes/origin/master [2ms]
2024-09-23 17:37:19.995 [info] > git status -z -uall [3ms]
2024-09-23 17:37:20.003 [info] > git for-each-ref --format=%(refname)%00%(upstream:short)%00%(objectname)%00%(upstream:track)%00%(upstream:remotename)%00%(upstream:remoteref) refs/heads/32214362_yoonseocho refs/remotes/32214362_yoonseocho [3ms]
2024-09-23 17:37:20.007 [info] > git config --local branch.32214362_yoonseocho.vscode-merge-base [1ms]
2024-09-23 17:37:20.011 [info] > git for-each-ref --format=%(refname)%00%(upstream:short)%00%(objectname)%00%(upstream:track)%00%(upstream:remotename)%00%(upstream:remoteref) refs/heads/origin/master refs/remotes/origin/master [1ms]
2024-09-23 17:37:25.167 [info] > git config --get commit.template [5ms]
2024-09-23 17:37:25.170 [info] > git for-each-ref --format=%(refname)%00%(upstream:short)%00%(objectname)%00%(upstream:track)%00%(upstream:remotename)%00%(upstream:remoteref) refs/heads/32214362_yoonseocho refs/remotes/32214362_yoonseocho [3ms]
2024-09-23 17:37:25.173 [warning] [Git][revParse] Unable to read file: ENOENT: no such file or directory, open '/home/assam_yoonseocho/2024-os-hw1/.git/refs/remotes/origin/master'
2024-09-23 17:37:25.175 [info] > git rev-parse refs/remotes/origin/master [2ms]
2024-09-23 17:37:25.182 [info] > git status -z -uall [3ms]
2024-09-23 17:37:25.188 [info] > git for-each-ref --format=%(refname)%00%(upstream:short)%00%(objectname)%00%(upstream:track)%00%(upstream:remotename)%00%(upstream:remoteref) refs/heads/32214362_yoonseocho refs/remotes/32214362_yoonseocho [2ms]
2024-09-23 17:37:25.192 [info] > git config --local branch.32214362_yoonseocho.vscode-merge-base [1ms]
2024-09-23 17:37:25.195 [info] > git for-each-ref --format=%(refname)%00%(upstream:short)%00%(objectname)%00%(upstream:track)%00%(upstream:remotename)%00%(upstream:remoteref) refs/heads/origin/master refs/remotes/origin/master [1ms]
2024-09-23 17:38:22.655 [info] > git config --get commit.template [5ms]
2024-09-23 17:38:22.655 [info] > git for-each-ref --format=%(refname)%00%(upstream:short)%00%(objectname)%00%(upstream:track)%00%(upstream:remotename)%00%(upstream:remoteref) refs/heads/32214362_yoonseocho refs/remotes/32214362_yoonseocho [1ms]
2024-09-23 17:38:22.658 [warning] [Git][revParse] Unable to read file: ENOENT: no such file or directory, open '/home/assam_yoonseocho/2024-os-hw1/.git/refs/remotes/origin/master'
2024-09-23 17:38:22.659 [info] > git rev-parse refs/remotes/origin/master [1ms]
2024-09-23 17:38:22.664 [info] > git status -z -uall [3ms]
2024-09-23 17:38:22.671 [info] > git for-each-ref --format=%(refname)%00%(upstream:short)%00%(objectname)%00%(upstream:track)%00%(upstream:remotename)%00%(upstream:remoteref) refs/heads/32214362_yoonseocho refs/remotes/32214362_yoonseocho [2ms]
2024-09-23 17:38:22.675 [info] > git config --local branch.32214362_yoonseocho.vscode-merge-base [1ms]
2024-09-23 17:38:22.679 [info] > git for-each-ref --format=%(refname)%00%(upstream:short)%00%(objectname)%00%(upstream:track)%00%(upstream:remotename)%00%(upstream:remoteref) refs/heads/origin/master refs/remotes/origin/master [1ms]
2024-09-23 17:38:31.576 [info] > git config --get commit.template [5ms]
2024-09-23 17:38:31.579 [info] > git for-each-ref --format=%(refname)%00%(upstream:short)%00%(objectname)%00%(upstream:track)%00%(upstream:remotename)%00%(upstream:remoteref) refs/heads/32214362_yoonseocho refs/remotes/32214362_yoonseocho [4ms]
2024-09-23 17:38:31.582 [warning] [Git][revParse] Unable to read file: ENOENT: no such file or directory, open '/home/assam_yoonseocho/2024-os-hw1/.git/refs/remotes/origin/master'
2024-09-23 17:38:31.584 [info] > git rev-parse refs/remotes/origin/master [2ms]
2024-09-23 17:38:31.591 [info] > git status -z -uall [4ms]
2024-09-23 17:38:31.599 [info] > git for-each-ref --format=%(refname)%00%(upstream:short)%00%(objectname)%00%(upstream:track)%00%(upstream:remotename)%00%(upstream:remoteref) refs/heads/32214362_yoonseocho refs/remotes/32214362_yoonseocho [3ms]
2024-09-23 17:38:31.603 [info] > git config --local branch.32214362_yoonseocho.vscode-merge-base [1ms]
2024-09-23 17:38:31.607 [info] > git for-each-ref --format=%(refname)%00%(upstream:short)%00%(objectname)%00%(upstream:track)%00%(upstream:remotename)%00%(upstream:remoteref) refs/heads/origin/master refs/remotes/origin/master [1ms]
2024-09-23 17:38:37.317 [info] > git config --get commit.template [5ms]
2024-09-23 17:38:37.318 [info] > git for-each-ref --format=%(refname)%00%(upstream:short)%00%(objectname)%00%(upstream:track)%00%(upstream:remotename)%00%(upstream:remoteref) refs/heads/32214362_yoonseocho refs/remotes/32214362_yoonseocho [2ms]
2024-09-23 17:38:37.321 [warning] [Git][revParse] Unable to read file: ENOENT: no such file or directory, open '/home/assam_yoonseocho/2024-os-hw1/.git/refs/remotes/origin/master'
2024-09-23 17:38:37.322 [info] > git rev-parse refs/remotes/origin/master [1ms]
2024-09-23 17:38:37.327 [info] > git status -z -uall [2ms]
2024-09-23 17:38:37.335 [info] > git for-each-ref --format=%(refname)%00%(upstream:short)%00%(objectname)%00%(upstream:track)%00%(upstream:remotename)%00%(upstream:remoteref) refs/heads/32214362_yoonseocho refs/remotes/32214362_yoonseocho [4ms]
2024-09-23 17:38:37.339 [info] > git config --local branch.32214362_yoonseocho.vscode-merge-base [1ms]
2024-09-23 17:38:37.344 [info] > git for-each-ref --format=%(refname)%00%(upstream:short)%00%(objectname)%00%(upstream:track)%00%(upstream:remotename)%00%(upstream:remoteref) refs/heads/origin/master refs/remotes/origin/master [2ms]
2024-09-23 17:40:26.767 [info] > git config --get commit.template [3ms]
2024-09-23 17:40:26.774 [info] > git for-each-ref --format=%(refname)%00%(upstream:short)%00%(objectname)%00%(upstream:track)%00%(upstream:remotename)%00%(upstream:remoteref) refs/heads/32214362_yoonseocho refs/remotes/32214362_yoonseocho [3ms]
2024-09-23 17:40:26.776 [warning] [Git][revParse] Unable to read file: ENOENT: no such file or directory, open '/home/assam_yoonseocho/2024-os-hw1/.git/refs/remotes/origin/master'
2024-09-23 17:40:26.777 [info] > git rev-parse refs/remotes/origin/master [1ms]
2024-09-23 17:40:26.784 [info] > git status -z -uall [4ms]
2024-09-23 17:40:26.790 [info] > git for-each-ref --format=%(refname)%00%(upstream:short)%00%(objectname)%00%(upstream:track)%00%(upstream:remotename)%00%(upstream:remoteref) refs/heads/32214362_yoonseocho refs/remotes/32214362_yoonseocho [2ms]
2024-09-23 17:40:26.795 [info] > git config --local branch.32214362_yoonseocho.vscode-merge-base [1ms]
2024-09-23 17:40:26.799 [info] > git for-each-ref --format=%(refname)%00%(upstream:short)%00%(objectname)%00%(upstream:track)%00%(upstream:remotename)%00%(upstream:remoteref) refs/heads/origin/master refs/remotes/origin/master [2ms]
2024-09-23 17:42:32.189 [info] > git config --get commit.template [6ms]
2024-09-23 17:42:32.192 [info] > git for-each-ref --format=%(refname)%00%(upstream:short)%00%(objectname)%00%(upstream:track)%00%(upstream:remotename)%00%(upstream:remoteref) refs/heads/32214362_yoonseocho refs/remotes/32214362_yoonseocho [3ms]
2024-09-23 17:42:32.195 [warning] [Git][revParse] Unable to read file: ENOENT: no such file or directory, open '/home/assam_yoonseocho/2024-os-hw1/.git/refs/remotes/origin/master'
2024-09-23 17:42:32.197 [info] > git rev-parse refs/remotes/origin/master [2ms]
2024-09-23 17:42:32.203 [info] > git status -z -uall [3ms]
2024-09-23 17:42:32.211 [info] > git for-each-ref --format=%(refname)%00%(upstream:short)%00%(objectname)%00%(upstream:track)%00%(upstream:remotename)%00%(upstream:remoteref) refs/heads/32214362_yoonseocho refs/remotes/32214362_yoonseocho [3ms]
2024-09-23 17:42:32.216 [info] > git config --local branch.32214362_yoonseocho.vscode-merge-base [1ms]
2024-09-23 17:42:32.221 [info] > git for-each-ref --format=%(refname)%00%(upstream:short)%00%(objectname)%00%(upstream:track)%00%(upstream:remotename)%00%(upstream:remoteref) refs/heads/origin/master refs/remotes/origin/master [1ms]
2024-09-23 17:42:37.222 [info] > git config --get commit.template [4ms]
2024-09-23 17:42:37.224 [info] > git for-each-ref --format=%(refname)%00%(upstream:short)%00%(objectname)%00%(upstream:track)%00%(upstream:remotename)%00%(upstream:remoteref) refs/heads/32214362_yoonseocho refs/remotes/32214362_yoonseocho [2ms]
2024-09-23 17:42:37.226 [warning] [Git][revParse] Unable to read file: ENOENT: no such file or directory, open '/home/assam_yoonseocho/2024-os-hw1/.git/refs/remotes/origin/master'
2024-09-23 17:42:37.227 [info] > git rev-parse refs/remotes/origin/master [1ms]
2024-09-23 17:42:37.233 [info] > git status -z -uall [3ms]
2024-09-23 17:42:37.240 [info] > git for-each-ref --format=%(refname)%00%(upstream:short)%00%(objectname)%00%(upstream:track)%00%(upstream:remotename)%00%(upstream:remoteref) refs/heads/32214362_yoonseocho refs/remotes/32214362_yoonseocho [3ms]
2024-09-23 17:42:37.244 [info] > git config --local branch.32214362_yoonseocho.vscode-merge-base [1ms]
2024-09-23 17:42:37.249 [info] > git for-each-ref --format=%(refname)%00%(upstream:short)%00%(objectname)%00%(upstream:track)%00%(upstream:remotename)%00%(upstream:remoteref) refs/heads/origin/master refs/remotes/origin/master [1ms]
2024-09-23 17:43:05.817 [info] > git show --textconv :test.c [5ms]
2024-09-23 17:43:05.820 [info] > git ls-files --stage -- /home/assam_yoonseocho/2024-os-hw1/test.c [2ms]
2024-09-23 17:46:02.261 [info] > git show --textconv :stat.c [6ms]
2024-09-23 17:46:02.263 [info] > git ls-files --stage -- /home/assam_yoonseocho/2024-os-hw1/stat.c [3ms]
2024-09-23 17:46:02.267 [info] > git cat-file -s e69c6de06ea9aa87c75b34c5b2e7c3f50fe02dd0 [2ms]
2024-09-23 17:46:03.364 [info] > git show --textconv :test.c [7ms]
2024-09-23 17:46:03.365 [info] > git ls-files --stage -- /home/assam_yoonseocho/2024-os-hw1/test.c [2ms]
2024-09-23 17:47:05.259 [info] > git show --textconv :sish.c [5ms]
2024-09-23 17:47:05.262 [info] > git ls-files --stage -- /home/assam_yoonseocho/2024-os-hw1/sish.c [2ms]
2024-09-23 17:48:41.370 [info] > git config --get commit.template [4ms]
2024-09-23 17:48:41.370 [info] > git for-each-ref --format=%(refname)%00%(upstream:short)%00%(objectname)%00%(upstream:track)%00%(upstream:remotename)%00%(upstream:remoteref) refs/heads/32214362_yoonseocho refs/remotes/32214362_yoonseocho [2ms]
2024-09-23 17:48:41.372 [warning] [Git][revParse] Unable to read file: ENOENT: no such file or directory, open '/home/assam_yoonseocho/2024-os-hw1/.git/refs/remotes/origin/master'
2024-09-23 17:48:41.374 [info] > git rev-parse refs/remotes/origin/master [2ms]
2024-09-23 17:48:41.380 [info] > git status -z -uall [4ms]
2024-09-23 17:48:41.386 [info] > git for-each-ref --format=%(refname)%00%(upstream:short)%00%(objectname)%00%(upstream:track)%00%(upstream:remotename)%00%(upstream:remoteref) refs/heads/32214362_yoonseocho refs/remotes/32214362_yoonseocho [3ms]
2024-09-23 17:48:41.390 [info] > git config --local branch.32214362_yoonseocho.vscode-merge-base [1ms]
2024-09-23 17:48:41.395 [info] > git for-each-ref --format=%(refname)%00%(upstream:short)%00%(objectname)%00%(upstream:track)%00%(upstream:remotename)%00%(upstream:remoteref) refs/heads/origin/master refs/remotes/origin/master [2ms]
2024-09-23 17:48:48.655 [info] > git config --get commit.template [5ms]
2024-09-23 17:48:48.658 [info] > git for-each-ref --format=%(refname)%00%(upstream:short)%00%(objectname)%00%(upstream:track)%00%(upstream:remotename)%00%(upstream:remoteref) refs/heads/32214362_yoonseocho refs/remotes/32214362_yoonseocho [3ms]
2024-09-23 17:48:48.662 [warning] [Git][revParse] Unable to read file: ENOENT: no such file or directory, open '/home/assam_yoonseocho/2024-os-hw1/.git/refs/remotes/origin/master'
2024-09-23 17:48:48.663 [info] > git rev-parse refs/remotes/origin/master [2ms]
2024-09-23 17:48:48.669 [info] > git status -z -uall [2ms]
2024-09-23 17:48:48.677 [info] > git for-each-ref --format=%(refname)%00%(upstream:short)%00%(objectname)%00%(upstream:track)%00%(upstream:remotename)%00%(upstream:remoteref) refs/heads/32214362_yoonseocho refs/remotes/32214362_yoonseocho [3ms]
2024-09-23 17:48:48.681 [info] > git config --local branch.32214362_yoonseocho.vscode-merge-base [1ms]
2024-09-23 17:48:48.685 [info] > git for-each-ref --format=%(refname)%00%(upstream:short)%00%(objectname)%00%(upstream:track)%00%(upstream:remotename)%00%(upstream:remoteref) refs/heads/origin/master refs/remotes/origin/master [1ms]
2024-09-23 17:48:54.398 [info] > git config --get commit.template [4ms]
2024-09-23 17:48:54.399 [info] > git for-each-ref --format=%(refname)%00%(upstream:short)%00%(objectname)%00%(upstream:track)%00%(upstream:remotename)%00%(upstream:remoteref) refs/heads/32214362_yoonseocho refs/remotes/32214362_yoonseocho [2ms]
2024-09-23 17:48:54.401 [warning] [Git][revParse] Unable to read file: ENOENT: no such file or directory, open '/home/assam_yoonseocho/2024-os-hw1/.git/refs/remotes/origin/master'
2024-09-23 17:48:54.402 [info] > git rev-parse refs/remotes/origin/master [1ms]
2024-09-23 17:48:54.407 [info] > git status -z -uall [3ms]
2024-09-23 17:48:54.413 [info] > git for-each-ref --format=%(refname)%00%(upstream:short)%00%(objectname)%00%(upstream:track)%00%(upstream:remotename)%00%(upstream:remoteref) refs/heads/32214362_yoonseocho refs/remotes/32214362_yoonseocho [2ms]
2024-09-23 17:48:54.417 [info] > git config --local branch.32214362_yoonseocho.vscode-merge-base [1ms]
2024-09-23 17:48:54.422 [info] > git for-each-ref --format=%(refname)%00%(upstream:short)%00%(objectname)%00%(upstream:track)%00%(upstream:remotename)%00%(upstream:remoteref) refs/heads/origin/master refs/remotes/origin/master [2ms]
2024-09-23 17:49:56.335 [info] > git config --get commit.template [4ms]
2024-09-23 17:49:56.336 [info] > git for-each-ref --format=%(refname)%00%(upstream:short)%00%(objectname)%00%(upstream:track)%00%(upstream:remotename)%00%(upstream:remoteref) refs/heads/32214362_yoonseocho refs/remotes/32214362_yoonseocho [2ms]
2024-09-23 17:49:56.339 [warning] [Git][revParse] Unable to read file: ENOENT: no such file or directory, open '/home/assam_yoonseocho/2024-os-hw1/.git/refs/remotes/origin/master'
2024-09-23 17:49:56.340 [info] > git rev-parse refs/remotes/origin/master [1ms]
2024-09-23 17:49:56.344 [info] > git status -z -uall [2ms]
2024-09-23 17:49:56.351 [info] > git for-each-ref --format=%(refname)%00%(upstream:short)%00%(objectname)%00%(upstream:track)%00%(upstream:remotename)%00%(upstream:remoteref) refs/heads/32214362_yoonseocho refs/remotes/32214362_yoonseocho [3ms]
2024-09-23 17:49:56.355 [info] > git config --local branch.32214362_yoonseocho.vscode-merge-base [1ms]
2024-09-23 17:49:56.360 [info] > git for-each-ref --format=%(refname)%00%(upstream:short)%00%(objectname)%00%(upstream:track)%00%(upstream:remotename)%00%(upstream:remoteref) refs/heads/origin/master refs/remotes/origin/master [2ms]
2024-09-23 17:50:19.085 [info] > git config --get commit.template [4ms]
2024-09-23 17:50:19.088 [info] > git for-each-ref --format=%(refname)%00%(upstream:short)%00%(objectname)%00%(upstream:track)%00%(upstream:remotename)%00%(upstream:remoteref) refs/heads/32214362_yoonseocho refs/remotes/32214362_yoonseocho [4ms]
2024-09-23 17:50:19.091 [warning] [Git][revParse] Unable to read file: ENOENT: no such file or directory, open '/home/assam_yoonseocho/2024-os-hw1/.git/refs/remotes/origin/master'
2024-09-23 17:50:19.093 [info] > git rev-parse refs/remotes/origin/master [2ms]
2024-09-23 17:50:19.100 [info] > git status -z -uall [4ms]
2024-09-23 17:50:19.107 [info] > git for-each-ref --format=%(refname)%00%(upstream:short)%00%(objectname)%00%(upstream:track)%00%(upstream:remotename)%00%(upstream:remoteref) refs/heads/32214362_yoonseocho refs/remotes/32214362_yoonseocho [3ms]
2024-09-23 17:50:19.111 [info] > git config --local branch.32214362_yoonseocho.vscode-merge-base [1ms]
2024-09-23 17:50:19.115 [info] > git for-each-ref --format=%(refname)%00%(upstream:short)%00%(objectname)%00%(upstream:track)%00%(upstream:remotename)%00%(upstream:remoteref) refs/heads/origin/master refs/remotes/origin/master [1ms]
2024-09-23 17:50:24.116 [info] > git config --get commit.template [4ms]
2024-09-23 17:50:24.118 [info] > git for-each-ref --format=%(refname)%00%(upstream:short)%00%(objectname)%00%(upstream:track)%00%(upstream:remotename)%00%(upstream:remoteref) refs/heads/32214362_yoonseocho refs/remotes/32214362_yoonseocho [2ms]
2024-09-23 17:50:24.120 [warning] [Git][revParse] Unable to read file: ENOENT: no such file or directory, open '/home/assam_yoonseocho/2024-os-hw1/.git/refs/remotes/origin/master'
2024-09-23 17:50:24.121 [info] > git rev-parse refs/remotes/origin/master [1ms]
2024-09-23 17:50:24.127 [info] > git status -z -uall [3ms]
2024-09-23 17:50:24.133 [info] > git for-each-ref --format=%(refname)%00%(upstream:short)%00%(objectname)%00%(upstream:track)%00%(upstream:remotename)%00%(upstream:remoteref) refs/heads/32214362_yoonseocho refs/remotes/32214362_yoonseocho [2ms]
2024-09-23 17:50:24.136 [info] > git config --local branch.32214362_yoonseocho.vscode-merge-base [1ms]
2024-09-23 17:50:24.141 [info] > git for-each-ref --format=%(refname)%00%(upstream:short)%00%(objectname)%00%(upstream:track)%00%(upstream:remotename)%00%(upstream:remoteref) refs/heads/origin/master refs/remotes/origin/master [2ms]
2024-09-23 17:50:44.239 [info] > git show --textconv :test.c [6ms]
2024-09-23 17:50:44.240 [info] > git ls-files --stage -- /home/assam_yoonseocho/2024-os-hw1/test.c [2ms]
2024-09-23 17:50:49.298 [info] > git show --textconv :sish.c [6ms]
2024-09-23 17:50:49.300 [info] > git ls-files --stage -- /home/assam_yoonseocho/2024-os-hw1/sish.c [3ms]
2024-09-23 17:50:54.718 [info] > git config --get commit.template [4ms]
2024-09-23 17:50:54.719 [info] > git for-each-ref --format=%(refname)%00%(upstream:short)%00%(objectname)%00%(upstream:track)%00%(upstream:remotename)%00%(upstream:remoteref) refs/heads/32214362_yoonseocho refs/remotes/32214362_yoonseocho [1ms]
2024-09-23 17:50:54.722 [warning] [Git][revParse] Unable to read file: ENOENT: no such file or directory, open '/home/assam_yoonseocho/2024-os-hw1/.git/refs/remotes/origin/master'
2024-09-23 17:50:54.724 [info] > git rev-parse refs/remotes/origin/master [1ms]
2024-09-23 17:50:54.730 [info] > git status -z -uall [3ms]
2024-09-23 17:50:54.737 [info] > git for-each-ref --format=%(refname)%00%(upstream:short)%00%(objectname)%00%(upstream:track)%00%(upstream:remotename)%00%(upstream:remoteref) refs/heads/32214362_yoonseocho refs/remotes/32214362_yoonseocho [3ms]
2024-09-23 17:50:54.742 [info] > git config --local branch.32214362_yoonseocho.vscode-merge-base [2ms]
2024-09-23 17:50:54.746 [info] > git for-each-ref --format=%(refname)%00%(upstream:short)%00%(objectname)%00%(upstream:track)%00%(upstream:remotename)%00%(upstream:remoteref) refs/heads/origin/master refs/remotes/origin/master [1ms]
2024-09-23 17:51:02.754 [info] > git config --get commit.template [4ms]
2024-09-23 17:51:02.754 [info] > git for-each-ref --format=%(refname)%00%(upstream:short)%00%(objectname)%00%(upstream:track)%00%(upstream:remotename)%00%(upstream:remoteref) refs/heads/32214362_yoonseocho refs/remotes/32214362_yoonseocho [1ms]
2024-09-23 17:51:02.758 [warning] [Git][revParse] Unable to read file: ENOENT: no such file or directory, open '/home/assam_yoonseocho/2024-os-hw1/.git/refs/remotes/origin/master'
2024-09-23 17:51:02.760 [info] > git rev-parse refs/remotes/origin/master [2ms]
2024-09-23 17:51:02.767 [info] > git status -z -uall [3ms]
2024-09-23 17:51:02.775 [info] > git for-each-ref --format=%(refname)%00%(upstream:short)%00%(objectname)%00%(upstream:track)%00%(upstream:remotename)%00%(upstream:remoteref) refs/heads/32214362_yoonseocho refs/remotes/32214362_yoonseocho [4ms]
2024-09-23 17:51:02.779 [info] > git config --local branch.32214362_yoonseocho.vscode-merge-base [1ms]
2024-09-23 17:51:02.786 [info] > git for-each-ref --format=%(refname)%00%(upstream:short)%00%(objectname)%00%(upstream:track)%00%(upstream:remotename)%00%(upstream:remoteref) refs/heads/origin/master refs/remotes/origin/master [3ms]
2024-09-23 17:51:10.362 [info] > git show --textconv :test.c [5ms]
2024-09-23 17:51:10.363 [info] > git ls-files --stage -- /home/assam_yoonseocho/2024-os-hw1/test.c [3ms]
2024-09-23 17:55:04.511 [info] > git config --get commit.template [5ms]
2024-09-23 17:55:04.513 [info] > git for-each-ref --format=%(refname)%00%(upstream:short)%00%(objectname)%00%(upstream:track)%00%(upstream:remotename)%00%(upstream:remoteref) refs/heads/32214362_yoonseocho refs/remotes/32214362_yoonseocho [3ms]
2024-09-23 17:55:04.516 [warning] [Git][revParse] Unable to read file: ENOENT: no such file or directory, open '/home/assam_yoonseocho/2024-os-hw1/.git/refs/remotes/origin/master'
2024-09-23 17:55:04.517 [info] > git rev-parse refs/remotes/origin/master [2ms]
2024-09-23 17:55:04.523 [info] > git status -z -uall [2ms]
2024-09-23 17:55:04.529 [info] > git for-each-ref --format=%(refname)%00%(upstream:short)%00%(objectname)%00%(upstream:track)%00%(upstream:remotename)%00%(upstream:remoteref) refs/heads/32214362_yoonseocho refs/remotes/32214362_yoonseocho [3ms]
2024-09-23 17:55:04.536 [info] > git config --local branch.32214362_yoonseocho.vscode-merge-base [2ms]
2024-09-23 17:55:04.542 [info] > git for-each-ref --format=%(refname)%00%(upstream:short)%00%(objectname)%00%(upstream:track)%00%(upstream:remotename)%00%(upstream:remoteref) refs/heads/origin/master refs/remotes/origin/master [3ms]
2024-09-23 17:55:20.896 [info] > git show --textconv :sish.c [5ms]
2024-09-23 17:55:20.898 [info] > git ls-files --stage -- /home/assam_yoonseocho/2024-os-hw1/sish.c [3ms]
2024-09-23 17:55:29.327 [info] > git config --get commit.template [5ms]
2024-09-23 17:55:29.329 [info] > git for-each-ref --format=%(refname)%00%(upstream:short)%00%(objectname)%00%(upstream:track)%00%(upstream:remotename)%00%(upstream:remoteref) refs/heads/32214362_yoonseocho refs/remotes/32214362_yoonseocho [2ms]
2024-09-23 17:55:29.332 [warning] [Git][revParse] Unable to read file: ENOENT: no such file or directory, open '/home/assam_yoonseocho/2024-os-hw1/.git/refs/remotes/origin/master'
2024-09-23 17:55:29.333 [info] > git rev-parse refs/remotes/origin/master [1ms]
2024-09-23 17:55:29.340 [info] > git status -z -uall [4ms]
2024-09-23 17:55:29.346 [info] > git for-each-ref --format=%(refname)%00%(upstream:short)%00%(objectname)%00%(upstream:track)%00%(upstream:remotename)%00%(upstream:remoteref) refs/heads/32214362_yoonseocho refs/remotes/32214362_yoonseocho [2ms]
2024-09-23 17:55:29.351 [info] > git config --local branch.32214362_yoonseocho.vscode-merge-base [2ms]
2024-09-23 17:55:29.355 [info] > git for-each-ref --format=%(refname)%00%(upstream:short)%00%(objectname)%00%(upstream:track)%00%(upstream:remotename)%00%(upstream:remoteref) refs/heads/origin/master refs/remotes/origin/master [2ms]
2024-09-23 17:55:34.358 [info] > git config --get commit.template [5ms]
2024-09-23 17:55:34.361 [info] > git for-each-ref --format=%(refname)%00%(upstream:short)%00%(objectname)%00%(upstream:track)%00%(upstream:remotename)%00%(upstream:remoteref) refs/heads/32214362_yoonseocho refs/remotes/32214362_yoonseocho [3ms]
2024-09-23 17:55:34.364 [warning] [Git][revParse] Unable to read file: ENOENT: no such file or directory, open '/home/assam_yoonseocho/2024-os-hw1/.git/refs/remotes/origin/master'
2024-09-23 17:55:34.366 [info] > git rev-parse refs/remotes/origin/master [2ms]
2024-09-23 17:55:34.372 [info] > git status -z -uall [3ms]
2024-09-23 17:55:34.379 [info] > git for-each-ref --format=%(refname)%00%(upstream:short)%00%(objectname)%00%(upstream:track)%00%(upstream:remotename)%00%(upstream:remoteref) refs/heads/32214362_yoonseocho refs/remotes/32214362_yoonseocho [3ms]
2024-09-23 17:55:34.385 [info] > git config --local branch.32214362_yoonseocho.vscode-merge-base [2ms]
2024-09-23 17:55:34.390 [info] > git for-each-ref --format=%(refname)%00%(upstream:short)%00%(objectname)%00%(upstream:track)%00%(upstream:remotename)%00%(upstream:remoteref) refs/heads/origin/master refs/remotes/origin/master [2ms]
2024-09-23 17:55:37.564 [info] > git show --textconv :test.c [5ms]
2024-09-23 17:55:37.566 [info] > git ls-files --stage -- /home/assam_yoonseocho/2024-os-hw1/test.c [2ms]
2024-09-23 17:55:52.951 [info] > git show --textconv :sish.c [5ms]
2024-09-23 17:55:52.953 [info] > git ls-files --stage -- /home/assam_yoonseocho/2024-os-hw1/sish.c [3ms]
2024-09-23 17:56:09.380 [info] > git config --get commit.template [4ms]
2024-09-23 17:56:09.381 [info] > git for-each-ref --format=%(refname)%00%(upstream:short)%00%(objectname)%00%(upstream:track)%00%(upstream:remotename)%00%(upstream:remoteref) refs/heads/32214362_yoonseocho refs/remotes/32214362_yoonseocho [2ms]
2024-09-23 17:56:09.383 [warning] [Git][revParse] Unable to read file: ENOENT: no such file or directory, open '/home/assam_yoonseocho/2024-os-hw1/.git/refs/remotes/origin/master'
2024-09-23 17:56:09.384 [info] > git rev-parse refs/remotes/origin/master [1ms]
2024-09-23 17:56:09.389 [info] > git status -z -uall [3ms]
2024-09-23 17:56:09.396 [info] > git for-each-ref --format=%(refname)%00%(upstream:short)%00%(objectname)%00%(upstream:track)%00%(upstream:remotename)%00%(upstream:remoteref) refs/heads/32214362_yoonseocho refs/remotes/32214362_yoonseocho [2ms]
2024-09-23 17:56:09.399 [info] > git config --local branch.32214362_yoonseocho.vscode-merge-base [1ms]
2024-09-23 17:56:09.404 [info] > git for-each-ref --format=%(refname)%00%(upstream:short)%00%(objectname)%00%(upstream:track)%00%(upstream:remotename)%00%(upstream:remoteref) refs/heads/origin/master refs/remotes/origin/master [1ms]
2024-09-23 17:56:23.743 [info] > git config --get commit.template [1ms]
2024-09-23 17:56:23.748 [info] > git for-each-ref --format=%(refname)%00%(upstream:short)%00%(objectname)%00%(upstream:track)%00%(upstream:remotename)%00%(upstream:remoteref) refs/heads/32214362_yoonseocho refs/remotes/32214362_yoonseocho [2ms]
2024-09-23 17:56:23.751 [warning] [Git][revParse] Unable to read file: ENOENT: no such file or directory, open '/home/assam_yoonseocho/2024-os-hw1/.git/refs/remotes/origin/master'
2024-09-23 17:56:23.752 [info] > git rev-parse refs/remotes/origin/master [1ms]
2024-09-23 17:56:23.758 [info] > git status -z -uall [3ms]
2024-09-23 17:56:23.764 [info] > git for-each-ref --format=%(refname)%00%(upstream:short)%00%(objectname)%00%(upstream:track)%00%(upstream:remotename)%00%(upstream:remoteref) refs/heads/32214362_yoonseocho refs/remotes/32214362_yoonseocho [2ms]
2024-09-23 17:56:23.768 [info] > git config --local branch.32214362_yoonseocho.vscode-merge-base [1ms]
2024-09-23 17:56:23.772 [info] > git for-each-ref --format=%(refname)%00%(upstream:short)%00%(objectname)%00%(upstream:track)%00%(upstream:remotename)%00%(upstream:remoteref) refs/heads/origin/master refs/remotes/origin/master [1ms]
2024-09-23 17:56:28.777 [info] > git config --get commit.template [5ms]
2024-09-23 17:56:28.780 [info] > git for-each-ref --format=%(refname)%00%(upstream:short)%00%(objectname)%00%(upstream:track)%00%(upstream:remotename)%00%(upstream:remoteref) refs/heads/32214362_yoonseocho refs/remotes/32214362_yoonseocho [3ms]
2024-09-23 17:56:28.783 [warning] [Git][revParse] Unable to read file: ENOENT: no such file or directory, open '/home/assam_yoonseocho/2024-os-hw1/.git/refs/remotes/origin/master'
2024-09-23 17:56:28.784 [info] > git rev-parse refs/remotes/origin/master [1ms]
2024-09-23 17:56:28.791 [info] > git status -z -uall [3ms]
2024-09-23 17:56:28.799 [info] > git for-each-ref --format=%(refname)%00%(upstream:short)%00%(objectname)%00%(upstream:track)%00%(upstream:remotename)%00%(upstream:remoteref) refs/heads/32214362_yoonseocho refs/remotes/32214362_yoonseocho [3ms]
2024-09-23 17:56:28.803 [info] > git config --local branch.32214362_yoonseocho.vscode-merge-base [1ms]
2024-09-23 17:56:28.807 [info] > git for-each-ref --format=%(refname)%00%(upstream:short)%00%(objectname)%00%(upstream:track)%00%(upstream:remotename)%00%(upstream:remoteref) refs/heads/origin/master refs/remotes/origin/master [2ms]
