2024-09-24 13:22:58.756 [info] [main] 로그 수준: Info
2024-09-24 13:22:58.756 [info] [main] "git"에서 찾은 git 유효성을 검사하는 중
2024-09-24 13:22:58.756 [info] [main] "2.34.1"에서 git "git"을(를) 사용하는 중
2024-09-24 13:22:58.756 [info] [Model][doInitialScan] Initial repository scan started
2024-09-24 13:22:58.756 [info] > git rev-parse --show-toplevel [5ms]
2024-09-24 13:22:58.756 [info] > git rev-parse --git-dir --git-common-dir [4ms]
2024-09-24 13:22:58.756 [info] [Model][openRepository] Opened repository: /home/assam_yoonseocho/2024-os-hw1
2024-09-24 13:22:58.760 [info] > git rev-parse --show-toplevel [15ms]
2024-09-24 13:22:58.762 [info] > git config --get commit.template [19ms]
2024-09-24 13:22:58.842 [info] > git rev-parse --show-toplevel [78ms]
2024-09-24 13:22:58.847 [info] [Model][doInitialScan] Initial repository scan completed - repositories (1), closed repositories (0), parent repositories (0), unsafe repositories (0)
2024-09-24 13:22:58.850 [info] > git for-each-ref --format=%(refname)%00%(upstream:short)%00%(objectname)%00%(upstream:track)%00%(upstream:remotename)%00%(upstream:remoteref) refs/heads/32214362_yoonseocho refs/remotes/32214362_yoonseocho [83ms]
2024-09-24 13:22:58.854 [warning] [Git][revParse] Unable to read file: ENOENT: no such file or directory, open '/home/assam_yoonseocho/2024-os-hw1/.git/refs/remotes/origin/master'
2024-09-24 13:22:58.855 [info] > git rev-parse refs/remotes/origin/master [2ms]
2024-09-24 13:22:58.862 [info] > git status -z -uall [4ms]
2024-09-24 13:22:58.882 [info] > git for-each-ref --format=%(refname)%00%(upstream:short)%00%(objectname)%00%(upstream:track)%00%(upstream:remotename)%00%(upstream:remoteref) refs/heads/32214362_yoonseocho refs/remotes/32214362_yoonseocho [14ms]
2024-09-24 13:22:58.886 [info] > git config --get commit.template [4ms]
2024-09-24 13:22:58.887 [info] > git config --local branch.32214362_yoonseocho.vscode-merge-base [2ms]
2024-09-24 13:22:58.892 [info] > git for-each-ref --format=%(refname)%00%(upstream:short)%00%(objectname)%00%(upstream:track)%00%(upstream:remotename)%00%(upstream:remoteref) refs/heads/origin/master refs/remotes/origin/master [3ms]
2024-09-24 13:22:58.897 [info] > git for-each-ref --format=%(refname)%00%(upstream:short)%00%(objectname)%00%(upstream:track)%00%(upstream:remotename)%00%(upstream:remoteref) refs/heads/32214362_yoonseocho refs/remotes/32214362_yoonseocho [5ms]
2024-09-24 13:22:58.899 [warning] [Git][revParse] Unable to read file: ENOENT: no such file or directory, open '/home/assam_yoonseocho/2024-os-hw1/.git/refs/remotes/origin/master'
2024-09-24 13:22:58.900 [info] > git merge-base refs/heads/32214362_yoonseocho refs/remotes/origin/master [3ms]
2024-09-24 13:22:58.907 [info] > git rev-parse refs/remotes/origin/master [8ms]
2024-09-24 13:22:58.910 [info] > git rev-list --count --left-right refs/heads/32214362_yoonseocho...refs/remotes/origin/master [8ms]
2024-09-24 13:22:58.914 [info] > git status -z -uall [5ms]
2024-09-24 13:22:58.922 [info] > git for-each-ref --format=%(refname)%00%(upstream:short)%00%(objectname)%00%(upstream:track)%00%(upstream:remotename)%00%(upstream:remoteref) refs/heads/32214362_yoonseocho refs/remotes/32214362_yoonseocho [4ms]
2024-09-24 13:22:58.925 [info] > git diff --name-status -z --diff-filter=ADMR 3754e078984a4486af05a630408918cfc55ef03c...refs/remotes/origin/master [12ms]
2024-09-24 13:22:58.926 [info] > git config --local branch.32214362_yoonseocho.vscode-merge-base [1ms]
2024-09-24 13:22:58.931 [info] > git for-each-ref --format=%(refname)%00%(upstream:short)%00%(objectname)%00%(upstream:track)%00%(upstream:remotename)%00%(upstream:remoteref) refs/heads/origin/master refs/remotes/origin/master [1ms]
2024-09-24 13:22:59.207 [info] > git show --textconv :sish.c [4ms]
2024-09-24 13:22:59.209 [info] > git ls-files --stage -- /home/assam_yoonseocho/2024-os-hw1/sish.c [3ms]
2024-09-24 13:22:59.262 [info] > git check-ignore -v -z --stdin [2ms]
2024-09-24 13:28:07.838 [info] > git show --textconv :test.c [5ms]
2024-09-24 13:28:07.839 [info] > git ls-files --stage -- /home/assam_yoonseocho/2024-os-hw1/test.c [2ms]
2024-09-24 13:28:25.030 [info] > git show --textconv :sish.c [5ms]
2024-09-24 13:28:25.032 [info] > git ls-files --stage -- /home/assam_yoonseocho/2024-os-hw1/sish.c [2ms]
2024-09-24 13:28:31.693 [info] > git show --textconv :test.c [5ms]
2024-09-24 13:28:31.695 [info] > git ls-files --stage -- /home/assam_yoonseocho/2024-os-hw1/test.c [3ms]
2024-09-24 13:28:34.058 [info] > git show --textconv :sish.c [5ms]
2024-09-24 13:28:34.060 [info] > git ls-files --stage -- /home/assam_yoonseocho/2024-os-hw1/sish.c [2ms]
2024-09-24 13:28:39.473 [info] > git show --textconv :test.c [5ms]
2024-09-24 13:28:39.475 [info] > git ls-files --stage -- /home/assam_yoonseocho/2024-os-hw1/test.c [3ms]
2024-09-24 13:28:46.574 [info] > git show --textconv :sish.c [12ms]
2024-09-24 13:28:46.574 [info] > git show --textconv :test.c [7ms]
2024-09-24 13:28:46.574 [info] > git ls-files --stage -- /home/assam_yoonseocho/2024-os-hw1/sish.c [4ms]
2024-09-24 13:28:46.576 [info] > git ls-files --stage -- /home/assam_yoonseocho/2024-os-hw1/test.c [4ms]
2024-09-24 13:32:33.241 [info] > git config --get commit.template [5ms]
2024-09-24 13:32:33.241 [info] > git for-each-ref --format=%(refname)%00%(upstream:short)%00%(objectname)%00%(upstream:track)%00%(upstream:remotename)%00%(upstream:remoteref) refs/heads/32214362_yoonseocho refs/remotes/32214362_yoonseocho [2ms]
2024-09-24 13:32:33.244 [warning] [Git][revParse] Unable to read file: ENOENT: no such file or directory, open '/home/assam_yoonseocho/2024-os-hw1/.git/refs/remotes/origin/master'
2024-09-24 13:32:33.246 [info] > git rev-parse refs/remotes/origin/master [1ms]
2024-09-24 13:32:33.252 [info] > git status -z -uall [4ms]
2024-09-24 13:32:33.259 [info] > git for-each-ref --format=%(refname)%00%(upstream:short)%00%(objectname)%00%(upstream:track)%00%(upstream:remotename)%00%(upstream:remoteref) refs/heads/32214362_yoonseocho refs/remotes/32214362_yoonseocho [3ms]
2024-09-24 13:32:33.263 [info] > git config --local branch.32214362_yoonseocho.vscode-merge-base [1ms]
2024-09-24 13:32:33.268 [info] > git for-each-ref --format=%(refname)%00%(upstream:short)%00%(objectname)%00%(upstream:track)%00%(upstream:remotename)%00%(upstream:remoteref) refs/heads/origin/master refs/remotes/origin/master [2ms]
2024-09-24 13:34:46.465 [info] > git config --get commit.template [5ms]
2024-09-24 13:34:46.466 [info] > git for-each-ref --format=%(refname)%00%(upstream:short)%00%(objectname)%00%(upstream:track)%00%(upstream:remotename)%00%(upstream:remoteref) refs/heads/32214362_yoonseocho refs/remotes/32214362_yoonseocho [2ms]
2024-09-24 13:34:46.468 [warning] [Git][revParse] Unable to read file: ENOENT: no such file or directory, open '/home/assam_yoonseocho/2024-os-hw1/.git/refs/remotes/origin/master'
2024-09-24 13:34:46.469 [info] > git rev-parse refs/remotes/origin/master [1ms]
2024-09-24 13:34:46.476 [info] > git status -z -uall [4ms]
2024-09-24 13:34:46.484 [info] > git for-each-ref --format=%(refname)%00%(upstream:short)%00%(objectname)%00%(upstream:track)%00%(upstream:remotename)%00%(upstream:remoteref) refs/heads/32214362_yoonseocho refs/remotes/32214362_yoonseocho [2ms]
2024-09-24 13:34:46.488 [info] > git config --local branch.32214362_yoonseocho.vscode-merge-base [1ms]
2024-09-24 13:34:46.492 [info] > git for-each-ref --format=%(refname)%00%(upstream:short)%00%(objectname)%00%(upstream:track)%00%(upstream:remotename)%00%(upstream:remoteref) refs/heads/origin/master refs/remotes/origin/master [1ms]
2024-09-24 13:35:26.962 [info] > git config --get commit.template [4ms]
2024-09-24 13:35:26.963 [info] > git for-each-ref --format=%(refname)%00%(upstream:short)%00%(objectname)%00%(upstream:track)%00%(upstream:remotename)%00%(upstream:remoteref) refs/heads/32214362_yoonseocho refs/remotes/32214362_yoonseocho [1ms]
2024-09-24 13:35:26.966 [warning] [Git][revParse] Unable to read file: ENOENT: no such file or directory, open '/home/assam_yoonseocho/2024-os-hw1/.git/refs/remotes/origin/master'
2024-09-24 13:35:26.968 [info] > git rev-parse refs/remotes/origin/master [2ms]
2024-09-24 13:35:26.974 [info] > git status -z -uall [4ms]
2024-09-24 13:35:26.982 [info] > git for-each-ref --format=%(refname)%00%(upstream:short)%00%(objectname)%00%(upstream:track)%00%(upstream:remotename)%00%(upstream:remoteref) refs/heads/32214362_yoonseocho refs/remotes/32214362_yoonseocho [4ms]
2024-09-24 13:35:26.986 [info] > git config --local branch.32214362_yoonseocho.vscode-merge-base [1ms]
2024-09-24 13:35:26.990 [info] > git for-each-ref --format=%(refname)%00%(upstream:short)%00%(objectname)%00%(upstream:track)%00%(upstream:remotename)%00%(upstream:remoteref) refs/heads/origin/master refs/remotes/origin/master [1ms]
2024-09-24 13:35:31.993 [info] > git config --get commit.template [4ms]
2024-09-24 13:35:31.994 [info] > git for-each-ref --format=%(refname)%00%(upstream:short)%00%(objectname)%00%(upstream:track)%00%(upstream:remotename)%00%(upstream:remoteref) refs/heads/32214362_yoonseocho refs/remotes/32214362_yoonseocho [2ms]
2024-09-24 13:35:31.997 [warning] [Git][revParse] Unable to read file: ENOENT: no such file or directory, open '/home/assam_yoonseocho/2024-os-hw1/.git/refs/remotes/origin/master'
2024-09-24 13:35:31.998 [info] > git rev-parse refs/remotes/origin/master [1ms]
2024-09-24 13:35:32.003 [info] > git status -z -uall [2ms]
2024-09-24 13:35:32.010 [info] > git for-each-ref --format=%(refname)%00%(upstream:short)%00%(objectname)%00%(upstream:track)%00%(upstream:remotename)%00%(upstream:remoteref) refs/heads/32214362_yoonseocho refs/remotes/32214362_yoonseocho [2ms]
2024-09-24 13:35:32.014 [info] > git config --local branch.32214362_yoonseocho.vscode-merge-base [1ms]
2024-09-24 13:35:32.018 [info] > git for-each-ref --format=%(refname)%00%(upstream:short)%00%(objectname)%00%(upstream:track)%00%(upstream:remotename)%00%(upstream:remoteref) refs/heads/origin/master refs/remotes/origin/master [1ms]
2024-09-24 13:37:29.686 [info] > git config --get commit.template [5ms]
2024-09-24 13:37:29.687 [info] > git for-each-ref --format=%(refname)%00%(upstream:short)%00%(objectname)%00%(upstream:track)%00%(upstream:remotename)%00%(upstream:remoteref) refs/heads/32214362_yoonseocho refs/remotes/32214362_yoonseocho [2ms]
2024-09-24 13:37:29.690 [warning] [Git][revParse] Unable to read file: ENOENT: no such file or directory, open '/home/assam_yoonseocho/2024-os-hw1/.git/refs/remotes/origin/master'
2024-09-24 13:37:29.691 [info] > git rev-parse refs/remotes/origin/master [1ms]
2024-09-24 13:37:29.698 [info] > git status -z -uall [4ms]
2024-09-24 13:37:29.705 [info] > git for-each-ref --format=%(refname)%00%(upstream:short)%00%(objectname)%00%(upstream:track)%00%(upstream:remotename)%00%(upstream:remoteref) refs/heads/32214362_yoonseocho refs/remotes/32214362_yoonseocho [3ms]
2024-09-24 13:37:29.709 [info] > git config --local branch.32214362_yoonseocho.vscode-merge-base [1ms]
2024-09-24 13:37:29.714 [info] > git for-each-ref --format=%(refname)%00%(upstream:short)%00%(objectname)%00%(upstream:track)%00%(upstream:remotename)%00%(upstream:remoteref) refs/heads/origin/master refs/remotes/origin/master [2ms]
2024-09-24 13:38:01.923 [info] > git config --get commit.template [4ms]
2024-09-24 13:38:01.924 [info] > git for-each-ref --format=%(refname)%00%(upstream:short)%00%(objectname)%00%(upstream:track)%00%(upstream:remotename)%00%(upstream:remoteref) refs/heads/32214362_yoonseocho refs/remotes/32214362_yoonseocho [2ms]
2024-09-24 13:38:01.926 [warning] [Git][revParse] Unable to read file: ENOENT: no such file or directory, open '/home/assam_yoonseocho/2024-os-hw1/.git/refs/remotes/origin/master'
2024-09-24 13:38:01.928 [info] > git rev-parse refs/remotes/origin/master [2ms]
2024-09-24 13:38:01.933 [info] > git status -z -uall [3ms]
2024-09-24 13:38:01.939 [info] > git for-each-ref --format=%(refname)%00%(upstream:short)%00%(objectname)%00%(upstream:track)%00%(upstream:remotename)%00%(upstream:remoteref) refs/heads/32214362_yoonseocho refs/remotes/32214362_yoonseocho [2ms]
2024-09-24 13:38:01.944 [info] > git config --local branch.32214362_yoonseocho.vscode-merge-base [1ms]
2024-09-24 13:38:01.948 [info] > git for-each-ref --format=%(refname)%00%(upstream:short)%00%(objectname)%00%(upstream:track)%00%(upstream:remotename)%00%(upstream:remoteref) refs/heads/origin/master refs/remotes/origin/master [1ms]
2024-09-24 13:38:35.323 [info] > git config --get commit.template [4ms]
2024-09-24 13:38:35.323 [info] > git for-each-ref --format=%(refname)%00%(upstream:short)%00%(objectname)%00%(upstream:track)%00%(upstream:remotename)%00%(upstream:remoteref) refs/heads/32214362_yoonseocho refs/remotes/32214362_yoonseocho [1ms]
2024-09-24 13:38:35.326 [warning] [Git][revParse] Unable to read file: ENOENT: no such file or directory, open '/home/assam_yoonseocho/2024-os-hw1/.git/refs/remotes/origin/master'
2024-09-24 13:38:35.327 [info] > git rev-parse refs/remotes/origin/master [1ms]
2024-09-24 13:38:35.332 [info] > git status -z -uall [3ms]
2024-09-24 13:38:35.339 [info] > git for-each-ref --format=%(refname)%00%(upstream:short)%00%(objectname)%00%(upstream:track)%00%(upstream:remotename)%00%(upstream:remoteref) refs/heads/32214362_yoonseocho refs/remotes/32214362_yoonseocho [3ms]
2024-09-24 13:38:35.344 [info] > git config --local branch.32214362_yoonseocho.vscode-merge-base [1ms]
2024-09-24 13:38:35.348 [info] > git for-each-ref --format=%(refname)%00%(upstream:short)%00%(objectname)%00%(upstream:track)%00%(upstream:remotename)%00%(upstream:remoteref) refs/heads/origin/master refs/remotes/origin/master [1ms]
2024-09-24 13:38:40.351 [info] > git config --get commit.template [4ms]
2024-09-24 13:38:40.352 [info] > git for-each-ref --format=%(refname)%00%(upstream:short)%00%(objectname)%00%(upstream:track)%00%(upstream:remotename)%00%(upstream:remoteref) refs/heads/32214362_yoonseocho refs/remotes/32214362_yoonseocho [2ms]
2024-09-24 13:38:40.355 [warning] [Git][revParse] Unable to read file: ENOENT: no such file or directory, open '/home/assam_yoonseocho/2024-os-hw1/.git/refs/remotes/origin/master'
2024-09-24 13:38:40.356 [info] > git rev-parse refs/remotes/origin/master [2ms]
2024-09-24 13:38:40.362 [info] > git status -z -uall [3ms]
2024-09-24 13:38:40.368 [info] > git for-each-ref --format=%(refname)%00%(upstream:short)%00%(objectname)%00%(upstream:track)%00%(upstream:remotename)%00%(upstream:remoteref) refs/heads/32214362_yoonseocho refs/remotes/32214362_yoonseocho [2ms]
2024-09-24 13:38:40.373 [info] > git config --local branch.32214362_yoonseocho.vscode-merge-base [2ms]
2024-09-24 13:38:40.377 [info] > git for-each-ref --format=%(refname)%00%(upstream:short)%00%(objectname)%00%(upstream:track)%00%(upstream:remotename)%00%(upstream:remoteref) refs/heads/origin/master refs/remotes/origin/master [1ms]
