2024-09-21 00:20:22.065 [info] Extension host with pid 165979 started
2024-09-21 00:20:22.087 [info] Lock '/home/assam_yoonseocho/.vscode-server/data/User/workspaceStorage/7a0c9c4041a1581716b57d818a9b954f/vscode.lock': Lock acquired.
2024-09-21 00:20:22.129 [info] ExtensionService#_doActivateExtension vscode.git-base, startup: true, activationEvent: '*', root cause: vscode.git
2024-09-21 00:20:22.271 [info] ExtensionService#_doActivateExtension vscode.git, startup: true, activationEvent: '*'
2024-09-21 00:20:22.271 [info] ExtensionService#_doActivateExtension vscode.github, startup: true, activationEvent: '*'
2024-09-21 00:20:22.733 [info] Eager extensions activated
2024-09-21 00:20:22.733 [info] ExtensionService#_doActivateExtension vscode.debug-auto-launch, startup: false, activationEvent: 'onStartupFinished'
2024-09-21 00:20:22.734 [info] ExtensionService#_doActivateExtension vscode.merge-conflict, startup: false, activationEvent: 'onStartupFinished'
2024-09-21 00:20:22.852 [info] ExtensionService#_doActivateExtension vscode.emmet, startup: false, activationEvent: 'onLanguage'
2024-09-21 03:27:15.710 [info] Extension host terminating: renderer disconnected for too long (1)
2024-09-21 03:27:15.712 [info] Lock '/home/assam_yoonseocho/.vscode-server/data/User/workspaceStorage/7a0c9c4041a1581716b57d818a9b954f/vscode.lock': Marking the lockfile as scheduled to be released in 6000 ms.
2024-09-21 03:27:15.752 [error] Canceled: Canceled
	at new C (/home/assam_yoonseocho/.vscode-server/cli/servers/Stable-b1c0a14de1414fcdaa400695b4db1c0799bc3124/server/out/vs/workbench/api/node/extensionHostProcess.js:144:35204)
	at y.U (/home/assam_yoonseocho/.vscode-server/cli/servers/Stable-b1c0a14de1414fcdaa400695b4db1c0799bc3124/server/out/vs/workbench/api/node/extensionHostProcess.js:151:6017)
	at z.<computed>.j.charCodeAt.R.CharCode.DollarSign.z.<computed> (/home/assam_yoonseocho/.vscode-server/cli/servers/Stable-b1c0a14de1414fcdaa400695b4db1c0799bc3124/server/out/vs/workbench/api/node/extensionHostProcess.js:151:3107)
	at d.g (/home/assam_yoonseocho/.vscode-server/cli/servers/Stable-b1c0a14de1414fcdaa400695b4db1c0799bc3124/server/out/vs/workbench/api/node/extensionHostProcess.js:154:205942)
	at d.executeCommand (/home/assam_yoonseocho/.vscode-server/cli/servers/Stable-b1c0a14de1414fcdaa400695b4db1c0799bc3124/server/out/vs/workbench/api/node/extensionHostProcess.js:154:205380)
	at A.registerCommand.description (/home/assam_yoonseocho/.vscode-server/cli/servers/Stable-b1c0a14de1414fcdaa400695b4db1c0799bc3124/server/out/vs/workbench/api/node/extensionHostProcess.js:154:204704)
	at d.h (/home/assam_yoonseocho/.vscode-server/cli/servers/Stable-b1c0a14de1414fcdaa400695b4db1c0799bc3124/server/out/vs/workbench/api/node/extensionHostProcess.js:154:206481)
	at d.g (/home/assam_yoonseocho/.vscode-server/cli/servers/Stable-b1c0a14de1414fcdaa400695b4db1c0799bc3124/server/out/vs/workbench/api/node/extensionHostProcess.js:154:205473)
	at d.executeCommand (/home/assam_yoonseocho/.vscode-server/cli/servers/Stable-b1c0a14de1414fcdaa400695b4db1c0799bc3124/server/out/vs/workbench/api/node/extensionHostProcess.js:154:205380)
	at Object.executeCommand (/home/assam_yoonseocho/.vscode-server/cli/servers/Stable-b1c0a14de1414fcdaa400695b4db1c0799bc3124/server/out/vs/workbench/api/node/extensionHostProcess.js:164:23060)
	at i.O [as value] (/home/assam_yoonseocho/.vscode-server/cli/servers/Stable-b1c0a14de1414fcdaa400695b4db1c0799bc3124/server/extensions/git/dist/main.js:2:951642)
	at n.B (/home/assam_yoonseocho/.vscode-server/cli/servers/Stable-b1c0a14de1414fcdaa400695b4db1c0799bc3124/server/out/vs/workbench/api/node/extensionHostProcess.js:83:737)
	at n.C (/home/assam_yoonseocho/.vscode-server/cli/servers/Stable-b1c0a14de1414fcdaa400695b4db1c0799bc3124/server/out/vs/workbench/api/node/extensionHostProcess.js:83:807)
	at n.fire (/home/assam_yoonseocho/.vscode-server/cli/servers/Stable-b1c0a14de1414fcdaa400695b4db1c0799bc3124/server/out/vs/workbench/api/node/extensionHostProcess.js:83:1023)
	at Object.p [as dispose] (/home/assam_yoonseocho/.vscode-server/cli/servers/Stable-b1c0a14de1414fcdaa400695b4db1c0799bc3124/server/extensions/git/dist/main.js:2:972220)
	at /home/assam_yoonseocho/.vscode-server/cli/servers/Stable-b1c0a14de1414fcdaa400695b4db1c0799bc3124/server/extensions/git/dist/main.js:2:978342
	at Array.forEach (<anonymous>)
	at f.dispose (/home/assam_yoonseocho/.vscode-server/cli/servers/Stable-b1c0a14de1414fcdaa400695b4db1c0799bc3124/server/extensions/git/dist/main.js:2:978328)
	at a.<anonymous> (/home/assam_yoonseocho/.vscode-server/cli/servers/Stable-b1c0a14de1414fcdaa400695b4db1c0799bc3124/server/out/vs/workbench/api/node/extensionHostProcess.js:152:4173)
	at a.dispose (/home/assam_yoonseocho/.vscode-server/cli/servers/Stable-b1c0a14de1414fcdaa400695b4db1c0799bc3124/server/out/vs/workbench/api/node/extensionHostProcess.js:152:4270)
	at a.<anonymous> (/home/assam_yoonseocho/.vscode-server/cli/servers/Stable-b1c0a14de1414fcdaa400695b4db1c0799bc3124/server/extensions/git/dist/main.js:2:953940)
	at a.dispose (/home/assam_yoonseocho/.vscode-server/cli/servers/Stable-b1c0a14de1414fcdaa400695b4db1c0799bc3124/server/out/vs/workbench/api/node/extensionHostProcess.js:152:4270)
	at $ (/home/assam_yoonseocho/.vscode-server/cli/servers/Stable-b1c0a14de1414fcdaa400695b4db1c0799bc3124/server/out/vs/workbench/api/node/extensionHostProcess.js:30:744)
	at /home/assam_yoonseocho/.vscode-server/cli/servers/Stable-b1c0a14de1414fcdaa400695b4db1c0799bc3124/server/out/vs/workbench/api/node/extensionHostProcess.js:160:13379
	at /home/assam_yoonseocho/.vscode-server/cli/servers/Stable-b1c0a14de1414fcdaa400695b4db1c0799bc3124/server/out/vs/workbench/api/node/extensionHostProcess.js:30:1112
	at Object.dispose (/home/assam_yoonseocho/.vscode-server/cli/servers/Stable-b1c0a14de1414fcdaa400695b4db1c0799bc3124/server/out/vs/workbench/api/node/extensionHostProcess.js:11:11354)
	at m.eb (/home/assam_yoonseocho/.vscode-server/cli/servers/Stable-b1c0a14de1414fcdaa400695b4db1c0799bc3124/server/out/vs/workbench/api/node/extensionHostProcess.js:160:10056)
	at /home/assam_yoonseocho/.vscode-server/cli/servers/Stable-b1c0a14de1414fcdaa400695b4db1c0799bc3124/server/out/vs/workbench/api/node/extensionHostProcess.js:160:7927
	at Array.map (<anonymous>)
	at m.$ (/home/assam_yoonseocho/.vscode-server/cli/servers/Stable-b1c0a14de1414fcdaa400695b4db1c0799bc3124/server/out/vs/workbench/api/node/extensionHostProcess.js:160:7914)
	at m.terminate (/home/assam_yoonseocho/.vscode-server/cli/servers/Stable-b1c0a14de1414fcdaa400695b4db1c0799bc3124/server/out/vs/workbench/api/node/extensionHostProcess.js:160:8187)
	at $.terminate (/home/assam_yoonseocho/.vscode-server/cli/servers/Stable-b1c0a14de1414fcdaa400695b4db1c0799bc3124/server/out/vs/workbench/api/node/extensionHostProcess.js:164:1513)
	at o (/home/assam_yoonseocho/.vscode-server/cli/servers/Stable-b1c0a14de1414fcdaa400695b4db1c0799bc3124/server/out/vs/workbench/api/node/extensionHostProcess.js:177:10633)
	at j.a (/home/assam_yoonseocho/.vscode-server/cli/servers/Stable-b1c0a14de1414fcdaa400695b4db1c0799bc3124/server/out/vs/workbench/api/node/extensionHostProcess.js:177:7238)
	at j.h (/home/assam_yoonseocho/.vscode-server/cli/servers/Stable-b1c0a14de1414fcdaa400695b4db1c0799bc3124/server/out/vs/workbench/api/node/extensionHostProcess.js:87:21483)
	at listOnTimeout (node:internal/timers:573:17)
	at process.processTimers (node:internal/timers:514:7) setContext undefined
2024-09-21 03:27:15.754 [error] Canceled: Canceled
	at new C (/home/assam_yoonseocho/.vscode-server/cli/servers/Stable-b1c0a14de1414fcdaa400695b4db1c0799bc3124/server/out/vs/workbench/api/node/extensionHostProcess.js:144:35204)
	at y.U (/home/assam_yoonseocho/.vscode-server/cli/servers/Stable-b1c0a14de1414fcdaa400695b4db1c0799bc3124/server/out/vs/workbench/api/node/extensionHostProcess.js:151:6017)
	at z.<computed>.j.charCodeAt.R.CharCode.DollarSign.z.<computed> (/home/assam_yoonseocho/.vscode-server/cli/servers/Stable-b1c0a14de1414fcdaa400695b4db1c0799bc3124/server/out/vs/workbench/api/node/extensionHostProcess.js:151:3107)
	at d.g (/home/assam_yoonseocho/.vscode-server/cli/servers/Stable-b1c0a14de1414fcdaa400695b4db1c0799bc3124/server/out/vs/workbench/api/node/extensionHostProcess.js:154:205942)
	at d.executeCommand (/home/assam_yoonseocho/.vscode-server/cli/servers/Stable-b1c0a14de1414fcdaa400695b4db1c0799bc3124/server/out/vs/workbench/api/node/extensionHostProcess.js:154:205380)
	at A.registerCommand.description (/home/assam_yoonseocho/.vscode-server/cli/servers/Stable-b1c0a14de1414fcdaa400695b4db1c0799bc3124/server/out/vs/workbench/api/node/extensionHostProcess.js:154:204704)
	at d.h (/home/assam_yoonseocho/.vscode-server/cli/servers/Stable-b1c0a14de1414fcdaa400695b4db1c0799bc3124/server/out/vs/workbench/api/node/extensionHostProcess.js:154:206481)
	at d.g (/home/assam_yoonseocho/.vscode-server/cli/servers/Stable-b1c0a14de1414fcdaa400695b4db1c0799bc3124/server/out/vs/workbench/api/node/extensionHostProcess.js:154:205473)
	at d.executeCommand (/home/assam_yoonseocho/.vscode-server/cli/servers/Stable-b1c0a14de1414fcdaa400695b4db1c0799bc3124/server/out/vs/workbench/api/node/extensionHostProcess.js:154:205380)
	at Object.executeCommand (/home/assam_yoonseocho/.vscode-server/cli/servers/Stable-b1c0a14de1414fcdaa400695b4db1c0799bc3124/server/out/vs/workbench/api/node/extensionHostProcess.js:164:23060)
	at set hasGitHubRepositories [as hasGitHubRepositories] (/home/assam_yoonseocho/.vscode-server/cli/servers/Stable-b1c0a14de1414fcdaa400695b4db1c0799bc3124/server/extensions/github/dist/extension.js:2:322969)
	at /home/assam_yoonseocho/.vscode-server/cli/servers/Stable-b1c0a14de1414fcdaa400695b4db1c0799bc3124/server/extensions/github/dist/extension.js:2:323928
	at i.value (/home/assam_yoonseocho/.vscode-server/cli/servers/Stable-b1c0a14de1414fcdaa400695b4db1c0799bc3124/server/extensions/git/dist/main.js:2:1060193)
	at n.B (/home/assam_yoonseocho/.vscode-server/cli/servers/Stable-b1c0a14de1414fcdaa400695b4db1c0799bc3124/server/out/vs/workbench/api/node/extensionHostProcess.js:83:737)
	at n.C (/home/assam_yoonseocho/.vscode-server/cli/servers/Stable-b1c0a14de1414fcdaa400695b4db1c0799bc3124/server/out/vs/workbench/api/node/extensionHostProcess.js:83:807)
	at n.fire (/home/assam_yoonseocho/.vscode-server/cli/servers/Stable-b1c0a14de1414fcdaa400695b4db1c0799bc3124/server/out/vs/workbench/api/node/extensionHostProcess.js:83:1023)
	at Object.p [as dispose] (/home/assam_yoonseocho/.vscode-server/cli/servers/Stable-b1c0a14de1414fcdaa400695b4db1c0799bc3124/server/extensions/git/dist/main.js:2:972220)
	at /home/assam_yoonseocho/.vscode-server/cli/servers/Stable-b1c0a14de1414fcdaa400695b4db1c0799bc3124/server/extensions/git/dist/main.js:2:978342
	at Array.forEach (<anonymous>)
	at f.dispose (/home/assam_yoonseocho/.vscode-server/cli/servers/Stable-b1c0a14de1414fcdaa400695b4db1c0799bc3124/server/extensions/git/dist/main.js:2:978328)
	at a.<anonymous> (/home/assam_yoonseocho/.vscode-server/cli/servers/Stable-b1c0a14de1414fcdaa400695b4db1c0799bc3124/server/out/vs/workbench/api/node/extensionHostProcess.js:152:4173)
	at a.dispose (/home/assam_yoonseocho/.vscode-server/cli/servers/Stable-b1c0a14de1414fcdaa400695b4db1c0799bc3124/server/out/vs/workbench/api/node/extensionHostProcess.js:152:4270)
	at a.<anonymous> (/home/assam_yoonseocho/.vscode-server/cli/servers/Stable-b1c0a14de1414fcdaa400695b4db1c0799bc3124/server/extensions/git/dist/main.js:2:953940)
	at a.dispose (/home/assam_yoonseocho/.vscode-server/cli/servers/Stable-b1c0a14de1414fcdaa400695b4db1c0799bc3124/server/out/vs/workbench/api/node/extensionHostProcess.js:152:4270)
	at $ (/home/assam_yoonseocho/.vscode-server/cli/servers/Stable-b1c0a14de1414fcdaa400695b4db1c0799bc3124/server/out/vs/workbench/api/node/extensionHostProcess.js:30:744)
	at /home/assam_yoonseocho/.vscode-server/cli/servers/Stable-b1c0a14de1414fcdaa400695b4db1c0799bc3124/server/out/vs/workbench/api/node/extensionHostProcess.js:160:13379
	at /home/assam_yoonseocho/.vscode-server/cli/servers/Stable-b1c0a14de1414fcdaa400695b4db1c0799bc3124/server/out/vs/workbench/api/node/extensionHostProcess.js:30:1112
	at Object.dispose (/home/assam_yoonseocho/.vscode-server/cli/servers/Stable-b1c0a14de1414fcdaa400695b4db1c0799bc3124/server/out/vs/workbench/api/node/extensionHostProcess.js:11:11354)
	at m.eb (/home/assam_yoonseocho/.vscode-server/cli/servers/Stable-b1c0a14de1414fcdaa400695b4db1c0799bc3124/server/out/vs/workbench/api/node/extensionHostProcess.js:160:10056)
	at /home/assam_yoonseocho/.vscode-server/cli/servers/Stable-b1c0a14de1414fcdaa400695b4db1c0799bc3124/server/out/vs/workbench/api/node/extensionHostProcess.js:160:7927
	at Array.map (<anonymous>)
	at m.$ (/home/assam_yoonseocho/.vscode-server/cli/servers/Stable-b1c0a14de1414fcdaa400695b4db1c0799bc3124/server/out/vs/workbench/api/node/extensionHostProcess.js:160:7914)
	at m.terminate (/home/assam_yoonseocho/.vscode-server/cli/servers/Stable-b1c0a14de1414fcdaa400695b4db1c0799bc3124/server/out/vs/workbench/api/node/extensionHostProcess.js:160:8187)
	at $.terminate (/home/assam_yoonseocho/.vscode-server/cli/servers/Stable-b1c0a14de1414fcdaa400695b4db1c0799bc3124/server/out/vs/workbench/api/node/extensionHostProcess.js:164:1513)
	at o (/home/assam_yoonseocho/.vscode-server/cli/servers/Stable-b1c0a14de1414fcdaa400695b4db1c0799bc3124/server/out/vs/workbench/api/node/extensionHostProcess.js:177:10633)
	at j.a (/home/assam_yoonseocho/.vscode-server/cli/servers/Stable-b1c0a14de1414fcdaa400695b4db1c0799bc3124/server/out/vs/workbench/api/node/extensionHostProcess.js:177:7238)
	at j.h (/home/assam_yoonseocho/.vscode-server/cli/servers/Stable-b1c0a14de1414fcdaa400695b4db1c0799bc3124/server/out/vs/workbench/api/node/extensionHostProcess.js:87:21483)
	at listOnTimeout (node:internal/timers:573:17)
	at process.processTimers (node:internal/timers:514:7) setContext undefined
2024-09-21 03:27:15.754 [info] Extension host with pid 165979 exiting with code 0
