2024-09-22 15:28:37.085 [info] [main] 로그 수준: Info
2024-09-22 15:28:37.085 [info] [main] "git"에서 찾은 git 유효성을 검사하는 중
2024-09-22 15:28:37.085 [info] [main] "2.34.1"에서 git "git"을(를) 사용하는 중
2024-09-22 15:28:37.085 [info] [Model][doInitialScan] Initial repository scan started
2024-09-22 15:28:37.085 [info] > git rev-parse --show-toplevel [4ms]
2024-09-22 15:28:37.085 [info] > git rev-parse --git-dir --git-common-dir [6ms]
2024-09-22 15:28:37.085 [info] [Model][openRepository] Opened repository: /home/assam_yoonseocho/2024-os-hw1
2024-09-22 15:28:37.085 [info] > git config --get commit.template [5ms]
2024-09-22 15:28:37.085 [info] > git rev-parse --show-toplevel [4ms]
2024-09-22 15:28:37.085 [info] > git for-each-ref --format=%(refname)%00%(upstream:short)%00%(objectname)%00%(upstream:track)%00%(upstream:remotename)%00%(upstream:remoteref) refs/heads/32214362_yoonseocho refs/remotes/32214362_yoonseocho [4ms]
2024-09-22 15:28:37.086 [info] > git rev-parse --show-toplevel [2ms]
2024-09-22 15:28:37.091 [info] [Model][doInitialScan] Initial repository scan completed - repositories (1), closed repositories (0), parent repositories (0), unsafe repositories (0)
2024-09-22 15:28:37.093 [warning] [Git][revParse] Unable to read file: ENOENT: no such file or directory, open '/home/assam_yoonseocho/2024-os-hw1/.git/refs/remotes/origin/master'
2024-09-22 15:28:37.095 [info] > git rev-parse refs/remotes/origin/master [2ms]
2024-09-22 15:28:37.102 [info] > git status -z -uall [4ms]
2024-09-22 15:28:37.127 [info] > git for-each-ref --format=%(refname)%00%(upstream:short)%00%(objectname)%00%(upstream:track)%00%(upstream:remotename)%00%(upstream:remoteref) refs/heads/32214362_yoonseocho refs/remotes/32214362_yoonseocho [20ms]
2024-09-22 15:28:37.132 [info] > git config --get commit.template [4ms]
2024-09-22 15:28:37.132 [info] > git config --local branch.32214362_yoonseocho.vscode-merge-base [1ms]
2024-09-22 15:28:37.138 [info] > git for-each-ref --format=%(refname)%00%(upstream:short)%00%(objectname)%00%(upstream:track)%00%(upstream:remotename)%00%(upstream:remoteref) refs/heads/origin/master refs/remotes/origin/master [3ms]
2024-09-22 15:28:37.144 [info] > git for-each-ref --format=%(refname)%00%(upstream:short)%00%(objectname)%00%(upstream:track)%00%(upstream:remotename)%00%(upstream:remoteref) refs/heads/32214362_yoonseocho refs/remotes/32214362_yoonseocho [7ms]
2024-09-22 15:28:37.146 [warning] [Git][revParse] Unable to read file: ENOENT: no such file or directory, open '/home/assam_yoonseocho/2024-os-hw1/.git/refs/remotes/origin/master'
2024-09-22 15:28:37.147 [info] > git merge-base refs/heads/32214362_yoonseocho refs/remotes/origin/master [4ms]
2024-09-22 15:28:37.189 [info] > git rev-list --count --left-right refs/heads/32214362_yoonseocho...refs/remotes/origin/master [37ms]
2024-09-22 15:28:37.193 [info] > git rev-parse refs/remotes/origin/master [47ms]
2024-09-22 15:28:37.197 [info] > git diff --name-status -z --diff-filter=ADMR 3754e078984a4486af05a630408918cfc55ef03c...refs/remotes/origin/master [4ms]
2024-09-22 15:28:37.200 [info] > git status -z -uall [4ms]
2024-09-22 15:28:37.209 [info] > git for-each-ref --format=%(refname)%00%(upstream:short)%00%(objectname)%00%(upstream:track)%00%(upstream:remotename)%00%(upstream:remoteref) refs/heads/32214362_yoonseocho refs/remotes/32214362_yoonseocho [4ms]
2024-09-22 15:28:37.212 [info] > git config --local branch.32214362_yoonseocho.vscode-merge-base [1ms]
2024-09-22 15:28:37.216 [info] > git for-each-ref --format=%(refname)%00%(upstream:short)%00%(objectname)%00%(upstream:track)%00%(upstream:remotename)%00%(upstream:remoteref) refs/heads/origin/master refs/remotes/origin/master [1ms]
2024-09-22 15:28:37.490 [info] > git show --textconv :sish.c [4ms]
2024-09-22 15:28:37.492 [info] > git ls-files --stage -- /home/assam_yoonseocho/2024-os-hw1/sish.c [2ms]
2024-09-22 15:28:37.629 [info] > git check-ignore -v -z --stdin [2ms]
2024-09-22 15:29:31.988 [info] > git config --get commit.template [4ms]
2024-09-22 15:29:31.988 [info] > git for-each-ref --format=%(refname)%00%(upstream:short)%00%(objectname)%00%(upstream:track)%00%(upstream:remotename)%00%(upstream:remoteref) refs/heads/32214362_yoonseocho refs/remotes/32214362_yoonseocho [2ms]
2024-09-22 15:29:31.991 [warning] [Git][revParse] Unable to read file: ENOENT: no such file or directory, open '/home/assam_yoonseocho/2024-os-hw1/.git/refs/remotes/origin/master'
2024-09-22 15:29:31.992 [info] > git rev-parse refs/remotes/origin/master [1ms]
2024-09-22 15:29:31.998 [info] > git status -z -uall [3ms]
2024-09-22 15:29:32.006 [info] > git for-each-ref --format=%(refname)%00%(upstream:short)%00%(objectname)%00%(upstream:track)%00%(upstream:remotename)%00%(upstream:remoteref) refs/heads/32214362_yoonseocho refs/remotes/32214362_yoonseocho [3ms]
2024-09-22 15:29:32.010 [info] > git config --local branch.32214362_yoonseocho.vscode-merge-base [1ms]
2024-09-22 15:29:32.014 [info] > git for-each-ref --format=%(refname)%00%(upstream:short)%00%(objectname)%00%(upstream:track)%00%(upstream:remotename)%00%(upstream:remoteref) refs/heads/origin/master refs/remotes/origin/master [1ms]
2024-09-22 15:30:01.062 [info] > git for-each-ref --format=%(refname)%00%(upstream:short)%00%(objectname)%00%(upstream:track)%00%(upstream:remotename)%00%(upstream:remoteref) refs/heads/32214362_yoonseocho refs/remotes/32214362_yoonseocho [3ms]
2024-09-22 15:30:01.063 [info] > git config --get commit.template [7ms]
2024-09-22 15:30:01.067 [warning] [Git][revParse] Unable to read file: ENOENT: no such file or directory, open '/home/assam_yoonseocho/2024-os-hw1/.git/refs/remotes/origin/master'
2024-09-22 15:30:01.069 [info] > git rev-parse refs/remotes/origin/master [2ms]
2024-09-22 15:30:01.074 [info] > git status -z -uall [3ms]
2024-09-22 15:30:01.081 [info] > git for-each-ref --format=%(refname)%00%(upstream:short)%00%(objectname)%00%(upstream:track)%00%(upstream:remotename)%00%(upstream:remoteref) refs/heads/32214362_yoonseocho refs/remotes/32214362_yoonseocho [3ms]
2024-09-22 15:30:01.085 [info] > git config --local branch.32214362_yoonseocho.vscode-merge-base [1ms]
2024-09-22 15:30:01.090 [info] > git for-each-ref --format=%(refname)%00%(upstream:short)%00%(objectname)%00%(upstream:track)%00%(upstream:remotename)%00%(upstream:remoteref) refs/heads/origin/master refs/remotes/origin/master [1ms]
2024-09-22 15:30:11.035 [info] > git check-ignore -v -z --stdin [3ms]
2024-09-22 15:31:16.431 [info] > git check-ignore -v -z --stdin [3ms]
2024-09-22 15:33:13.511 [info] > git config --get commit.template [5ms]
2024-09-22 15:33:13.513 [info] > git for-each-ref --format=%(refname)%00%(upstream:short)%00%(objectname)%00%(upstream:track)%00%(upstream:remotename)%00%(upstream:remoteref) refs/heads/32214362_yoonseocho refs/remotes/32214362_yoonseocho [3ms]
2024-09-22 15:33:13.516 [warning] [Git][revParse] Unable to read file: ENOENT: no such file or directory, open '/home/assam_yoonseocho/2024-os-hw1/.git/refs/remotes/origin/master'
2024-09-22 15:33:13.518 [info] > git rev-parse refs/remotes/origin/master [2ms]
2024-09-22 15:33:13.523 [info] > git status -z -uall [3ms]
2024-09-22 15:33:13.531 [info] > git for-each-ref --format=%(refname)%00%(upstream:short)%00%(objectname)%00%(upstream:track)%00%(upstream:remotename)%00%(upstream:remoteref) refs/heads/32214362_yoonseocho refs/remotes/32214362_yoonseocho [4ms]
2024-09-22 15:33:13.535 [info] > git config --local branch.32214362_yoonseocho.vscode-merge-base [1ms]
2024-09-22 15:33:13.539 [info] > git for-each-ref --format=%(refname)%00%(upstream:short)%00%(objectname)%00%(upstream:track)%00%(upstream:remotename)%00%(upstream:remoteref) refs/heads/origin/master refs/remotes/origin/master [1ms]
2024-09-22 15:33:24.277 [info] > git config --get commit.template [4ms]
2024-09-22 15:33:24.278 [info] > git for-each-ref --format=%(refname)%00%(upstream:short)%00%(objectname)%00%(upstream:track)%00%(upstream:remotename)%00%(upstream:remoteref) refs/heads/32214362_yoonseocho refs/remotes/32214362_yoonseocho [1ms]
2024-09-22 15:33:24.281 [warning] [Git][revParse] Unable to read file: ENOENT: no such file or directory, open '/home/assam_yoonseocho/2024-os-hw1/.git/refs/remotes/origin/master'
2024-09-22 15:33:24.282 [info] > git rev-parse refs/remotes/origin/master [1ms]
2024-09-22 15:33:24.287 [info] > git status -z -uall [2ms]
2024-09-22 15:33:24.295 [info] > git for-each-ref --format=%(refname)%00%(upstream:short)%00%(objectname)%00%(upstream:track)%00%(upstream:remotename)%00%(upstream:remoteref) refs/heads/32214362_yoonseocho refs/remotes/32214362_yoonseocho [3ms]
2024-09-22 15:33:24.300 [info] > git config --local branch.32214362_yoonseocho.vscode-merge-base [1ms]
2024-09-22 15:33:24.304 [info] > git for-each-ref --format=%(refname)%00%(upstream:short)%00%(objectname)%00%(upstream:track)%00%(upstream:remotename)%00%(upstream:remoteref) refs/heads/origin/master refs/remotes/origin/master [2ms]
2024-09-22 15:33:42.479 [info] > git config --get commit.template [5ms]
2024-09-22 15:33:42.483 [info] > git for-each-ref --format=%(refname)%00%(upstream:short)%00%(objectname)%00%(upstream:track)%00%(upstream:remotename)%00%(upstream:remoteref) refs/heads/32214362_yoonseocho refs/remotes/32214362_yoonseocho [3ms]
2024-09-22 15:33:42.486 [warning] [Git][revParse] Unable to read file: ENOENT: no such file or directory, open '/home/assam_yoonseocho/2024-os-hw1/.git/refs/remotes/origin/master'
2024-09-22 15:33:42.488 [info] > git rev-parse refs/remotes/origin/master [2ms]
2024-09-22 15:33:42.494 [info] > git status -z -uall [3ms]
2024-09-22 15:33:42.502 [info] > git for-each-ref --format=%(refname)%00%(upstream:short)%00%(objectname)%00%(upstream:track)%00%(upstream:remotename)%00%(upstream:remoteref) refs/heads/32214362_yoonseocho refs/remotes/32214362_yoonseocho [3ms]
2024-09-22 15:33:42.506 [info] > git config --local branch.32214362_yoonseocho.vscode-merge-base [1ms]
2024-09-22 15:33:42.510 [info] > git for-each-ref --format=%(refname)%00%(upstream:short)%00%(objectname)%00%(upstream:track)%00%(upstream:remotename)%00%(upstream:remoteref) refs/heads/origin/master refs/remotes/origin/master [1ms]
2024-09-22 15:34:18.707 [info] > git check-ignore -v -z --stdin [3ms]
2024-09-22 15:34:18.969 [info] > git config --get commit.template [5ms]
2024-09-22 15:34:18.970 [info] > git for-each-ref --format=%(refname)%00%(upstream:short)%00%(objectname)%00%(upstream:track)%00%(upstream:remotename)%00%(upstream:remoteref) refs/heads/32214362_yoonseocho refs/remotes/32214362_yoonseocho [2ms]
2024-09-22 15:34:18.972 [warning] [Git][revParse] Unable to read file: ENOENT: no such file or directory, open '/home/assam_yoonseocho/2024-os-hw1/.git/refs/remotes/origin/master'
2024-09-22 15:34:18.973 [info] > git rev-parse refs/remotes/origin/master [1ms]
2024-09-22 15:34:18.979 [info] > git status -z -uall [2ms]
2024-09-22 15:34:18.986 [info] > git for-each-ref --format=%(refname)%00%(upstream:short)%00%(objectname)%00%(upstream:track)%00%(upstream:remotename)%00%(upstream:remoteref) refs/heads/32214362_yoonseocho refs/remotes/32214362_yoonseocho [3ms]
2024-09-22 15:34:18.991 [info] > git config --local branch.32214362_yoonseocho.vscode-merge-base [2ms]
2024-09-22 15:34:18.995 [info] > git for-each-ref --format=%(refname)%00%(upstream:short)%00%(objectname)%00%(upstream:track)%00%(upstream:remotename)%00%(upstream:remoteref) refs/heads/origin/master refs/remotes/origin/master [1ms]
2024-09-22 15:34:25.198 [info] > git config --get commit.template [4ms]
2024-09-22 15:34:25.199 [info] > git for-each-ref --format=%(refname)%00%(upstream:short)%00%(objectname)%00%(upstream:track)%00%(upstream:remotename)%00%(upstream:remoteref) refs/heads/32214362_yoonseocho refs/remotes/32214362_yoonseocho [1ms]
2024-09-22 15:34:25.201 [warning] [Git][revParse] Unable to read file: ENOENT: no such file or directory, open '/home/assam_yoonseocho/2024-os-hw1/.git/refs/remotes/origin/master'
2024-09-22 15:34:25.203 [info] > git rev-parse refs/remotes/origin/master [1ms]
2024-09-22 15:34:25.209 [info] > git status -z -uall [4ms]
2024-09-22 15:34:25.217 [info] > git for-each-ref --format=%(refname)%00%(upstream:short)%00%(objectname)%00%(upstream:track)%00%(upstream:remotename)%00%(upstream:remoteref) refs/heads/32214362_yoonseocho refs/remotes/32214362_yoonseocho [3ms]
2024-09-22 15:34:25.221 [info] > git config --local branch.32214362_yoonseocho.vscode-merge-base [1ms]
2024-09-22 15:34:25.226 [info] > git for-each-ref --format=%(refname)%00%(upstream:short)%00%(objectname)%00%(upstream:track)%00%(upstream:remotename)%00%(upstream:remoteref) refs/heads/origin/master refs/remotes/origin/master [2ms]
2024-09-22 15:46:35.340 [info] > git config --get commit.template [3ms]
2024-09-22 15:46:35.340 [info] > git for-each-ref --format=%(refname)%00%(upstream:short)%00%(objectname)%00%(upstream:track)%00%(upstream:remotename)%00%(upstream:remoteref) refs/heads/32214362_yoonseocho refs/remotes/32214362_yoonseocho [1ms]
2024-09-22 15:46:35.343 [warning] [Git][revParse] Unable to read file: ENOENT: no such file or directory, open '/home/assam_yoonseocho/2024-os-hw1/.git/refs/remotes/origin/master'
2024-09-22 15:46:35.344 [info] > git rev-parse refs/remotes/origin/master [1ms]
2024-09-22 15:46:35.350 [info] > git status -z -uall [3ms]
2024-09-22 15:46:35.357 [info] > git for-each-ref --format=%(refname)%00%(upstream:short)%00%(objectname)%00%(upstream:track)%00%(upstream:remotename)%00%(upstream:remoteref) refs/heads/32214362_yoonseocho refs/remotes/32214362_yoonseocho [3ms]
2024-09-22 15:46:35.361 [info] > git config --local branch.32214362_yoonseocho.vscode-merge-base [1ms]
2024-09-22 15:46:35.366 [info] > git for-each-ref --format=%(refname)%00%(upstream:short)%00%(objectname)%00%(upstream:track)%00%(upstream:remotename)%00%(upstream:remoteref) refs/heads/origin/master refs/remotes/origin/master [2ms]
2024-09-22 15:46:40.369 [info] > git config --get commit.template [4ms]
2024-09-22 15:46:40.370 [info] > git for-each-ref --format=%(refname)%00%(upstream:short)%00%(objectname)%00%(upstream:track)%00%(upstream:remotename)%00%(upstream:remoteref) refs/heads/32214362_yoonseocho refs/remotes/32214362_yoonseocho [2ms]
2024-09-22 15:46:40.372 [warning] [Git][revParse] Unable to read file: ENOENT: no such file or directory, open '/home/assam_yoonseocho/2024-os-hw1/.git/refs/remotes/origin/master'
2024-09-22 15:46:40.374 [info] > git rev-parse refs/remotes/origin/master [1ms]
2024-09-22 15:46:40.380 [info] > git status -z -uall [4ms]
2024-09-22 15:46:40.388 [info] > git for-each-ref --format=%(refname)%00%(upstream:short)%00%(objectname)%00%(upstream:track)%00%(upstream:remotename)%00%(upstream:remoteref) refs/heads/32214362_yoonseocho refs/remotes/32214362_yoonseocho [4ms]
2024-09-22 15:46:40.392 [info] > git config --local branch.32214362_yoonseocho.vscode-merge-base [1ms]
2024-09-22 15:46:40.396 [info] > git for-each-ref --format=%(refname)%00%(upstream:short)%00%(objectname)%00%(upstream:track)%00%(upstream:remotename)%00%(upstream:remoteref) refs/heads/origin/master refs/remotes/origin/master [1ms]
2024-09-22 15:51:14.770 [info] > git config --get commit.template [3ms]
2024-09-22 15:51:14.771 [info] > git for-each-ref --format=%(refname)%00%(upstream:short)%00%(objectname)%00%(upstream:track)%00%(upstream:remotename)%00%(upstream:remoteref) refs/heads/32214362_yoonseocho refs/remotes/32214362_yoonseocho [2ms]
2024-09-22 15:51:14.773 [warning] [Git][revParse] Unable to read file: ENOENT: no such file or directory, open '/home/assam_yoonseocho/2024-os-hw1/.git/refs/remotes/origin/master'
2024-09-22 15:51:14.774 [info] > git rev-parse refs/remotes/origin/master [1ms]
2024-09-22 15:51:14.779 [info] > git status -z -uall [2ms]
2024-09-22 15:51:14.785 [info] > git for-each-ref --format=%(refname)%00%(upstream:short)%00%(objectname)%00%(upstream:track)%00%(upstream:remotename)%00%(upstream:remoteref) refs/heads/32214362_yoonseocho refs/remotes/32214362_yoonseocho [2ms]
2024-09-22 15:51:14.789 [info] > git config --local branch.32214362_yoonseocho.vscode-merge-base [1ms]
2024-09-22 15:51:14.795 [info] > git for-each-ref --format=%(refname)%00%(upstream:short)%00%(objectname)%00%(upstream:track)%00%(upstream:remotename)%00%(upstream:remoteref) refs/heads/origin/master refs/remotes/origin/master [3ms]
2024-09-22 15:51:22.073 [info] > git config --get commit.template [4ms]
2024-09-22 15:51:22.075 [info] > git for-each-ref --format=%(refname)%00%(upstream:short)%00%(objectname)%00%(upstream:track)%00%(upstream:remotename)%00%(upstream:remoteref) refs/heads/32214362_yoonseocho refs/remotes/32214362_yoonseocho [3ms]
2024-09-22 15:51:22.078 [warning] [Git][revParse] Unable to read file: ENOENT: no such file or directory, open '/home/assam_yoonseocho/2024-os-hw1/.git/refs/remotes/origin/master'
2024-09-22 15:51:22.079 [info] > git rev-parse refs/remotes/origin/master [2ms]
2024-09-22 15:51:22.084 [info] > git status -z -uall [3ms]
2024-09-22 15:51:22.090 [info] > git for-each-ref --format=%(refname)%00%(upstream:short)%00%(objectname)%00%(upstream:track)%00%(upstream:remotename)%00%(upstream:remoteref) refs/heads/32214362_yoonseocho refs/remotes/32214362_yoonseocho [3ms]
2024-09-22 15:51:22.094 [info] > git config --local branch.32214362_yoonseocho.vscode-merge-base [1ms]
2024-09-22 15:51:22.098 [info] > git for-each-ref --format=%(refname)%00%(upstream:short)%00%(objectname)%00%(upstream:track)%00%(upstream:remotename)%00%(upstream:remoteref) refs/heads/origin/master refs/remotes/origin/master [1ms]
2024-09-22 15:53:47.696 [info] > git config --get commit.template [3ms]
2024-09-22 15:53:47.696 [info] > git for-each-ref --format=%(refname)%00%(upstream:short)%00%(objectname)%00%(upstream:track)%00%(upstream:remotename)%00%(upstream:remoteref) refs/heads/32214362_yoonseocho refs/remotes/32214362_yoonseocho [1ms]
2024-09-22 15:53:47.698 [warning] [Git][revParse] Unable to read file: ENOENT: no such file or directory, open '/home/assam_yoonseocho/2024-os-hw1/.git/refs/remotes/origin/master'
2024-09-22 15:53:47.699 [info] > git rev-parse refs/remotes/origin/master [1ms]
2024-09-22 15:53:47.705 [info] > git status -z -uall [3ms]
2024-09-22 15:53:47.710 [info] > git for-each-ref --format=%(refname)%00%(upstream:short)%00%(objectname)%00%(upstream:track)%00%(upstream:remotename)%00%(upstream:remoteref) refs/heads/32214362_yoonseocho refs/remotes/32214362_yoonseocho [2ms]
2024-09-22 15:53:47.715 [info] > git config --local branch.32214362_yoonseocho.vscode-merge-base [1ms]
2024-09-22 15:53:47.719 [info] > git for-each-ref --format=%(refname)%00%(upstream:short)%00%(objectname)%00%(upstream:track)%00%(upstream:remotename)%00%(upstream:remoteref) refs/heads/origin/master refs/remotes/origin/master [1ms]
2024-09-22 15:53:55.051 [info] > git config --get commit.template [5ms]
2024-09-22 15:53:55.054 [info] > git for-each-ref --format=%(refname)%00%(upstream:short)%00%(objectname)%00%(upstream:track)%00%(upstream:remotename)%00%(upstream:remoteref) refs/heads/32214362_yoonseocho refs/remotes/32214362_yoonseocho [3ms]
2024-09-22 15:53:55.057 [warning] [Git][revParse] Unable to read file: ENOENT: no such file or directory, open '/home/assam_yoonseocho/2024-os-hw1/.git/refs/remotes/origin/master'
2024-09-22 15:53:55.058 [info] > git rev-parse refs/remotes/origin/master [1ms]
2024-09-22 15:53:55.066 [info] > git status -z -uall [4ms]
2024-09-22 15:53:55.074 [info] > git for-each-ref --format=%(refname)%00%(upstream:short)%00%(objectname)%00%(upstream:track)%00%(upstream:remotename)%00%(upstream:remoteref) refs/heads/32214362_yoonseocho refs/remotes/32214362_yoonseocho [3ms]
2024-09-22 15:53:55.078 [info] > git config --local branch.32214362_yoonseocho.vscode-merge-base [1ms]
2024-09-22 15:53:55.083 [info] > git for-each-ref --format=%(refname)%00%(upstream:short)%00%(objectname)%00%(upstream:track)%00%(upstream:remotename)%00%(upstream:remoteref) refs/heads/origin/master refs/remotes/origin/master [1ms]
2024-09-22 15:55:41.140 [info] > git config --get commit.template [5ms]
2024-09-22 15:55:41.141 [info] > git for-each-ref --format=%(refname)%00%(upstream:short)%00%(objectname)%00%(upstream:track)%00%(upstream:remotename)%00%(upstream:remoteref) refs/heads/32214362_yoonseocho refs/remotes/32214362_yoonseocho [2ms]
2024-09-22 15:55:41.144 [warning] [Git][revParse] Unable to read file: ENOENT: no such file or directory, open '/home/assam_yoonseocho/2024-os-hw1/.git/refs/remotes/origin/master'
2024-09-22 15:55:41.145 [info] > git rev-parse refs/remotes/origin/master [1ms]
2024-09-22 15:55:41.150 [info] > git status -z -uall [2ms]
2024-09-22 15:55:41.157 [info] > git for-each-ref --format=%(refname)%00%(upstream:short)%00%(objectname)%00%(upstream:track)%00%(upstream:remotename)%00%(upstream:remoteref) refs/heads/32214362_yoonseocho refs/remotes/32214362_yoonseocho [3ms]
2024-09-22 15:55:41.161 [info] > git config --local branch.32214362_yoonseocho.vscode-merge-base [1ms]
2024-09-22 15:55:41.165 [info] > git for-each-ref --format=%(refname)%00%(upstream:short)%00%(objectname)%00%(upstream:track)%00%(upstream:remotename)%00%(upstream:remoteref) refs/heads/origin/master refs/remotes/origin/master [2ms]
2024-09-22 15:55:46.168 [info] > git config --get commit.template [5ms]
2024-09-22 15:55:46.169 [info] > git for-each-ref --format=%(refname)%00%(upstream:short)%00%(objectname)%00%(upstream:track)%00%(upstream:remotename)%00%(upstream:remoteref) refs/heads/32214362_yoonseocho refs/remotes/32214362_yoonseocho [2ms]
2024-09-22 15:55:46.171 [warning] [Git][revParse] Unable to read file: ENOENT: no such file or directory, open '/home/assam_yoonseocho/2024-os-hw1/.git/refs/remotes/origin/master'
2024-09-22 15:55:46.172 [info] > git rev-parse refs/remotes/origin/master [1ms]
2024-09-22 15:55:46.178 [info] > git status -z -uall [3ms]
2024-09-22 15:55:46.186 [info] > git for-each-ref --format=%(refname)%00%(upstream:short)%00%(objectname)%00%(upstream:track)%00%(upstream:remotename)%00%(upstream:remoteref) refs/heads/32214362_yoonseocho refs/remotes/32214362_yoonseocho [3ms]
2024-09-22 15:55:46.190 [info] > git config --local branch.32214362_yoonseocho.vscode-merge-base [1ms]
2024-09-22 15:55:46.194 [info] > git for-each-ref --format=%(refname)%00%(upstream:short)%00%(objectname)%00%(upstream:track)%00%(upstream:remotename)%00%(upstream:remoteref) refs/heads/origin/master refs/remotes/origin/master [1ms]
2024-09-22 15:55:51.197 [info] > git config --get commit.template [4ms]
2024-09-22 15:55:51.198 [info] > git for-each-ref --format=%(refname)%00%(upstream:short)%00%(objectname)%00%(upstream:track)%00%(upstream:remotename)%00%(upstream:remoteref) refs/heads/32214362_yoonseocho refs/remotes/32214362_yoonseocho [2ms]
2024-09-22 15:55:51.200 [warning] [Git][revParse] Unable to read file: ENOENT: no such file or directory, open '/home/assam_yoonseocho/2024-os-hw1/.git/refs/remotes/origin/master'
2024-09-22 15:55:51.202 [info] > git rev-parse refs/remotes/origin/master [2ms]
2024-09-22 15:55:51.207 [info] > git status -z -uall [3ms]
2024-09-22 15:55:51.217 [info] > git for-each-ref --format=%(refname)%00%(upstream:short)%00%(objectname)%00%(upstream:track)%00%(upstream:remotename)%00%(upstream:remoteref) refs/heads/32214362_yoonseocho refs/remotes/32214362_yoonseocho [4ms]
2024-09-22 15:55:51.220 [info] > git config --local branch.32214362_yoonseocho.vscode-merge-base [1ms]
2024-09-22 15:55:51.225 [info] > git for-each-ref --format=%(refname)%00%(upstream:short)%00%(objectname)%00%(upstream:track)%00%(upstream:remotename)%00%(upstream:remoteref) refs/heads/origin/master refs/remotes/origin/master [1ms]
2024-09-22 16:17:10.317 [info] > git config --get commit.template [5ms]
2024-09-22 16:17:10.318 [info] > git for-each-ref --format=%(refname)%00%(upstream:short)%00%(objectname)%00%(upstream:track)%00%(upstream:remotename)%00%(upstream:remoteref) refs/heads/32214362_yoonseocho refs/remotes/32214362_yoonseocho [2ms]
2024-09-22 16:17:10.320 [warning] [Git][revParse] Unable to read file: ENOENT: no such file or directory, open '/home/assam_yoonseocho/2024-os-hw1/.git/refs/remotes/origin/master'
2024-09-22 16:17:10.321 [info] > git rev-parse refs/remotes/origin/master [1ms]
2024-09-22 16:17:10.326 [info] > git status -z -uall [2ms]
2024-09-22 16:17:10.332 [info] > git for-each-ref --format=%(refname)%00%(upstream:short)%00%(objectname)%00%(upstream:track)%00%(upstream:remotename)%00%(upstream:remoteref) refs/heads/32214362_yoonseocho refs/remotes/32214362_yoonseocho [2ms]
2024-09-22 16:17:10.337 [info] > git config --local branch.32214362_yoonseocho.vscode-merge-base [2ms]
2024-09-22 16:17:10.341 [info] > git for-each-ref --format=%(refname)%00%(upstream:short)%00%(objectname)%00%(upstream:track)%00%(upstream:remotename)%00%(upstream:remoteref) refs/heads/origin/master refs/remotes/origin/master [1ms]
2024-09-22 16:17:17.282 [info] > git config --get commit.template [4ms]
2024-09-22 16:17:17.283 [info] > git for-each-ref --format=%(refname)%00%(upstream:short)%00%(objectname)%00%(upstream:track)%00%(upstream:remotename)%00%(upstream:remoteref) refs/heads/32214362_yoonseocho refs/remotes/32214362_yoonseocho [2ms]
2024-09-22 16:17:17.286 [warning] [Git][revParse] Unable to read file: ENOENT: no such file or directory, open '/home/assam_yoonseocho/2024-os-hw1/.git/refs/remotes/origin/master'
2024-09-22 16:17:17.287 [info] > git rev-parse refs/remotes/origin/master [1ms]
2024-09-22 16:17:17.293 [info] > git status -z -uall [2ms]
2024-09-22 16:17:17.300 [info] > git for-each-ref --format=%(refname)%00%(upstream:short)%00%(objectname)%00%(upstream:track)%00%(upstream:remotename)%00%(upstream:remoteref) refs/heads/32214362_yoonseocho refs/remotes/32214362_yoonseocho [2ms]
2024-09-22 16:17:17.305 [info] > git config --local branch.32214362_yoonseocho.vscode-merge-base [2ms]
2024-09-22 16:17:17.312 [info] > git for-each-ref --format=%(refname)%00%(upstream:short)%00%(objectname)%00%(upstream:track)%00%(upstream:remotename)%00%(upstream:remoteref) refs/heads/origin/master refs/remotes/origin/master [2ms]
2024-09-22 16:29:16.760 [info] > git config --get commit.template [4ms]
2024-09-22 16:29:16.761 [info] > git for-each-ref --format=%(refname)%00%(upstream:short)%00%(objectname)%00%(upstream:track)%00%(upstream:remotename)%00%(upstream:remoteref) refs/heads/32214362_yoonseocho refs/remotes/32214362_yoonseocho [2ms]
2024-09-22 16:29:16.764 [warning] [Git][revParse] Unable to read file: ENOENT: no such file or directory, open '/home/assam_yoonseocho/2024-os-hw1/.git/refs/remotes/origin/master'
2024-09-22 16:29:16.765 [info] > git rev-parse refs/remotes/origin/master [2ms]
2024-09-22 16:29:16.769 [info] > git status -z -uall [2ms]
2024-09-22 16:29:16.776 [info] > git for-each-ref --format=%(refname)%00%(upstream:short)%00%(objectname)%00%(upstream:track)%00%(upstream:remotename)%00%(upstream:remoteref) refs/heads/32214362_yoonseocho refs/remotes/32214362_yoonseocho [3ms]
2024-09-22 16:29:16.780 [info] > git config --local branch.32214362_yoonseocho.vscode-merge-base [1ms]
2024-09-22 16:29:16.784 [info] > git for-each-ref --format=%(refname)%00%(upstream:short)%00%(objectname)%00%(upstream:track)%00%(upstream:remotename)%00%(upstream:remoteref) refs/heads/origin/master refs/remotes/origin/master [1ms]
2024-09-22 16:29:21.788 [info] > git config --get commit.template [5ms]
2024-09-22 16:29:21.791 [info] > git for-each-ref --format=%(refname)%00%(upstream:short)%00%(objectname)%00%(upstream:track)%00%(upstream:remotename)%00%(upstream:remoteref) refs/heads/32214362_yoonseocho refs/remotes/32214362_yoonseocho [3ms]
2024-09-22 16:29:21.794 [warning] [Git][revParse] Unable to read file: ENOENT: no such file or directory, open '/home/assam_yoonseocho/2024-os-hw1/.git/refs/remotes/origin/master'
2024-09-22 16:29:21.796 [info] > git rev-parse refs/remotes/origin/master [2ms]
2024-09-22 16:29:21.803 [info] > git status -z -uall [4ms]
2024-09-22 16:29:21.810 [info] > git for-each-ref --format=%(refname)%00%(upstream:short)%00%(objectname)%00%(upstream:track)%00%(upstream:remotename)%00%(upstream:remoteref) refs/heads/32214362_yoonseocho refs/remotes/32214362_yoonseocho [3ms]
2024-09-22 16:29:21.814 [info] > git config --local branch.32214362_yoonseocho.vscode-merge-base [1ms]
2024-09-22 16:29:21.819 [info] > git for-each-ref --format=%(refname)%00%(upstream:short)%00%(objectname)%00%(upstream:track)%00%(upstream:remotename)%00%(upstream:remoteref) refs/heads/origin/master refs/remotes/origin/master [2ms]
2024-09-22 16:31:48.737 [info] > git config --get commit.template [3ms]
2024-09-22 16:31:48.737 [info] > git for-each-ref --format=%(refname)%00%(upstream:short)%00%(objectname)%00%(upstream:track)%00%(upstream:remotename)%00%(upstream:remoteref) refs/heads/32214362_yoonseocho refs/remotes/32214362_yoonseocho [1ms]
2024-09-22 16:31:48.739 [warning] [Git][revParse] Unable to read file: ENOENT: no such file or directory, open '/home/assam_yoonseocho/2024-os-hw1/.git/refs/remotes/origin/master'
2024-09-22 16:31:48.741 [info] > git rev-parse refs/remotes/origin/master [2ms]
2024-09-22 16:31:48.745 [info] > git status -z -uall [2ms]
2024-09-22 16:31:48.753 [info] > git for-each-ref --format=%(refname)%00%(upstream:short)%00%(objectname)%00%(upstream:track)%00%(upstream:remotename)%00%(upstream:remoteref) refs/heads/32214362_yoonseocho refs/remotes/32214362_yoonseocho [3ms]
2024-09-22 16:31:48.758 [info] > git config --local branch.32214362_yoonseocho.vscode-merge-base [2ms]
2024-09-22 16:31:48.762 [info] > git for-each-ref --format=%(refname)%00%(upstream:short)%00%(objectname)%00%(upstream:track)%00%(upstream:remotename)%00%(upstream:remoteref) refs/heads/origin/master refs/remotes/origin/master [1ms]
2024-09-22 16:32:03.103 [info] > git config --get commit.template [5ms]
2024-09-22 16:32:03.105 [info] > git for-each-ref --format=%(refname)%00%(upstream:short)%00%(objectname)%00%(upstream:track)%00%(upstream:remotename)%00%(upstream:remoteref) refs/heads/32214362_yoonseocho refs/remotes/32214362_yoonseocho [2ms]
2024-09-22 16:32:03.108 [warning] [Git][revParse] Unable to read file: ENOENT: no such file or directory, open '/home/assam_yoonseocho/2024-os-hw1/.git/refs/remotes/origin/master'
2024-09-22 16:32:03.110 [info] > git rev-parse refs/remotes/origin/master [2ms]
2024-09-22 16:32:03.117 [info] > git status -z -uall [4ms]
2024-09-22 16:32:03.125 [info] > git for-each-ref --format=%(refname)%00%(upstream:short)%00%(objectname)%00%(upstream:track)%00%(upstream:remotename)%00%(upstream:remoteref) refs/heads/32214362_yoonseocho refs/remotes/32214362_yoonseocho [4ms]
2024-09-22 16:32:03.128 [info] > git config --local branch.32214362_yoonseocho.vscode-merge-base [1ms]
2024-09-22 16:32:03.132 [info] > git for-each-ref --format=%(refname)%00%(upstream:short)%00%(objectname)%00%(upstream:track)%00%(upstream:remotename)%00%(upstream:remoteref) refs/heads/origin/master refs/remotes/origin/master [1ms]
2024-09-22 16:32:29.154 [info] > git config --get commit.template [6ms]
2024-09-22 16:32:29.156 [info] > git for-each-ref --format=%(refname)%00%(upstream:short)%00%(objectname)%00%(upstream:track)%00%(upstream:remotename)%00%(upstream:remoteref) refs/heads/32214362_yoonseocho refs/remotes/32214362_yoonseocho [3ms]
2024-09-22 16:32:29.160 [warning] [Git][revParse] Unable to read file: ENOENT: no such file or directory, open '/home/assam_yoonseocho/2024-os-hw1/.git/refs/remotes/origin/master'
2024-09-22 16:32:29.162 [info] > git rev-parse refs/remotes/origin/master [1ms]
2024-09-22 16:32:29.169 [info] > git status -z -uall [4ms]
2024-09-22 16:32:29.176 [info] > git for-each-ref --format=%(refname)%00%(upstream:short)%00%(objectname)%00%(upstream:track)%00%(upstream:remotename)%00%(upstream:remoteref) refs/heads/32214362_yoonseocho refs/remotes/32214362_yoonseocho [3ms]
2024-09-22 16:32:29.180 [info] > git config --local branch.32214362_yoonseocho.vscode-merge-base [1ms]
2024-09-22 16:32:29.184 [info] > git for-each-ref --format=%(refname)%00%(upstream:short)%00%(objectname)%00%(upstream:track)%00%(upstream:remotename)%00%(upstream:remoteref) refs/heads/origin/master refs/remotes/origin/master [1ms]
2024-09-22 16:33:08.730 [info] > git config --get commit.template [6ms]
2024-09-22 16:33:08.733 [info] > git for-each-ref --format=%(refname)%00%(upstream:short)%00%(objectname)%00%(upstream:track)%00%(upstream:remotename)%00%(upstream:remoteref) refs/heads/32214362_yoonseocho refs/remotes/32214362_yoonseocho [4ms]
2024-09-22 16:33:08.735 [warning] [Git][revParse] Unable to read file: ENOENT: no such file or directory, open '/home/assam_yoonseocho/2024-os-hw1/.git/refs/remotes/origin/master'
2024-09-22 16:33:08.737 [info] > git rev-parse refs/remotes/origin/master [2ms]
2024-09-22 16:33:08.744 [info] > git status -z -uall [4ms]
2024-09-22 16:33:08.752 [info] > git for-each-ref --format=%(refname)%00%(upstream:short)%00%(objectname)%00%(upstream:track)%00%(upstream:remotename)%00%(upstream:remoteref) refs/heads/32214362_yoonseocho refs/remotes/32214362_yoonseocho [4ms]
2024-09-22 16:33:08.755 [info] > git config --local branch.32214362_yoonseocho.vscode-merge-base [1ms]
2024-09-22 16:33:08.759 [info] > git for-each-ref --format=%(refname)%00%(upstream:short)%00%(objectname)%00%(upstream:track)%00%(upstream:remotename)%00%(upstream:remoteref) refs/heads/origin/master refs/remotes/origin/master [1ms]
2024-09-22 16:33:13.772 [info] > git config --get commit.template [5ms]
2024-09-22 16:33:13.775 [info] > git for-each-ref --format=%(refname)%00%(upstream:short)%00%(objectname)%00%(upstream:track)%00%(upstream:remotename)%00%(upstream:remoteref) refs/heads/32214362_yoonseocho refs/remotes/32214362_yoonseocho [4ms]
2024-09-22 16:33:13.778 [warning] [Git][revParse] Unable to read file: ENOENT: no such file or directory, open '/home/assam_yoonseocho/2024-os-hw1/.git/refs/remotes/origin/master'
2024-09-22 16:33:13.780 [info] > git rev-parse refs/remotes/origin/master [2ms]
2024-09-22 16:33:13.786 [info] > git status -z -uall [3ms]
2024-09-22 16:33:13.792 [info] > git for-each-ref --format=%(refname)%00%(upstream:short)%00%(objectname)%00%(upstream:track)%00%(upstream:remotename)%00%(upstream:remoteref) refs/heads/32214362_yoonseocho refs/remotes/32214362_yoonseocho [3ms]
2024-09-22 16:33:13.796 [info] > git config --local branch.32214362_yoonseocho.vscode-merge-base [1ms]
2024-09-22 16:33:13.801 [info] > git for-each-ref --format=%(refname)%00%(upstream:short)%00%(objectname)%00%(upstream:track)%00%(upstream:remotename)%00%(upstream:remoteref) refs/heads/origin/master refs/remotes/origin/master [2ms]
2024-09-22 16:33:18.803 [info] > git config --get commit.template [4ms]
2024-09-22 16:33:18.804 [info] > git for-each-ref --format=%(refname)%00%(upstream:short)%00%(objectname)%00%(upstream:track)%00%(upstream:remotename)%00%(upstream:remoteref) refs/heads/32214362_yoonseocho refs/remotes/32214362_yoonseocho [1ms]
2024-09-22 16:33:18.807 [warning] [Git][revParse] Unable to read file: ENOENT: no such file or directory, open '/home/assam_yoonseocho/2024-os-hw1/.git/refs/remotes/origin/master'
2024-09-22 16:33:18.808 [info] > git rev-parse refs/remotes/origin/master [1ms]
2024-09-22 16:33:18.814 [info] > git status -z -uall [3ms]
2024-09-22 16:33:18.820 [info] > git for-each-ref --format=%(refname)%00%(upstream:short)%00%(objectname)%00%(upstream:track)%00%(upstream:remotename)%00%(upstream:remoteref) refs/heads/32214362_yoonseocho refs/remotes/32214362_yoonseocho [2ms]
2024-09-22 16:33:18.825 [info] > git config --local branch.32214362_yoonseocho.vscode-merge-base [2ms]
2024-09-22 16:33:18.829 [info] > git for-each-ref --format=%(refname)%00%(upstream:short)%00%(objectname)%00%(upstream:track)%00%(upstream:remotename)%00%(upstream:remoteref) refs/heads/origin/master refs/remotes/origin/master [1ms]
2024-09-22 16:35:13.179 [info] > git config --get commit.template [4ms]
2024-09-22 16:35:13.180 [info] > git for-each-ref --format=%(refname)%00%(upstream:short)%00%(objectname)%00%(upstream:track)%00%(upstream:remotename)%00%(upstream:remoteref) refs/heads/32214362_yoonseocho refs/remotes/32214362_yoonseocho [2ms]
2024-09-22 16:35:13.182 [warning] [Git][revParse] Unable to read file: ENOENT: no such file or directory, open '/home/assam_yoonseocho/2024-os-hw1/.git/refs/remotes/origin/master'
2024-09-22 16:35:13.183 [info] > git rev-parse refs/remotes/origin/master [1ms]
2024-09-22 16:35:13.188 [info] > git status -z -uall [2ms]
2024-09-22 16:35:13.195 [info] > git for-each-ref --format=%(refname)%00%(upstream:short)%00%(objectname)%00%(upstream:track)%00%(upstream:remotename)%00%(upstream:remoteref) refs/heads/32214362_yoonseocho refs/remotes/32214362_yoonseocho [3ms]
2024-09-22 16:35:13.200 [info] > git config --local branch.32214362_yoonseocho.vscode-merge-base [1ms]
2024-09-22 16:35:13.209 [info] > git for-each-ref --format=%(refname)%00%(upstream:short)%00%(objectname)%00%(upstream:track)%00%(upstream:remotename)%00%(upstream:remoteref) refs/heads/origin/master refs/remotes/origin/master [3ms]
2024-09-22 16:35:18.209 [info] > git config --get commit.template [4ms]
2024-09-22 16:35:18.210 [info] > git for-each-ref --format=%(refname)%00%(upstream:short)%00%(objectname)%00%(upstream:track)%00%(upstream:remotename)%00%(upstream:remoteref) refs/heads/32214362_yoonseocho refs/remotes/32214362_yoonseocho [2ms]
2024-09-22 16:35:18.212 [warning] [Git][revParse] Unable to read file: ENOENT: no such file or directory, open '/home/assam_yoonseocho/2024-os-hw1/.git/refs/remotes/origin/master'
2024-09-22 16:35:18.213 [info] > git rev-parse refs/remotes/origin/master [1ms]
2024-09-22 16:35:18.219 [info] > git status -z -uall [3ms]
2024-09-22 16:35:18.227 [info] > git for-each-ref --format=%(refname)%00%(upstream:short)%00%(objectname)%00%(upstream:track)%00%(upstream:remotename)%00%(upstream:remoteref) refs/heads/32214362_yoonseocho refs/remotes/32214362_yoonseocho [3ms]
2024-09-22 16:35:18.232 [info] > git config --local branch.32214362_yoonseocho.vscode-merge-base [1ms]
2024-09-22 16:35:18.237 [info] > git for-each-ref --format=%(refname)%00%(upstream:short)%00%(objectname)%00%(upstream:track)%00%(upstream:remotename)%00%(upstream:remoteref) refs/heads/origin/master refs/remotes/origin/master [1ms]
2024-09-22 16:35:23.237 [info] > git config --get commit.template [5ms]
2024-09-22 16:35:23.238 [info] > git for-each-ref --format=%(refname)%00%(upstream:short)%00%(objectname)%00%(upstream:track)%00%(upstream:remotename)%00%(upstream:remoteref) refs/heads/32214362_yoonseocho refs/remotes/32214362_yoonseocho [2ms]
2024-09-22 16:35:23.240 [warning] [Git][revParse] Unable to read file: ENOENT: no such file or directory, open '/home/assam_yoonseocho/2024-os-hw1/.git/refs/remotes/origin/master'
2024-09-22 16:35:23.242 [info] > git rev-parse refs/remotes/origin/master [2ms]
2024-09-22 16:35:23.246 [info] > git status -z -uall [2ms]
2024-09-22 16:35:23.254 [info] > git for-each-ref --format=%(refname)%00%(upstream:short)%00%(objectname)%00%(upstream:track)%00%(upstream:remotename)%00%(upstream:remoteref) refs/heads/32214362_yoonseocho refs/remotes/32214362_yoonseocho [4ms]
2024-09-22 16:35:23.260 [info] > git config --local branch.32214362_yoonseocho.vscode-merge-base [2ms]
2024-09-22 16:35:23.264 [info] > git for-each-ref --format=%(refname)%00%(upstream:short)%00%(objectname)%00%(upstream:track)%00%(upstream:remotename)%00%(upstream:remoteref) refs/heads/origin/master refs/remotes/origin/master [1ms]
