2024-09-22 20:49:45.197 [info] [main] 로그 수준: Info
2024-09-22 20:49:45.197 [info] [main] "git"에서 찾은 git 유효성을 검사하는 중
2024-09-22 20:49:45.197 [info] [main] "2.34.1"에서 git "git"을(를) 사용하는 중
2024-09-22 20:49:45.197 [info] [Model][doInitialScan] Initial repository scan started
2024-09-22 20:49:45.197 [info] > git rev-parse --show-toplevel [5ms]
2024-09-22 20:49:45.197 [info] > git rev-parse --git-dir --git-common-dir [4ms]
2024-09-22 20:49:45.197 [info] [Model][openRepository] Opened repository: /home/assam_yoonseocho/2024-os-hw1
2024-09-22 20:49:45.199 [info] > git rev-parse --show-toplevel [6ms]
2024-09-22 20:49:45.200 [info] > git config --get commit.template [10ms]
2024-09-22 20:49:45.207 [info] > git rev-parse --show-toplevel [5ms]
2024-09-22 20:49:45.212 [info] [Model][doInitialScan] Initial repository scan completed - repositories (1), closed repositories (0), parent repositories (0), unsafe repositories (0)
2024-09-22 20:49:45.215 [info] > git for-each-ref --format=%(refname)%00%(upstream:short)%00%(objectname)%00%(upstream:track)%00%(upstream:remotename)%00%(upstream:remoteref) refs/heads/32214362_yoonseocho refs/remotes/32214362_yoonseocho [10ms]
2024-09-22 20:49:45.218 [warning] [Git][revParse] Unable to read file: ENOENT: no such file or directory, open '/home/assam_yoonseocho/2024-os-hw1/.git/refs/remotes/origin/master'
2024-09-22 20:49:45.287 [info] > git rev-parse refs/remotes/origin/master [69ms]
2024-09-22 20:49:45.295 [info] > git status -z -uall [4ms]
2024-09-22 20:49:45.376 [info] > git for-each-ref --format=%(refname)%00%(upstream:short)%00%(objectname)%00%(upstream:track)%00%(upstream:remotename)%00%(upstream:remoteref) refs/heads/32214362_yoonseocho refs/remotes/32214362_yoonseocho [61ms]
2024-09-22 20:49:45.385 [info] > git config --get commit.template [9ms]
2024-09-22 20:49:45.385 [info] > git config --local branch.32214362_yoonseocho.vscode-merge-base [5ms]
2024-09-22 20:49:45.394 [info] > git for-each-ref --format=%(refname)%00%(upstream:short)%00%(objectname)%00%(upstream:track)%00%(upstream:remotename)%00%(upstream:remoteref) refs/heads/origin/master refs/remotes/origin/master [6ms]
2024-09-22 20:49:45.399 [info] > git for-each-ref --format=%(refname)%00%(upstream:short)%00%(objectname)%00%(upstream:track)%00%(upstream:remotename)%00%(upstream:remoteref) refs/heads/32214362_yoonseocho refs/remotes/32214362_yoonseocho [7ms]
2024-09-22 20:49:45.401 [warning] [Git][revParse] Unable to read file: ENOENT: no such file or directory, open '/home/assam_yoonseocho/2024-os-hw1/.git/refs/remotes/origin/master'
2024-09-22 20:49:45.402 [info] > git merge-base refs/heads/32214362_yoonseocho refs/remotes/origin/master [4ms]
2024-09-22 20:49:45.560 [info] > git rev-list --count --left-right refs/heads/32214362_yoonseocho...refs/remotes/origin/master [155ms]
2024-09-22 20:49:45.564 [info] > git rev-parse refs/remotes/origin/master [163ms]
2024-09-22 20:49:45.570 [info] > git diff --name-status -z --diff-filter=ADMR 3754e078984a4486af05a630408918cfc55ef03c...refs/remotes/origin/master [6ms]
2024-09-22 20:49:45.572 [info] > git status -z -uall [4ms]
2024-09-22 20:49:45.581 [info] > git for-each-ref --format=%(refname)%00%(upstream:short)%00%(objectname)%00%(upstream:track)%00%(upstream:remotename)%00%(upstream:remoteref) refs/heads/32214362_yoonseocho refs/remotes/32214362_yoonseocho [4ms]
2024-09-22 20:49:45.587 [info] > git config --local branch.32214362_yoonseocho.vscode-merge-base [2ms]
2024-09-22 20:49:45.591 [info] > git for-each-ref --format=%(refname)%00%(upstream:short)%00%(objectname)%00%(upstream:track)%00%(upstream:remotename)%00%(upstream:remoteref) refs/heads/origin/master refs/remotes/origin/master [1ms]
2024-09-22 20:52:12.707 [info] > git check-ignore -v -z --stdin [2ms]
2024-09-22 20:52:36.805 [info] > git show --textconv :sish.c [4ms]
2024-09-22 20:52:36.806 [info] > git ls-files --stage -- /home/assam_yoonseocho/2024-os-hw1/sish.c [2ms]
2024-09-22 21:04:08.198 [info] > git show --textconv :shell-test/main.c [6ms]
2024-09-22 21:04:08.200 [info] > git ls-files --stage -- /home/assam_yoonseocho/2024-os-hw1/shell-test/main.c [2ms]
2024-09-22 21:04:08.721 [info] > git show --textconv :shell-test/Makefile [5ms]
2024-09-22 21:04:08.723 [info] > git ls-files --stage -- /home/assam_yoonseocho/2024-os-hw1/shell-test/Makefile [2ms]
2024-09-22 21:04:14.524 [info] > git show --textconv :sish-demo/Makefile [6ms]
2024-09-22 21:04:14.526 [info] > git ls-files --stage -- /home/assam_yoonseocho/2024-os-hw1/sish-demo/Makefile [3ms]
2024-09-22 21:04:33.413 [info] > git show --textconv :shell-test/Makefile [5ms]
2024-09-22 21:04:33.413 [info] > git ls-files --stage -- /home/assam_yoonseocho/2024-os-hw1/shell-test/Makefile [1ms]
2024-09-22 21:04:39.292 [info] > git show --textconv :sish-demo/Makefile [5ms]
2024-09-22 21:04:39.294 [info] > git ls-files --stage -- /home/assam_yoonseocho/2024-os-hw1/sish-demo/Makefile [2ms]
2024-09-22 21:24:27.770 [info] > git show --textconv :sish.c [6ms]
2024-09-22 21:24:27.771 [info] > git ls-files --stage -- /home/assam_yoonseocho/2024-os-hw1/sish.c [3ms]
2024-09-22 21:26:55.769 [info] > git config --get commit.template [4ms]
2024-09-22 21:26:55.770 [info] > git for-each-ref --format=%(refname)%00%(upstream:short)%00%(objectname)%00%(upstream:track)%00%(upstream:remotename)%00%(upstream:remoteref) refs/heads/32214362_yoonseocho refs/remotes/32214362_yoonseocho [2ms]
2024-09-22 21:26:55.772 [warning] [Git][revParse] Unable to read file: ENOENT: no such file or directory, open '/home/assam_yoonseocho/2024-os-hw1/.git/refs/remotes/origin/master'
2024-09-22 21:26:55.773 [info] > git rev-parse refs/remotes/origin/master [1ms]
2024-09-22 21:26:55.779 [info] > git status -z -uall [3ms]
2024-09-22 21:26:55.786 [info] > git for-each-ref --format=%(refname)%00%(upstream:short)%00%(objectname)%00%(upstream:track)%00%(upstream:remotename)%00%(upstream:remoteref) refs/heads/32214362_yoonseocho refs/remotes/32214362_yoonseocho [3ms]
2024-09-22 21:26:55.790 [info] > git config --local branch.32214362_yoonseocho.vscode-merge-base [1ms]
2024-09-22 21:26:55.797 [info] > git for-each-ref --format=%(refname)%00%(upstream:short)%00%(objectname)%00%(upstream:track)%00%(upstream:remotename)%00%(upstream:remoteref) refs/heads/origin/master refs/remotes/origin/master [2ms]
2024-09-22 21:27:16.666 [info] > git config --get commit.template [5ms]
2024-09-22 21:27:16.666 [info] > git for-each-ref --format=%(refname)%00%(upstream:short)%00%(objectname)%00%(upstream:track)%00%(upstream:remotename)%00%(upstream:remoteref) refs/heads/32214362_yoonseocho refs/remotes/32214362_yoonseocho [1ms]
2024-09-22 21:27:16.669 [warning] [Git][revParse] Unable to read file: ENOENT: no such file or directory, open '/home/assam_yoonseocho/2024-os-hw1/.git/refs/remotes/origin/master'
2024-09-22 21:27:16.670 [info] > git rev-parse refs/remotes/origin/master [1ms]
2024-09-22 21:27:16.675 [info] > git status -z -uall [2ms]
2024-09-22 21:27:16.683 [info] > git for-each-ref --format=%(refname)%00%(upstream:short)%00%(objectname)%00%(upstream:track)%00%(upstream:remotename)%00%(upstream:remoteref) refs/heads/32214362_yoonseocho refs/remotes/32214362_yoonseocho [3ms]
2024-09-22 21:27:16.688 [info] > git config --local branch.32214362_yoonseocho.vscode-merge-base [1ms]
2024-09-22 21:27:16.692 [info] > git for-each-ref --format=%(refname)%00%(upstream:short)%00%(objectname)%00%(upstream:track)%00%(upstream:remotename)%00%(upstream:remoteref) refs/heads/origin/master refs/remotes/origin/master [2ms]
2024-09-22 21:29:46.036 [info] > git config --get commit.template [6ms]
2024-09-22 21:29:46.038 [info] > git for-each-ref --format=%(refname)%00%(upstream:short)%00%(objectname)%00%(upstream:track)%00%(upstream:remotename)%00%(upstream:remoteref) refs/heads/32214362_yoonseocho refs/remotes/32214362_yoonseocho [2ms]
2024-09-22 21:29:46.042 [warning] [Git][revParse] Unable to read file: ENOENT: no such file or directory, open '/home/assam_yoonseocho/2024-os-hw1/.git/refs/remotes/origin/master'
2024-09-22 21:29:46.043 [info] > git rev-parse refs/remotes/origin/master [2ms]
2024-09-22 21:29:46.049 [info] > git status -z -uall [3ms]
2024-09-22 21:29:46.057 [info] > git for-each-ref --format=%(refname)%00%(upstream:short)%00%(objectname)%00%(upstream:track)%00%(upstream:remotename)%00%(upstream:remoteref) refs/heads/32214362_yoonseocho refs/remotes/32214362_yoonseocho [3ms]
2024-09-22 21:29:46.061 [info] > git config --local branch.32214362_yoonseocho.vscode-merge-base [1ms]
2024-09-22 21:29:46.065 [info] > git for-each-ref --format=%(refname)%00%(upstream:short)%00%(objectname)%00%(upstream:track)%00%(upstream:remotename)%00%(upstream:remoteref) refs/heads/origin/master refs/remotes/origin/master [1ms]
2024-09-22 21:29:54.728 [info] > git config --get commit.template [5ms]
2024-09-22 21:29:54.729 [info] > git for-each-ref --format=%(refname)%00%(upstream:short)%00%(objectname)%00%(upstream:track)%00%(upstream:remotename)%00%(upstream:remoteref) refs/heads/32214362_yoonseocho refs/remotes/32214362_yoonseocho [2ms]
2024-09-22 21:29:54.732 [warning] [Git][revParse] Unable to read file: ENOENT: no such file or directory, open '/home/assam_yoonseocho/2024-os-hw1/.git/refs/remotes/origin/master'
2024-09-22 21:29:54.733 [info] > git rev-parse refs/remotes/origin/master [1ms]
2024-09-22 21:29:54.738 [info] > git status -z -uall [3ms]
2024-09-22 21:29:54.746 [info] > git for-each-ref --format=%(refname)%00%(upstream:short)%00%(objectname)%00%(upstream:track)%00%(upstream:remotename)%00%(upstream:remoteref) refs/heads/32214362_yoonseocho refs/remotes/32214362_yoonseocho [3ms]
2024-09-22 21:29:54.751 [info] > git config --local branch.32214362_yoonseocho.vscode-merge-base [2ms]
2024-09-22 21:29:54.755 [info] > git for-each-ref --format=%(refname)%00%(upstream:short)%00%(objectname)%00%(upstream:track)%00%(upstream:remotename)%00%(upstream:remoteref) refs/heads/origin/master refs/remotes/origin/master [1ms]
2024-09-22 21:35:24.494 [info] > git config --get commit.template [2ms]
2024-09-22 21:35:24.499 [info] > git for-each-ref --format=%(refname)%00%(upstream:short)%00%(objectname)%00%(upstream:track)%00%(upstream:remotename)%00%(upstream:remoteref) refs/heads/32214362_yoonseocho refs/remotes/32214362_yoonseocho [2ms]
2024-09-22 21:35:24.501 [warning] [Git][revParse] Unable to read file: ENOENT: no such file or directory, open '/home/assam_yoonseocho/2024-os-hw1/.git/refs/remotes/origin/master'
2024-09-22 21:35:24.502 [info] > git rev-parse refs/remotes/origin/master [1ms]
2024-09-22 21:35:24.507 [info] > git status -z -uall [2ms]
2024-09-22 21:35:24.514 [info] > git for-each-ref --format=%(refname)%00%(upstream:short)%00%(objectname)%00%(upstream:track)%00%(upstream:remotename)%00%(upstream:remoteref) refs/heads/32214362_yoonseocho refs/remotes/32214362_yoonseocho [3ms]
2024-09-22 21:35:24.518 [info] > git config --local branch.32214362_yoonseocho.vscode-merge-base [1ms]
2024-09-22 21:35:24.523 [info] > git for-each-ref --format=%(refname)%00%(upstream:short)%00%(objectname)%00%(upstream:track)%00%(upstream:remotename)%00%(upstream:remoteref) refs/heads/origin/master refs/remotes/origin/master [2ms]
2024-09-22 21:36:10.415 [info] > git config --get commit.template [5ms]
2024-09-22 21:36:10.418 [info] > git for-each-ref --format=%(refname)%00%(upstream:short)%00%(objectname)%00%(upstream:track)%00%(upstream:remotename)%00%(upstream:remoteref) refs/heads/32214362_yoonseocho refs/remotes/32214362_yoonseocho [3ms]
2024-09-22 21:36:10.423 [warning] [Git][revParse] Unable to read file: ENOENT: no such file or directory, open '/home/assam_yoonseocho/2024-os-hw1/.git/refs/remotes/origin/master'
2024-09-22 21:36:10.425 [info] > git rev-parse refs/remotes/origin/master [2ms]
2024-09-22 21:36:10.432 [info] > git status -z -uall [4ms]
2024-09-22 21:36:10.441 [info] > git for-each-ref --format=%(refname)%00%(upstream:short)%00%(objectname)%00%(upstream:track)%00%(upstream:remotename)%00%(upstream:remoteref) refs/heads/32214362_yoonseocho refs/remotes/32214362_yoonseocho [3ms]
2024-09-22 21:36:10.447 [info] > git config --local branch.32214362_yoonseocho.vscode-merge-base [1ms]
2024-09-22 21:36:10.451 [info] > git for-each-ref --format=%(refname)%00%(upstream:short)%00%(objectname)%00%(upstream:track)%00%(upstream:remotename)%00%(upstream:remoteref) refs/heads/origin/master refs/remotes/origin/master [1ms]
