2024-09-24 19:40:49.854 [info] [main] 로그 수준: Info
2024-09-24 19:40:49.854 [info] [main] "git"에서 찾은 git 유효성을 검사하는 중
2024-09-24 19:40:49.854 [info] [main] "2.34.1"에서 git "git"을(를) 사용하는 중
2024-09-24 19:40:49.854 [info] [Model][doInitialScan] Initial repository scan started
2024-09-24 19:40:49.854 [info] > git rev-parse --show-toplevel [5ms]
2024-09-24 19:40:49.854 [info] > git rev-parse --git-dir --git-common-dir [2ms]
2024-09-24 19:40:49.854 [info] [Model][openRepository] Opened repository: /home/assam_yoonseocho/2024-os-hw1
2024-09-24 19:40:49.854 [info] > git rev-parse --show-toplevel [12ms]
2024-09-24 19:40:49.854 [info] > git config --get commit.template [14ms]
2024-09-24 19:40:49.862 [info] > git rev-parse --show-toplevel [4ms]
2024-09-24 19:40:49.867 [info] [Model][doInitialScan] Initial repository scan completed - repositories (1), closed repositories (0), parent repositories (0), unsafe repositories (0)
2024-09-24 19:40:49.867 [info] > git for-each-ref --format=%(refname)%00%(upstream:short)%00%(objectname)%00%(upstream:track)%00%(upstream:remotename)%00%(upstream:remoteref) refs/heads/32214362_yoonseocho refs/remotes/32214362_yoonseocho [7ms]
2024-09-24 19:40:49.871 [warning] [Git][revParse] Unable to read file: ENOENT: no such file or directory, open '/home/assam_yoonseocho/2024-os-hw1/.git/refs/remotes/origin/master'
2024-09-24 19:40:49.874 [info] > git rev-parse refs/remotes/origin/master [3ms]
2024-09-24 19:40:49.882 [info] > git status -z -uall [5ms]
2024-09-24 19:40:49.977 [info] > git for-each-ref --format=%(refname)%00%(upstream:short)%00%(objectname)%00%(upstream:track)%00%(upstream:remotename)%00%(upstream:remoteref) refs/heads/32214362_yoonseocho refs/remotes/32214362_yoonseocho [89ms]
2024-09-24 19:40:50.027 [info] > git config --local branch.32214362_yoonseocho.vscode-merge-base [46ms]
2024-09-24 19:40:50.031 [info] > git config --get commit.template [55ms]
2024-09-24 19:40:50.036 [info] > git for-each-ref --format=%(refname)%00%(upstream:short)%00%(objectname)%00%(upstream:track)%00%(upstream:remotename)%00%(upstream:remoteref) refs/heads/origin/master refs/remotes/origin/master [5ms]
2024-09-24 19:40:50.041 [info] > git for-each-ref --format=%(refname)%00%(upstream:short)%00%(objectname)%00%(upstream:track)%00%(upstream:remotename)%00%(upstream:remoteref) refs/heads/32214362_yoonseocho refs/remotes/32214362_yoonseocho [5ms]
2024-09-24 19:40:50.041 [info] > git merge-base refs/heads/32214362_yoonseocho refs/remotes/origin/master [1ms]
2024-09-24 19:40:50.047 [warning] [Git][revParse] Unable to read file: ENOENT: no such file or directory, open '/home/assam_yoonseocho/2024-os-hw1/.git/refs/remotes/origin/master'
2024-09-24 19:40:50.157 [info] > git rev-parse refs/remotes/origin/master [109ms]
2024-09-24 19:40:50.160 [info] > git rev-list --count --left-right refs/heads/32214362_yoonseocho...refs/remotes/origin/master [116ms]
2024-09-24 19:40:50.165 [info] > git status -z -uall [5ms]
2024-09-24 19:40:50.175 [info] > git for-each-ref --format=%(refname)%00%(upstream:short)%00%(objectname)%00%(upstream:track)%00%(upstream:remotename)%00%(upstream:remoteref) refs/heads/32214362_yoonseocho refs/remotes/32214362_yoonseocho [4ms]
2024-09-24 19:40:50.177 [info] > git diff --name-status -z --diff-filter=ADMR 3754e078984a4486af05a630408918cfc55ef03c...refs/remotes/origin/master [13ms]
2024-09-24 19:40:50.179 [info] > git config --local branch.32214362_yoonseocho.vscode-merge-base [2ms]
2024-09-24 19:40:50.183 [info] > git for-each-ref --format=%(refname)%00%(upstream:short)%00%(objectname)%00%(upstream:track)%00%(upstream:remotename)%00%(upstream:remoteref) refs/heads/origin/master refs/remotes/origin/master [2ms]
2024-09-24 19:40:50.290 [info] > git show --textconv :test.c [33ms]
2024-09-24 19:40:50.290 [info] > git show --textconv :sish.c [30ms]
2024-09-24 19:40:50.291 [info] > git ls-files --stage -- /home/assam_yoonseocho/2024-os-hw1/sish.c [24ms]
2024-09-24 19:40:50.291 [info] > git ls-files --stage -- /home/assam_yoonseocho/2024-os-hw1/test.c [28ms]
2024-09-24 19:40:50.359 [info] > git check-ignore -v -z --stdin [2ms]
2024-09-24 19:53:38.279 [info] > git config --get commit.template [3ms]
2024-09-24 19:53:38.279 [info] > git for-each-ref --format=%(refname)%00%(upstream:short)%00%(objectname)%00%(upstream:track)%00%(upstream:remotename)%00%(upstream:remoteref) refs/heads/32214362_yoonseocho refs/remotes/32214362_yoonseocho [2ms]
2024-09-24 19:53:38.282 [warning] [Git][revParse] Unable to read file: ENOENT: no such file or directory, open '/home/assam_yoonseocho/2024-os-hw1/.git/refs/remotes/origin/master'
2024-09-24 19:53:38.283 [info] > git rev-parse refs/remotes/origin/master [1ms]
2024-09-24 19:53:38.288 [info] > git status -z -uall [3ms]
2024-09-24 19:53:38.296 [info] > git for-each-ref --format=%(refname)%00%(upstream:short)%00%(objectname)%00%(upstream:track)%00%(upstream:remotename)%00%(upstream:remoteref) refs/heads/32214362_yoonseocho refs/remotes/32214362_yoonseocho [4ms]
2024-09-24 19:53:38.300 [info] > git config --local branch.32214362_yoonseocho.vscode-merge-base [1ms]
2024-09-24 19:53:38.305 [info] > git for-each-ref --format=%(refname)%00%(upstream:short)%00%(objectname)%00%(upstream:track)%00%(upstream:remotename)%00%(upstream:remoteref) refs/heads/origin/master refs/remotes/origin/master [2ms]
2024-09-24 19:55:06.654 [info] > git config --get commit.template [4ms]
2024-09-24 19:55:06.655 [info] > git for-each-ref --format=%(refname)%00%(upstream:short)%00%(objectname)%00%(upstream:track)%00%(upstream:remotename)%00%(upstream:remoteref) refs/heads/32214362_yoonseocho refs/remotes/32214362_yoonseocho [1ms]
2024-09-24 19:55:06.657 [warning] [Git][revParse] Unable to read file: ENOENT: no such file or directory, open '/home/assam_yoonseocho/2024-os-hw1/.git/refs/remotes/origin/master'
2024-09-24 19:55:06.659 [info] > git rev-parse refs/remotes/origin/master [2ms]
2024-09-24 19:55:06.664 [info] > git status -z -uall [3ms]
2024-09-24 19:55:06.673 [info] > git for-each-ref --format=%(refname)%00%(upstream:short)%00%(objectname)%00%(upstream:track)%00%(upstream:remotename)%00%(upstream:remoteref) refs/heads/32214362_yoonseocho refs/remotes/32214362_yoonseocho [4ms]
2024-09-24 19:55:06.677 [info] > git config --local branch.32214362_yoonseocho.vscode-merge-base [2ms]
2024-09-24 19:55:06.681 [info] > git for-each-ref --format=%(refname)%00%(upstream:short)%00%(objectname)%00%(upstream:track)%00%(upstream:remotename)%00%(upstream:remoteref) refs/heads/origin/master refs/remotes/origin/master [1ms]
2024-09-24 19:58:18.110 [info] > git config --get commit.template [2ms]
2024-09-24 19:58:18.115 [info] > git for-each-ref --format=%(refname)%00%(upstream:short)%00%(objectname)%00%(upstream:track)%00%(upstream:remotename)%00%(upstream:remoteref) refs/heads/32214362_yoonseocho refs/remotes/32214362_yoonseocho [2ms]
2024-09-24 19:58:18.118 [warning] [Git][revParse] Unable to read file: ENOENT: no such file or directory, open '/home/assam_yoonseocho/2024-os-hw1/.git/refs/remotes/origin/master'
2024-09-24 19:58:18.119 [info] > git rev-parse refs/remotes/origin/master [2ms]
2024-09-24 19:58:18.124 [info] > git status -z -uall [3ms]
2024-09-24 19:58:18.132 [info] > git for-each-ref --format=%(refname)%00%(upstream:short)%00%(objectname)%00%(upstream:track)%00%(upstream:remotename)%00%(upstream:remoteref) refs/heads/32214362_yoonseocho refs/remotes/32214362_yoonseocho [3ms]
2024-09-24 19:58:18.136 [info] > git config --local branch.32214362_yoonseocho.vscode-merge-base [1ms]
2024-09-24 19:58:18.140 [info] > git for-each-ref --format=%(refname)%00%(upstream:short)%00%(objectname)%00%(upstream:track)%00%(upstream:remotename)%00%(upstream:remoteref) refs/heads/origin/master refs/remotes/origin/master [1ms]
2024-09-24 19:58:27.196 [info] > git config --get commit.template [7ms]
2024-09-24 19:58:27.199 [info] > git for-each-ref --format=%(refname)%00%(upstream:short)%00%(objectname)%00%(upstream:track)%00%(upstream:remotename)%00%(upstream:remoteref) refs/heads/32214362_yoonseocho refs/remotes/32214362_yoonseocho [3ms]
2024-09-24 19:58:27.202 [warning] [Git][revParse] Unable to read file: ENOENT: no such file or directory, open '/home/assam_yoonseocho/2024-os-hw1/.git/refs/remotes/origin/master'
2024-09-24 19:58:27.204 [info] > git rev-parse refs/remotes/origin/master [2ms]
2024-09-24 19:58:27.210 [info] > git status -z -uall [3ms]
2024-09-24 19:58:27.217 [info] > git for-each-ref --format=%(refname)%00%(upstream:short)%00%(objectname)%00%(upstream:track)%00%(upstream:remotename)%00%(upstream:remoteref) refs/heads/32214362_yoonseocho refs/remotes/32214362_yoonseocho [3ms]
2024-09-24 19:58:27.221 [info] > git config --local branch.32214362_yoonseocho.vscode-merge-base [1ms]
2024-09-24 19:58:27.226 [info] > git for-each-ref --format=%(refname)%00%(upstream:short)%00%(objectname)%00%(upstream:track)%00%(upstream:remotename)%00%(upstream:remoteref) refs/heads/origin/master refs/remotes/origin/master [2ms]
2024-09-24 20:21:34.099 [info] > git config --get commit.template [3ms]
2024-09-24 20:21:34.100 [info] > git for-each-ref --format=%(refname)%00%(upstream:short)%00%(objectname)%00%(upstream:track)%00%(upstream:remotename)%00%(upstream:remoteref) refs/heads/32214362_yoonseocho refs/remotes/32214362_yoonseocho [2ms]
2024-09-24 20:21:34.103 [warning] [Git][revParse] Unable to read file: ENOENT: no such file or directory, open '/home/assam_yoonseocho/2024-os-hw1/.git/refs/remotes/origin/master'
2024-09-24 20:21:34.104 [info] > git rev-parse refs/remotes/origin/master [1ms]
2024-09-24 20:21:34.108 [info] > git status -z -uall [2ms]
2024-09-24 20:21:34.116 [info] > git for-each-ref --format=%(refname)%00%(upstream:short)%00%(objectname)%00%(upstream:track)%00%(upstream:remotename)%00%(upstream:remoteref) refs/heads/32214362_yoonseocho refs/remotes/32214362_yoonseocho [3ms]
2024-09-24 20:21:34.120 [info] > git config --local branch.32214362_yoonseocho.vscode-merge-base [1ms]
2024-09-24 20:21:34.124 [info] > git for-each-ref --format=%(refname)%00%(upstream:short)%00%(objectname)%00%(upstream:track)%00%(upstream:remotename)%00%(upstream:remoteref) refs/heads/origin/master refs/remotes/origin/master [1ms]
2024-09-24 20:21:51.977 [info] > git config --get commit.template [4ms]
2024-09-24 20:21:51.978 [info] > git for-each-ref --format=%(refname)%00%(upstream:short)%00%(objectname)%00%(upstream:track)%00%(upstream:remotename)%00%(upstream:remoteref) refs/heads/32214362_yoonseocho refs/remotes/32214362_yoonseocho [2ms]
2024-09-24 20:21:51.980 [warning] [Git][revParse] Unable to read file: ENOENT: no such file or directory, open '/home/assam_yoonseocho/2024-os-hw1/.git/refs/remotes/origin/master'
2024-09-24 20:21:51.981 [info] > git rev-parse refs/remotes/origin/master [1ms]
2024-09-24 20:21:51.987 [info] > git status -z -uall [3ms]
2024-09-24 20:21:51.994 [info] > git for-each-ref --format=%(refname)%00%(upstream:short)%00%(objectname)%00%(upstream:track)%00%(upstream:remotename)%00%(upstream:remoteref) refs/heads/32214362_yoonseocho refs/remotes/32214362_yoonseocho [3ms]
2024-09-24 20:21:51.998 [info] > git config --local branch.32214362_yoonseocho.vscode-merge-base [1ms]
2024-09-24 20:21:52.003 [info] > git for-each-ref --format=%(refname)%00%(upstream:short)%00%(objectname)%00%(upstream:track)%00%(upstream:remotename)%00%(upstream:remoteref) refs/heads/origin/master refs/remotes/origin/master [2ms]
2024-09-24 20:24:53.439 [info] > git config --get commit.template [5ms]
2024-09-24 20:24:53.440 [info] > git for-each-ref --format=%(refname)%00%(upstream:short)%00%(objectname)%00%(upstream:track)%00%(upstream:remotename)%00%(upstream:remoteref) refs/heads/32214362_yoonseocho refs/remotes/32214362_yoonseocho [2ms]
2024-09-24 20:24:53.442 [warning] [Git][revParse] Unable to read file: ENOENT: no such file or directory, open '/home/assam_yoonseocho/2024-os-hw1/.git/refs/remotes/origin/master'
2024-09-24 20:24:53.444 [info] > git rev-parse refs/remotes/origin/master [1ms]
2024-09-24 20:24:53.449 [info] > git status -z -uall [3ms]
2024-09-24 20:24:53.455 [info] > git for-each-ref --format=%(refname)%00%(upstream:short)%00%(objectname)%00%(upstream:track)%00%(upstream:remotename)%00%(upstream:remoteref) refs/heads/32214362_yoonseocho refs/remotes/32214362_yoonseocho [2ms]
2024-09-24 20:24:53.460 [info] > git config --local branch.32214362_yoonseocho.vscode-merge-base [1ms]
2024-09-24 20:24:53.465 [info] > git for-each-ref --format=%(refname)%00%(upstream:short)%00%(objectname)%00%(upstream:track)%00%(upstream:remotename)%00%(upstream:remoteref) refs/heads/origin/master refs/remotes/origin/master [2ms]
2024-09-24 20:27:31.010 [info] > git config --get commit.template [4ms]
2024-09-24 20:27:31.011 [info] > git for-each-ref --format=%(refname)%00%(upstream:short)%00%(objectname)%00%(upstream:track)%00%(upstream:remotename)%00%(upstream:remoteref) refs/heads/32214362_yoonseocho refs/remotes/32214362_yoonseocho [1ms]
2024-09-24 20:27:31.013 [warning] [Git][revParse] Unable to read file: ENOENT: no such file or directory, open '/home/assam_yoonseocho/2024-os-hw1/.git/refs/remotes/origin/master'
2024-09-24 20:27:31.015 [info] > git rev-parse refs/remotes/origin/master [1ms]
2024-09-24 20:27:31.019 [info] > git status -z -uall [2ms]
2024-09-24 20:27:31.025 [info] > git for-each-ref --format=%(refname)%00%(upstream:short)%00%(objectname)%00%(upstream:track)%00%(upstream:remotename)%00%(upstream:remoteref) refs/heads/32214362_yoonseocho refs/remotes/32214362_yoonseocho [2ms]
2024-09-24 20:27:31.029 [info] > git config --local branch.32214362_yoonseocho.vscode-merge-base [1ms]
2024-09-24 20:27:31.034 [info] > git for-each-ref --format=%(refname)%00%(upstream:short)%00%(objectname)%00%(upstream:track)%00%(upstream:remotename)%00%(upstream:remoteref) refs/heads/origin/master refs/remotes/origin/master [2ms]
2024-09-24 20:29:53.161 [info] > git config --get commit.template [6ms]
2024-09-24 20:29:53.163 [info] > git for-each-ref --format=%(refname)%00%(upstream:short)%00%(objectname)%00%(upstream:track)%00%(upstream:remotename)%00%(upstream:remoteref) refs/heads/32214362_yoonseocho refs/remotes/32214362_yoonseocho [2ms]
2024-09-24 20:29:53.165 [warning] [Git][revParse] Unable to read file: ENOENT: no such file or directory, open '/home/assam_yoonseocho/2024-os-hw1/.git/refs/remotes/origin/master'
2024-09-24 20:29:53.166 [info] > git rev-parse refs/remotes/origin/master [1ms]
2024-09-24 20:29:53.171 [info] > git status -z -uall [2ms]
2024-09-24 20:29:53.178 [info] > git for-each-ref --format=%(refname)%00%(upstream:short)%00%(objectname)%00%(upstream:track)%00%(upstream:remotename)%00%(upstream:remoteref) refs/heads/32214362_yoonseocho refs/remotes/32214362_yoonseocho [2ms]
2024-09-24 20:29:53.182 [info] > git config --local branch.32214362_yoonseocho.vscode-merge-base [1ms]
2024-09-24 20:29:53.187 [info] > git for-each-ref --format=%(refname)%00%(upstream:short)%00%(objectname)%00%(upstream:track)%00%(upstream:remotename)%00%(upstream:remoteref) refs/heads/origin/master refs/remotes/origin/master [1ms]
2024-09-24 20:35:26.917 [info] > git config --get commit.template [4ms]
2024-09-24 20:35:26.917 [info] > git for-each-ref --format=%(refname)%00%(upstream:short)%00%(objectname)%00%(upstream:track)%00%(upstream:remotename)%00%(upstream:remoteref) refs/heads/32214362_yoonseocho refs/remotes/32214362_yoonseocho [2ms]
2024-09-24 20:35:26.920 [warning] [Git][revParse] Unable to read file: ENOENT: no such file or directory, open '/home/assam_yoonseocho/2024-os-hw1/.git/refs/remotes/origin/master'
2024-09-24 20:35:26.921 [info] > git rev-parse refs/remotes/origin/master [2ms]
2024-09-24 20:35:26.926 [info] > git status -z -uall [3ms]
2024-09-24 20:35:26.932 [info] > git for-each-ref --format=%(refname)%00%(upstream:short)%00%(objectname)%00%(upstream:track)%00%(upstream:remotename)%00%(upstream:remoteref) refs/heads/32214362_yoonseocho refs/remotes/32214362_yoonseocho [2ms]
2024-09-24 20:35:26.938 [info] > git config --local branch.32214362_yoonseocho.vscode-merge-base [2ms]
2024-09-24 20:35:26.943 [info] > git for-each-ref --format=%(refname)%00%(upstream:short)%00%(objectname)%00%(upstream:track)%00%(upstream:remotename)%00%(upstream:remoteref) refs/heads/origin/master refs/remotes/origin/master [2ms]
2024-09-24 20:35:34.265 [info] > git config --get commit.template [4ms]
2024-09-24 20:35:34.267 [info] > git for-each-ref --format=%(refname)%00%(upstream:short)%00%(objectname)%00%(upstream:track)%00%(upstream:remotename)%00%(upstream:remoteref) refs/heads/32214362_yoonseocho refs/remotes/32214362_yoonseocho [2ms]
2024-09-24 20:35:34.272 [warning] [Git][revParse] Unable to read file: ENOENT: no such file or directory, open '/home/assam_yoonseocho/2024-os-hw1/.git/refs/remotes/origin/master'
2024-09-24 20:35:34.274 [info] > git rev-parse refs/remotes/origin/master [2ms]
2024-09-24 20:35:34.281 [info] > git status -z -uall [4ms]
2024-09-24 20:35:34.289 [info] > git for-each-ref --format=%(refname)%00%(upstream:short)%00%(objectname)%00%(upstream:track)%00%(upstream:remotename)%00%(upstream:remoteref) refs/heads/32214362_yoonseocho refs/remotes/32214362_yoonseocho [4ms]
2024-09-24 20:35:34.293 [info] > git config --local branch.32214362_yoonseocho.vscode-merge-base [1ms]
2024-09-24 20:35:34.297 [info] > git for-each-ref --format=%(refname)%00%(upstream:short)%00%(objectname)%00%(upstream:track)%00%(upstream:remotename)%00%(upstream:remoteref) refs/heads/origin/master refs/remotes/origin/master [1ms]
2024-09-24 20:37:46.693 [info] > git config --get commit.template [4ms]
2024-09-24 20:37:46.694 [info] > git for-each-ref --format=%(refname)%00%(upstream:short)%00%(objectname)%00%(upstream:track)%00%(upstream:remotename)%00%(upstream:remoteref) refs/heads/32214362_yoonseocho refs/remotes/32214362_yoonseocho [2ms]
2024-09-24 20:37:46.696 [warning] [Git][revParse] Unable to read file: ENOENT: no such file or directory, open '/home/assam_yoonseocho/2024-os-hw1/.git/refs/remotes/origin/master'
2024-09-24 20:37:46.698 [info] > git rev-parse refs/remotes/origin/master [2ms]
2024-09-24 20:37:46.703 [info] > git status -z -uall [3ms]
2024-09-24 20:37:46.710 [info] > git for-each-ref --format=%(refname)%00%(upstream:short)%00%(objectname)%00%(upstream:track)%00%(upstream:remotename)%00%(upstream:remoteref) refs/heads/32214362_yoonseocho refs/remotes/32214362_yoonseocho [3ms]
2024-09-24 20:37:46.714 [info] > git config --local branch.32214362_yoonseocho.vscode-merge-base [1ms]
2024-09-24 20:37:46.719 [info] > git for-each-ref --format=%(refname)%00%(upstream:short)%00%(objectname)%00%(upstream:track)%00%(upstream:remotename)%00%(upstream:remoteref) refs/heads/origin/master refs/remotes/origin/master [2ms]
2024-09-24 20:42:04.227 [info] > git config --get commit.template [4ms]
2024-09-24 20:42:04.228 [info] > git for-each-ref --format=%(refname)%00%(upstream:short)%00%(objectname)%00%(upstream:track)%00%(upstream:remotename)%00%(upstream:remoteref) refs/heads/32214362_yoonseocho refs/remotes/32214362_yoonseocho [2ms]
2024-09-24 20:42:04.231 [warning] [Git][revParse] Unable to read file: ENOENT: no such file or directory, open '/home/assam_yoonseocho/2024-os-hw1/.git/refs/remotes/origin/master'
2024-09-24 20:42:04.233 [info] > git rev-parse refs/remotes/origin/master [2ms]
2024-09-24 20:42:04.238 [info] > git status -z -uall [3ms]
2024-09-24 20:42:04.245 [info] > git for-each-ref --format=%(refname)%00%(upstream:short)%00%(objectname)%00%(upstream:track)%00%(upstream:remotename)%00%(upstream:remoteref) refs/heads/32214362_yoonseocho refs/remotes/32214362_yoonseocho [3ms]
2024-09-24 20:42:04.249 [info] > git config --local branch.32214362_yoonseocho.vscode-merge-base [1ms]
2024-09-24 20:42:04.254 [info] > git for-each-ref --format=%(refname)%00%(upstream:short)%00%(objectname)%00%(upstream:track)%00%(upstream:remotename)%00%(upstream:remoteref) refs/heads/origin/master refs/remotes/origin/master [1ms]
2024-09-24 20:42:13.272 [info] > git config --get commit.template [5ms]
2024-09-24 20:42:13.273 [info] > git for-each-ref --format=%(refname)%00%(upstream:short)%00%(objectname)%00%(upstream:track)%00%(upstream:remotename)%00%(upstream:remoteref) refs/heads/32214362_yoonseocho refs/remotes/32214362_yoonseocho [2ms]
2024-09-24 20:42:13.276 [warning] [Git][revParse] Unable to read file: ENOENT: no such file or directory, open '/home/assam_yoonseocho/2024-os-hw1/.git/refs/remotes/origin/master'
2024-09-24 20:42:13.277 [info] > git rev-parse refs/remotes/origin/master [1ms]
2024-09-24 20:42:13.283 [info] > git status -z -uall [3ms]
2024-09-24 20:42:13.290 [info] > git for-each-ref --format=%(refname)%00%(upstream:short)%00%(objectname)%00%(upstream:track)%00%(upstream:remotename)%00%(upstream:remoteref) refs/heads/32214362_yoonseocho refs/remotes/32214362_yoonseocho [3ms]
2024-09-24 20:42:13.294 [info] > git config --local branch.32214362_yoonseocho.vscode-merge-base [1ms]
2024-09-24 20:42:13.298 [info] > git for-each-ref --format=%(refname)%00%(upstream:short)%00%(objectname)%00%(upstream:track)%00%(upstream:remotename)%00%(upstream:remoteref) refs/heads/origin/master refs/remotes/origin/master [1ms]
2024-09-24 20:42:37.220 [info] > git config --get commit.template [5ms]
2024-09-24 20:42:37.221 [info] > git for-each-ref --format=%(refname)%00%(upstream:short)%00%(objectname)%00%(upstream:track)%00%(upstream:remotename)%00%(upstream:remoteref) refs/heads/32214362_yoonseocho refs/remotes/32214362_yoonseocho [1ms]
2024-09-24 20:42:37.224 [warning] [Git][revParse] Unable to read file: ENOENT: no such file or directory, open '/home/assam_yoonseocho/2024-os-hw1/.git/refs/remotes/origin/master'
2024-09-24 20:42:37.225 [info] > git rev-parse refs/remotes/origin/master [1ms]
2024-09-24 20:42:37.230 [info] > git status -z -uall [3ms]
2024-09-24 20:42:37.237 [info] > git for-each-ref --format=%(refname)%00%(upstream:short)%00%(objectname)%00%(upstream:track)%00%(upstream:remotename)%00%(upstream:remoteref) refs/heads/32214362_yoonseocho refs/remotes/32214362_yoonseocho [3ms]
2024-09-24 20:42:37.241 [info] > git config --local branch.32214362_yoonseocho.vscode-merge-base [1ms]
2024-09-24 20:42:37.246 [info] > git for-each-ref --format=%(refname)%00%(upstream:short)%00%(objectname)%00%(upstream:track)%00%(upstream:remotename)%00%(upstream:remoteref) refs/heads/origin/master refs/remotes/origin/master [2ms]
2024-09-24 20:55:31.228 [info] > git config --get commit.template [4ms]
2024-09-24 20:55:31.229 [info] > git for-each-ref --format=%(refname)%00%(upstream:short)%00%(objectname)%00%(upstream:track)%00%(upstream:remotename)%00%(upstream:remoteref) refs/heads/32214362_yoonseocho refs/remotes/32214362_yoonseocho [2ms]
2024-09-24 20:55:31.232 [warning] [Git][revParse] Unable to read file: ENOENT: no such file or directory, open '/home/assam_yoonseocho/2024-os-hw1/.git/refs/remotes/origin/master'
2024-09-24 20:55:31.233 [info] > git rev-parse refs/remotes/origin/master [1ms]
2024-09-24 20:55:31.239 [info] > git status -z -uall [3ms]
2024-09-24 20:55:31.246 [info] > git for-each-ref --format=%(refname)%00%(upstream:short)%00%(objectname)%00%(upstream:track)%00%(upstream:remotename)%00%(upstream:remoteref) refs/heads/32214362_yoonseocho refs/remotes/32214362_yoonseocho [3ms]
2024-09-24 20:55:31.250 [info] > git config --local branch.32214362_yoonseocho.vscode-merge-base [1ms]
2024-09-24 20:55:31.255 [info] > git for-each-ref --format=%(refname)%00%(upstream:short)%00%(objectname)%00%(upstream:track)%00%(upstream:remotename)%00%(upstream:remoteref) refs/heads/origin/master refs/remotes/origin/master [2ms]
2024-09-24 20:55:36.873 [info] > git config --get commit.template [4ms]
2024-09-24 20:55:36.874 [info] > git for-each-ref --format=%(refname)%00%(upstream:short)%00%(objectname)%00%(upstream:track)%00%(upstream:remotename)%00%(upstream:remoteref) refs/heads/32214362_yoonseocho refs/remotes/32214362_yoonseocho [1ms]
2024-09-24 20:55:36.877 [warning] [Git][revParse] Unable to read file: ENOENT: no such file or directory, open '/home/assam_yoonseocho/2024-os-hw1/.git/refs/remotes/origin/master'
2024-09-24 20:55:36.878 [info] > git rev-parse refs/remotes/origin/master [1ms]
2024-09-24 20:55:36.883 [info] > git status -z -uall [2ms]
2024-09-24 20:55:36.893 [info] > git for-each-ref --format=%(refname)%00%(upstream:short)%00%(objectname)%00%(upstream:track)%00%(upstream:remotename)%00%(upstream:remoteref) refs/heads/32214362_yoonseocho refs/remotes/32214362_yoonseocho [4ms]
2024-09-24 20:55:36.898 [info] > git config --local branch.32214362_yoonseocho.vscode-merge-base [1ms]
2024-09-24 20:55:36.903 [info] > git for-each-ref --format=%(refname)%00%(upstream:short)%00%(objectname)%00%(upstream:track)%00%(upstream:remotename)%00%(upstream:remoteref) refs/heads/origin/master refs/remotes/origin/master [2ms]
2024-09-24 21:03:00.654 [info] > git config --get commit.template [4ms]
2024-09-24 21:03:00.655 [info] > git for-each-ref --format=%(refname)%00%(upstream:short)%00%(objectname)%00%(upstream:track)%00%(upstream:remotename)%00%(upstream:remoteref) refs/heads/32214362_yoonseocho refs/remotes/32214362_yoonseocho [1ms]
2024-09-24 21:03:00.658 [warning] [Git][revParse] Unable to read file: ENOENT: no such file or directory, open '/home/assam_yoonseocho/2024-os-hw1/.git/refs/remotes/origin/master'
2024-09-24 21:03:00.659 [info] > git rev-parse refs/remotes/origin/master [1ms]
2024-09-24 21:03:00.664 [info] > git status -z -uall [2ms]
2024-09-24 21:03:00.671 [info] > git for-each-ref --format=%(refname)%00%(upstream:short)%00%(objectname)%00%(upstream:track)%00%(upstream:remotename)%00%(upstream:remoteref) refs/heads/32214362_yoonseocho refs/remotes/32214362_yoonseocho [3ms]
2024-09-24 21:03:00.674 [info] > git config --local branch.32214362_yoonseocho.vscode-merge-base [1ms]
2024-09-24 21:03:00.679 [info] > git for-each-ref --format=%(refname)%00%(upstream:short)%00%(objectname)%00%(upstream:track)%00%(upstream:remotename)%00%(upstream:remoteref) refs/heads/origin/master refs/remotes/origin/master [2ms]
2024-09-24 21:03:20.668 [info] > git config --get commit.template [5ms]
2024-09-24 21:03:20.669 [info] > git for-each-ref --format=%(refname)%00%(upstream:short)%00%(objectname)%00%(upstream:track)%00%(upstream:remotename)%00%(upstream:remoteref) refs/heads/32214362_yoonseocho refs/remotes/32214362_yoonseocho [2ms]
2024-09-24 21:03:20.671 [warning] [Git][revParse] Unable to read file: ENOENT: no such file or directory, open '/home/assam_yoonseocho/2024-os-hw1/.git/refs/remotes/origin/master'
2024-09-24 21:03:20.673 [info] > git rev-parse refs/remotes/origin/master [2ms]
2024-09-24 21:03:20.678 [info] > git status -z -uall [3ms]
2024-09-24 21:03:20.684 [info] > git for-each-ref --format=%(refname)%00%(upstream:short)%00%(objectname)%00%(upstream:track)%00%(upstream:remotename)%00%(upstream:remoteref) refs/heads/32214362_yoonseocho refs/remotes/32214362_yoonseocho [3ms]
2024-09-24 21:03:20.689 [info] > git config --local branch.32214362_yoonseocho.vscode-merge-base [2ms]
2024-09-24 21:03:20.694 [info] > git for-each-ref --format=%(refname)%00%(upstream:short)%00%(objectname)%00%(upstream:track)%00%(upstream:remotename)%00%(upstream:remoteref) refs/heads/origin/master refs/remotes/origin/master [1ms]
2024-09-24 21:04:17.991 [info] > git config --get commit.template [5ms]
2024-09-24 21:04:17.992 [info] > git for-each-ref --format=%(refname)%00%(upstream:short)%00%(objectname)%00%(upstream:track)%00%(upstream:remotename)%00%(upstream:remoteref) refs/heads/32214362_yoonseocho refs/remotes/32214362_yoonseocho [1ms]
2024-09-24 21:04:17.994 [warning] [Git][revParse] Unable to read file: ENOENT: no such file or directory, open '/home/assam_yoonseocho/2024-os-hw1/.git/refs/remotes/origin/master'
2024-09-24 21:04:17.996 [info] > git rev-parse refs/remotes/origin/master [2ms]
2024-09-24 21:04:18.001 [info] > git status -z -uall [3ms]
2024-09-24 21:04:18.008 [info] > git for-each-ref --format=%(refname)%00%(upstream:short)%00%(objectname)%00%(upstream:track)%00%(upstream:remotename)%00%(upstream:remoteref) refs/heads/32214362_yoonseocho refs/remotes/32214362_yoonseocho [3ms]
2024-09-24 21:04:18.012 [info] > git config --local branch.32214362_yoonseocho.vscode-merge-base [1ms]
2024-09-24 21:04:18.017 [info] > git for-each-ref --format=%(refname)%00%(upstream:short)%00%(objectname)%00%(upstream:track)%00%(upstream:remotename)%00%(upstream:remoteref) refs/heads/origin/master refs/remotes/origin/master [2ms]
2024-09-24 21:04:23.084 [info] > git config --get commit.template [5ms]
2024-09-24 21:04:23.085 [info] > git for-each-ref --format=%(refname)%00%(upstream:short)%00%(objectname)%00%(upstream:track)%00%(upstream:remotename)%00%(upstream:remoteref) refs/heads/32214362_yoonseocho refs/remotes/32214362_yoonseocho [2ms]
2024-09-24 21:04:23.088 [warning] [Git][revParse] Unable to read file: ENOENT: no such file or directory, open '/home/assam_yoonseocho/2024-os-hw1/.git/refs/remotes/origin/master'
2024-09-24 21:04:23.089 [info] > git rev-parse refs/remotes/origin/master [2ms]
2024-09-24 21:04:23.095 [info] > git status -z -uall [2ms]
2024-09-24 21:04:23.102 [info] > git for-each-ref --format=%(refname)%00%(upstream:short)%00%(objectname)%00%(upstream:track)%00%(upstream:remotename)%00%(upstream:remoteref) refs/heads/32214362_yoonseocho refs/remotes/32214362_yoonseocho [3ms]
2024-09-24 21:04:23.106 [info] > git config --local branch.32214362_yoonseocho.vscode-merge-base [1ms]
2024-09-24 21:04:23.110 [info] > git for-each-ref --format=%(refname)%00%(upstream:short)%00%(objectname)%00%(upstream:track)%00%(upstream:remotename)%00%(upstream:remoteref) refs/heads/origin/master refs/remotes/origin/master [1ms]
