2024-09-22 20:49:44.549 [info] Extension host with pid 225977 started
2024-09-22 20:49:44.564 [info] Lock '/home/assam_yoonseocho/.vscode-server/data/User/workspaceStorage/7a0c9c4041a1581716b57d818a9b954f/vscode.lock': Lock acquired.
2024-09-22 20:49:44.647 [info] ExtensionService#_doActivateExtension vscode.git-base, startup: false, activationEvent: '*', root cause: vscode.git
2024-09-22 20:49:44.753 [info] ExtensionService#_doActivateExtension vscode.git, startup: false, activationEvent: '*'
2024-09-22 20:49:44.753 [info] ExtensionService#_doActivateExtension vscode.github, startup: false, activationEvent: '*'
2024-09-22 20:49:45.149 [info] Eager extensions activated
2024-09-22 20:49:45.149 [info] ExtensionService#_doActivateExtension vscode.debug-auto-launch, startup: false, activationEvent: 'onStartupFinished'
2024-09-22 20:49:45.150 [info] ExtensionService#_doActivateExtension vscode.merge-conflict, startup: false, activationEvent: 'onStartupFinished'
2024-09-22 20:49:45.214 [info] ExtensionService#_doActivateExtension vscode.emmet, startup: false, activationEvent: 'onLanguage'
2024-09-22 20:50:09.453 [info] ExtensionService#_doActivateExtension vscode.npm, startup: false, activationEvent: 'onTerminalQuickFixRequest:ms-vscode.npm-command'
2024-09-22 21:36:41.003 [info] Extension host terminating: received terminate message from renderer
2024-09-22 21:36:41.005 [info] Lock '/home/assam_yoonseocho/.vscode-server/data/User/workspaceStorage/7a0c9c4041a1581716b57d818a9b954f/vscode.lock': Marking the lockfile as scheduled to be released in 6000 ms.
2024-09-22 21:36:41.050 [error] Canceled: Canceled
	at new D (/home/assam_yoonseocho/.vscode-server/cli/servers/Stable-38c31bc77e0dd6ae88a4e9cc93428cc27a56ba40/server/out/vs/workbench/api/node/extensionHostProcess.js:151:35235)
	at y.U (/home/assam_yoonseocho/.vscode-server/cli/servers/Stable-38c31bc77e0dd6ae88a4e9cc93428cc27a56ba40/server/out/vs/workbench/api/node/extensionHostProcess.js:158:6005)
	at V.<computed>.F.charCodeAt.A.CharCode.DollarSign.V.<computed> (/home/assam_yoonseocho/.vscode-server/cli/servers/Stable-38c31bc77e0dd6ae88a4e9cc93428cc27a56ba40/server/out/vs/workbench/api/node/extensionHostProcess.js:158:3107)
	at h.g (/home/assam_yoonseocho/.vscode-server/cli/servers/Stable-38c31bc77e0dd6ae88a4e9cc93428cc27a56ba40/server/out/vs/workbench/api/node/extensionHostProcess.js:161:210015)
	at h.executeCommand (/home/assam_yoonseocho/.vscode-server/cli/servers/Stable-38c31bc77e0dd6ae88a4e9cc93428cc27a56ba40/server/out/vs/workbench/api/node/extensionHostProcess.js:161:209453)
	at C.registerCommand.description (/home/assam_yoonseocho/.vscode-server/cli/servers/Stable-38c31bc77e0dd6ae88a4e9cc93428cc27a56ba40/server/out/vs/workbench/api/node/extensionHostProcess.js:161:208777)
	at h (/home/assam_yoonseocho/.vscode-server/cli/servers/Stable-38c31bc77e0dd6ae88a4e9cc93428cc27a56ba40/server/out/vs/workbench/api/node/extensionHostProcess.js:161:210554)
	at h.g (/home/assam_yoonseocho/.vscode-server/cli/servers/Stable-38c31bc77e0dd6ae88a4e9cc93428cc27a56ba40/server/out/vs/workbench/api/node/extensionHostProcess.js:161:209546)
	at h.executeCommand (/home/assam_yoonseocho/.vscode-server/cli/servers/Stable-38c31bc77e0dd6ae88a4e9cc93428cc27a56ba40/server/out/vs/workbench/api/node/extensionHostProcess.js:161:209453)
	at Object.executeCommand (/home/assam_yoonseocho/.vscode-server/cli/servers/Stable-38c31bc77e0dd6ae88a4e9cc93428cc27a56ba40/server/out/vs/workbench/api/node/extensionHostProcess.js:171:30683)
	at i.O [as value] (/home/assam_yoonseocho/.vscode-server/cli/servers/Stable-38c31bc77e0dd6ae88a4e9cc93428cc27a56ba40/server/extensions/git/dist/main.js:2:952009)
	at r.B (/home/assam_yoonseocho/.vscode-server/cli/servers/Stable-38c31bc77e0dd6ae88a4e9cc93428cc27a56ba40/server/out/vs/workbench/api/node/extensionHostProcess.js:90:732)
	at r.C (/home/assam_yoonseocho/.vscode-server/cli/servers/Stable-38c31bc77e0dd6ae88a4e9cc93428cc27a56ba40/server/out/vs/workbench/api/node/extensionHostProcess.js:90:802)
	at r.fire (/home/assam_yoonseocho/.vscode-server/cli/servers/Stable-38c31bc77e0dd6ae88a4e9cc93428cc27a56ba40/server/out/vs/workbench/api/node/extensionHostProcess.js:90:1018)
	at Object.p [as dispose] (/home/assam_yoonseocho/.vscode-server/cli/servers/Stable-38c31bc77e0dd6ae88a4e9cc93428cc27a56ba40/server/extensions/git/dist/main.js:2:972587)
	at /home/assam_yoonseocho/.vscode-server/cli/servers/Stable-38c31bc77e0dd6ae88a4e9cc93428cc27a56ba40/server/extensions/git/dist/main.js:2:978709
	at Array.forEach (<anonymous>)
	at f.dispose (/home/assam_yoonseocho/.vscode-server/cli/servers/Stable-38c31bc77e0dd6ae88a4e9cc93428cc27a56ba40/server/extensions/git/dist/main.js:2:978695)
	at o.<anonymous> (/home/assam_yoonseocho/.vscode-server/cli/servers/Stable-38c31bc77e0dd6ae88a4e9cc93428cc27a56ba40/server/out/vs/workbench/api/node/extensionHostProcess.js:159:4176)
	at o.dispose (/home/assam_yoonseocho/.vscode-server/cli/servers/Stable-38c31bc77e0dd6ae88a4e9cc93428cc27a56ba40/server/out/vs/workbench/api/node/extensionHostProcess.js:159:4273)
	at o.<anonymous> (/home/assam_yoonseocho/.vscode-server/cli/servers/Stable-38c31bc77e0dd6ae88a4e9cc93428cc27a56ba40/server/extensions/git/dist/main.js:2:954307)
	at o.dispose (/home/assam_yoonseocho/.vscode-server/cli/servers/Stable-38c31bc77e0dd6ae88a4e9cc93428cc27a56ba40/server/out/vs/workbench/api/node/extensionHostProcess.js:159:4273)
	at $ (/home/assam_yoonseocho/.vscode-server/cli/servers/Stable-38c31bc77e0dd6ae88a4e9cc93428cc27a56ba40/server/out/vs/workbench/api/node/extensionHostProcess.js:30:744)
	at /home/assam_yoonseocho/.vscode-server/cli/servers/Stable-38c31bc77e0dd6ae88a4e9cc93428cc27a56ba40/server/out/vs/workbench/api/node/extensionHostProcess.js:167:13607
	at /home/assam_yoonseocho/.vscode-server/cli/servers/Stable-38c31bc77e0dd6ae88a4e9cc93428cc27a56ba40/server/out/vs/workbench/api/node/extensionHostProcess.js:30:1112
	at Object.dispose (/home/assam_yoonseocho/.vscode-server/cli/servers/Stable-38c31bc77e0dd6ae88a4e9cc93428cc27a56ba40/server/out/vs/workbench/api/node/extensionHostProcess.js:11:11463)
	at m.eb (/home/assam_yoonseocho/.vscode-server/cli/servers/Stable-38c31bc77e0dd6ae88a4e9cc93428cc27a56ba40/server/out/vs/workbench/api/node/extensionHostProcess.js:167:10282)
	at /home/assam_yoonseocho/.vscode-server/cli/servers/Stable-38c31bc77e0dd6ae88a4e9cc93428cc27a56ba40/server/out/vs/workbench/api/node/extensionHostProcess.js:167:8153
	at Array.map (<anonymous>)
	at m.$ (/home/assam_yoonseocho/.vscode-server/cli/servers/Stable-38c31bc77e0dd6ae88a4e9cc93428cc27a56ba40/server/out/vs/workbench/api/node/extensionHostProcess.js:167:8140)
	at m.terminate (/home/assam_yoonseocho/.vscode-server/cli/servers/Stable-38c31bc77e0dd6ae88a4e9cc93428cc27a56ba40/server/out/vs/workbench/api/node/extensionHostProcess.js:167:8413)
	at $.terminate (/home/assam_yoonseocho/.vscode-server/cli/servers/Stable-38c31bc77e0dd6ae88a4e9cc93428cc27a56ba40/server/out/vs/workbench/api/node/extensionHostProcess.js:171:1513)
	at n (/home/assam_yoonseocho/.vscode-server/cli/servers/Stable-38c31bc77e0dd6ae88a4e9cc93428cc27a56ba40/server/out/vs/workbench/api/node/extensionHostProcess.js:184:10613)
	at i.value (/home/assam_yoonseocho/.vscode-server/cli/servers/Stable-38c31bc77e0dd6ae88a4e9cc93428cc27a56ba40/server/out/vs/workbench/api/node/extensionHostProcess.js:184:8581)
	at r.B (/home/assam_yoonseocho/.vscode-server/cli/servers/Stable-38c31bc77e0dd6ae88a4e9cc93428cc27a56ba40/server/out/vs/workbench/api/node/extensionHostProcess.js:90:732)
	at r.fire (/home/assam_yoonseocho/.vscode-server/cli/servers/Stable-38c31bc77e0dd6ae88a4e9cc93428cc27a56ba40/server/out/vs/workbench/api/node/extensionHostProcess.js:90:949)
	at a.fire (/home/assam_yoonseocho/.vscode-server/cli/servers/Stable-38c31bc77e0dd6ae88a4e9cc93428cc27a56ba40/server/out/vs/workbench/api/node/extensionHostProcess.js:115:14463)
	at h.A (/home/assam_yoonseocho/.vscode-server/cli/servers/Stable-38c31bc77e0dd6ae88a4e9cc93428cc27a56ba40/server/out/vs/workbench/api/node/extensionHostProcess.js:115:17622)
	at i.value (/home/assam_yoonseocho/.vscode-server/cli/servers/Stable-38c31bc77e0dd6ae88a4e9cc93428cc27a56ba40/server/out/vs/workbench/api/node/extensionHostProcess.js:115:16996)
	at r.B (/home/assam_yoonseocho/.vscode-server/cli/servers/Stable-38c31bc77e0dd6ae88a4e9cc93428cc27a56ba40/server/out/vs/workbench/api/node/extensionHostProcess.js:90:732)
	at r.fire (/home/assam_yoonseocho/.vscode-server/cli/servers/Stable-38c31bc77e0dd6ae88a4e9cc93428cc27a56ba40/server/out/vs/workbench/api/node/extensionHostProcess.js:90:949)
	at m.acceptChunk (/home/assam_yoonseocho/.vscode-server/cli/servers/Stable-38c31bc77e0dd6ae88a4e9cc93428cc27a56ba40/server/out/vs/workbench/api/node/extensionHostProcess.js:115:12209)
	at /home/assam_yoonseocho/.vscode-server/cli/servers/Stable-38c31bc77e0dd6ae88a4e9cc93428cc27a56ba40/server/out/vs/workbench/api/node/extensionHostProcess.js:115:11479
	at Socket.b (/home/assam_yoonseocho/.vscode-server/cli/servers/Stable-38c31bc77e0dd6ae88a4e9cc93428cc27a56ba40/server/out/vs/workbench/api/node/extensionHostProcess.js:181:14623)
	at Socket.emit (node:events:519:28)
	at addChunk (node:internal/streams/readable:559:12)
	at readableAddChunkPushByteMode (node:internal/streams/readable:510:3)
	at Readable.push (node:internal/streams/readable:390:5)
	at Pipe.onStreamRead (node:internal/stream_base_commons:191:23) setContext undefined
2024-09-22 21:36:41.052 [error] Canceled: Canceled
	at new D (/home/assam_yoonseocho/.vscode-server/cli/servers/Stable-38c31bc77e0dd6ae88a4e9cc93428cc27a56ba40/server/out/vs/workbench/api/node/extensionHostProcess.js:151:35235)
	at y.U (/home/assam_yoonseocho/.vscode-server/cli/servers/Stable-38c31bc77e0dd6ae88a4e9cc93428cc27a56ba40/server/out/vs/workbench/api/node/extensionHostProcess.js:158:6005)
	at V.<computed>.F.charCodeAt.A.CharCode.DollarSign.V.<computed> (/home/assam_yoonseocho/.vscode-server/cli/servers/Stable-38c31bc77e0dd6ae88a4e9cc93428cc27a56ba40/server/out/vs/workbench/api/node/extensionHostProcess.js:158:3107)
	at h.g (/home/assam_yoonseocho/.vscode-server/cli/servers/Stable-38c31bc77e0dd6ae88a4e9cc93428cc27a56ba40/server/out/vs/workbench/api/node/extensionHostProcess.js:161:210015)
	at h.executeCommand (/home/assam_yoonseocho/.vscode-server/cli/servers/Stable-38c31bc77e0dd6ae88a4e9cc93428cc27a56ba40/server/out/vs/workbench/api/node/extensionHostProcess.js:161:209453)
	at C.registerCommand.description (/home/assam_yoonseocho/.vscode-server/cli/servers/Stable-38c31bc77e0dd6ae88a4e9cc93428cc27a56ba40/server/out/vs/workbench/api/node/extensionHostProcess.js:161:208777)
	at h (/home/assam_yoonseocho/.vscode-server/cli/servers/Stable-38c31bc77e0dd6ae88a4e9cc93428cc27a56ba40/server/out/vs/workbench/api/node/extensionHostProcess.js:161:210554)
	at h.g (/home/assam_yoonseocho/.vscode-server/cli/servers/Stable-38c31bc77e0dd6ae88a4e9cc93428cc27a56ba40/server/out/vs/workbench/api/node/extensionHostProcess.js:161:209546)
	at h.executeCommand (/home/assam_yoonseocho/.vscode-server/cli/servers/Stable-38c31bc77e0dd6ae88a4e9cc93428cc27a56ba40/server/out/vs/workbench/api/node/extensionHostProcess.js:161:209453)
	at Object.executeCommand (/home/assam_yoonseocho/.vscode-server/cli/servers/Stable-38c31bc77e0dd6ae88a4e9cc93428cc27a56ba40/server/out/vs/workbench/api/node/extensionHostProcess.js:171:30683)
	at set hasGitHubRepositories [as hasGitHubRepositories] (/home/assam_yoonseocho/.vscode-server/cli/servers/Stable-38c31bc77e0dd6ae88a4e9cc93428cc27a56ba40/server/extensions/github/dist/extension.js:2:322969)
	at /home/assam_yoonseocho/.vscode-server/cli/servers/Stable-38c31bc77e0dd6ae88a4e9cc93428cc27a56ba40/server/extensions/github/dist/extension.js:2:323928
	at i.value (/home/assam_yoonseocho/.vscode-server/cli/servers/Stable-38c31bc77e0dd6ae88a4e9cc93428cc27a56ba40/server/extensions/git/dist/main.js:2:1060944)
	at r.B (/home/assam_yoonseocho/.vscode-server/cli/servers/Stable-38c31bc77e0dd6ae88a4e9cc93428cc27a56ba40/server/out/vs/workbench/api/node/extensionHostProcess.js:90:732)
	at r.C (/home/assam_yoonseocho/.vscode-server/cli/servers/Stable-38c31bc77e0dd6ae88a4e9cc93428cc27a56ba40/server/out/vs/workbench/api/node/extensionHostProcess.js:90:802)
	at r.fire (/home/assam_yoonseocho/.vscode-server/cli/servers/Stable-38c31bc77e0dd6ae88a4e9cc93428cc27a56ba40/server/out/vs/workbench/api/node/extensionHostProcess.js:90:1018)
	at Object.p [as dispose] (/home/assam_yoonseocho/.vscode-server/cli/servers/Stable-38c31bc77e0dd6ae88a4e9cc93428cc27a56ba40/server/extensions/git/dist/main.js:2:972587)
	at /home/assam_yoonseocho/.vscode-server/cli/servers/Stable-38c31bc77e0dd6ae88a4e9cc93428cc27a56ba40/server/extensions/git/dist/main.js:2:978709
	at Array.forEach (<anonymous>)
	at f.dispose (/home/assam_yoonseocho/.vscode-server/cli/servers/Stable-38c31bc77e0dd6ae88a4e9cc93428cc27a56ba40/server/extensions/git/dist/main.js:2:978695)
	at o.<anonymous> (/home/assam_yoonseocho/.vscode-server/cli/servers/Stable-38c31bc77e0dd6ae88a4e9cc93428cc27a56ba40/server/out/vs/workbench/api/node/extensionHostProcess.js:159:4176)
	at o.dispose (/home/assam_yoonseocho/.vscode-server/cli/servers/Stable-38c31bc77e0dd6ae88a4e9cc93428cc27a56ba40/server/out/vs/workbench/api/node/extensionHostProcess.js:159:4273)
	at o.<anonymous> (/home/assam_yoonseocho/.vscode-server/cli/servers/Stable-38c31bc77e0dd6ae88a4e9cc93428cc27a56ba40/server/extensions/git/dist/main.js:2:954307)
	at o.dispose (/home/assam_yoonseocho/.vscode-server/cli/servers/Stable-38c31bc77e0dd6ae88a4e9cc93428cc27a56ba40/server/out/vs/workbench/api/node/extensionHostProcess.js:159:4273)
	at $ (/home/assam_yoonseocho/.vscode-server/cli/servers/Stable-38c31bc77e0dd6ae88a4e9cc93428cc27a56ba40/server/out/vs/workbench/api/node/extensionHostProcess.js:30:744)
	at /home/assam_yoonseocho/.vscode-server/cli/servers/Stable-38c31bc77e0dd6ae88a4e9cc93428cc27a56ba40/server/out/vs/workbench/api/node/extensionHostProcess.js:167:13607
	at /home/assam_yoonseocho/.vscode-server/cli/servers/Stable-38c31bc77e0dd6ae88a4e9cc93428cc27a56ba40/server/out/vs/workbench/api/node/extensionHostProcess.js:30:1112
	at Object.dispose (/home/assam_yoonseocho/.vscode-server/cli/servers/Stable-38c31bc77e0dd6ae88a4e9cc93428cc27a56ba40/server/out/vs/workbench/api/node/extensionHostProcess.js:11:11463)
	at m.eb (/home/assam_yoonseocho/.vscode-server/cli/servers/Stable-38c31bc77e0dd6ae88a4e9cc93428cc27a56ba40/server/out/vs/workbench/api/node/extensionHostProcess.js:167:10282)
	at /home/assam_yoonseocho/.vscode-server/cli/servers/Stable-38c31bc77e0dd6ae88a4e9cc93428cc27a56ba40/server/out/vs/workbench/api/node/extensionHostProcess.js:167:8153
	at Array.map (<anonymous>)
	at m.$ (/home/assam_yoonseocho/.vscode-server/cli/servers/Stable-38c31bc77e0dd6ae88a4e9cc93428cc27a56ba40/server/out/vs/workbench/api/node/extensionHostProcess.js:167:8140)
	at m.terminate (/home/assam_yoonseocho/.vscode-server/cli/servers/Stable-38c31bc77e0dd6ae88a4e9cc93428cc27a56ba40/server/out/vs/workbench/api/node/extensionHostProcess.js:167:8413)
	at $.terminate (/home/assam_yoonseocho/.vscode-server/cli/servers/Stable-38c31bc77e0dd6ae88a4e9cc93428cc27a56ba40/server/out/vs/workbench/api/node/extensionHostProcess.js:171:1513)
	at n (/home/assam_yoonseocho/.vscode-server/cli/servers/Stable-38c31bc77e0dd6ae88a4e9cc93428cc27a56ba40/server/out/vs/workbench/api/node/extensionHostProcess.js:184:10613)
	at i.value (/home/assam_yoonseocho/.vscode-server/cli/servers/Stable-38c31bc77e0dd6ae88a4e9cc93428cc27a56ba40/server/out/vs/workbench/api/node/extensionHostProcess.js:184:8581)
	at r.B (/home/assam_yoonseocho/.vscode-server/cli/servers/Stable-38c31bc77e0dd6ae88a4e9cc93428cc27a56ba40/server/out/vs/workbench/api/node/extensionHostProcess.js:90:732)
	at r.fire (/home/assam_yoonseocho/.vscode-server/cli/servers/Stable-38c31bc77e0dd6ae88a4e9cc93428cc27a56ba40/server/out/vs/workbench/api/node/extensionHostProcess.js:90:949)
	at a.fire (/home/assam_yoonseocho/.vscode-server/cli/servers/Stable-38c31bc77e0dd6ae88a4e9cc93428cc27a56ba40/server/out/vs/workbench/api/node/extensionHostProcess.js:115:14463)
	at h.A (/home/assam_yoonseocho/.vscode-server/cli/servers/Stable-38c31bc77e0dd6ae88a4e9cc93428cc27a56ba40/server/out/vs/workbench/api/node/extensionHostProcess.js:115:17622)
	at i.value (/home/assam_yoonseocho/.vscode-server/cli/servers/Stable-38c31bc77e0dd6ae88a4e9cc93428cc27a56ba40/server/out/vs/workbench/api/node/extensionHostProcess.js:115:16996)
	at r.B (/home/assam_yoonseocho/.vscode-server/cli/servers/Stable-38c31bc77e0dd6ae88a4e9cc93428cc27a56ba40/server/out/vs/workbench/api/node/extensionHostProcess.js:90:732)
	at r.fire (/home/assam_yoonseocho/.vscode-server/cli/servers/Stable-38c31bc77e0dd6ae88a4e9cc93428cc27a56ba40/server/out/vs/workbench/api/node/extensionHostProcess.js:90:949)
	at m.acceptChunk (/home/assam_yoonseocho/.vscode-server/cli/servers/Stable-38c31bc77e0dd6ae88a4e9cc93428cc27a56ba40/server/out/vs/workbench/api/node/extensionHostProcess.js:115:12209)
	at /home/assam_yoonseocho/.vscode-server/cli/servers/Stable-38c31bc77e0dd6ae88a4e9cc93428cc27a56ba40/server/out/vs/workbench/api/node/extensionHostProcess.js:115:11479
	at Socket.b (/home/assam_yoonseocho/.vscode-server/cli/servers/Stable-38c31bc77e0dd6ae88a4e9cc93428cc27a56ba40/server/out/vs/workbench/api/node/extensionHostProcess.js:181:14623)
	at Socket.emit (node:events:519:28)
	at addChunk (node:internal/streams/readable:559:12)
	at readableAddChunkPushByteMode (node:internal/streams/readable:510:3)
	at Readable.push (node:internal/streams/readable:390:5)
	at Pipe.onStreamRead (node:internal/stream_base_commons:191:23) setContext undefined
2024-09-22 21:36:41.052 [info] Extension host with pid 225977 exiting with code 0
