2024-09-22 22:12:03.770 [info] [main] 로그 수준: Info
2024-09-22 22:12:03.771 [info] [main] "git"에서 찾은 git 유효성을 검사하는 중
2024-09-22 22:12:03.771 [info] [main] "2.34.1"에서 git "git"을(를) 사용하는 중
2024-09-22 22:12:03.771 [info] [Model][doInitialScan] Initial repository scan started
2024-09-22 22:12:03.771 [info] > git rev-parse --show-toplevel [5ms]
2024-09-22 22:12:03.771 [info] > git rev-parse --git-dir --git-common-dir [3ms]
2024-09-22 22:12:03.771 [info] [Model][openRepository] Opened repository: /home/assam_yoonseocho/2024-os-hw1
2024-09-22 22:12:03.771 [info] > git rev-parse --show-toplevel [12ms]
2024-09-22 22:12:03.771 [info] > git config --get commit.template [16ms]
2024-09-22 22:12:03.782 [info] > git rev-parse --show-toplevel [9ms]
2024-09-22 22:12:03.787 [info] [Model][doInitialScan] Initial repository scan completed - repositories (1), closed repositories (0), parent repositories (0), unsafe repositories (0)
2024-09-22 22:12:03.861 [info] > git for-each-ref --format=%(refname)%00%(upstream:short)%00%(objectname)%00%(upstream:track)%00%(upstream:remotename)%00%(upstream:remoteref) refs/heads/32214362_yoonseocho refs/remotes/32214362_yoonseocho [81ms]
2024-09-22 22:12:03.867 [warning] [Git][revParse] Unable to read file: ENOENT: no such file or directory, open '/home/assam_yoonseocho/2024-os-hw1/.git/refs/remotes/origin/master'
2024-09-22 22:12:03.868 [info] > git rev-parse refs/remotes/origin/master [2ms]
2024-09-22 22:12:03.875 [info] > git status -z -uall [3ms]
2024-09-22 22:12:03.897 [info] > git for-each-ref --format=%(refname)%00%(upstream:short)%00%(objectname)%00%(upstream:track)%00%(upstream:remotename)%00%(upstream:remoteref) refs/heads/32214362_yoonseocho refs/remotes/32214362_yoonseocho [16ms]
2024-09-22 22:12:03.901 [info] > git config --get commit.template [5ms]
2024-09-22 22:12:03.902 [info] > git config --local branch.32214362_yoonseocho.vscode-merge-base [2ms]
2024-09-22 22:12:03.912 [info] > git for-each-ref --format=%(refname)%00%(upstream:short)%00%(objectname)%00%(upstream:track)%00%(upstream:remotename)%00%(upstream:remoteref) refs/heads/origin/master refs/remotes/origin/master [7ms]
2024-09-22 22:12:03.917 [info] > git for-each-ref --format=%(refname)%00%(upstream:short)%00%(objectname)%00%(upstream:track)%00%(upstream:remotename)%00%(upstream:remoteref) refs/heads/32214362_yoonseocho refs/remotes/32214362_yoonseocho [8ms]
2024-09-22 22:12:03.919 [warning] [Git][revParse] Unable to read file: ENOENT: no such file or directory, open '/home/assam_yoonseocho/2024-os-hw1/.git/refs/remotes/origin/master'
2024-09-22 22:12:03.920 [info] > git merge-base refs/heads/32214362_yoonseocho refs/remotes/origin/master [4ms]
2024-09-22 22:12:03.923 [info] > git rev-parse refs/remotes/origin/master [4ms]
2024-09-22 22:12:03.927 [info] > git rev-list --count --left-right refs/heads/32214362_yoonseocho...refs/remotes/origin/master [3ms]
2024-09-22 22:12:03.930 [info] > git status -z -uall [4ms]
2024-09-22 22:12:04.050 [info] > git for-each-ref --format=%(refname)%00%(upstream:short)%00%(objectname)%00%(upstream:track)%00%(upstream:remotename)%00%(upstream:remoteref) refs/heads/32214362_yoonseocho refs/remotes/32214362_yoonseocho [116ms]
2024-09-22 22:12:04.054 [info] > git diff --name-status -z --diff-filter=ADMR 3754e078984a4486af05a630408918cfc55ef03c...refs/remotes/origin/master [125ms]
2024-09-22 22:12:04.101 [info] > git config --local branch.32214362_yoonseocho.vscode-merge-base [46ms]
2024-09-22 22:12:04.106 [info] > git for-each-ref --format=%(refname)%00%(upstream:short)%00%(objectname)%00%(upstream:track)%00%(upstream:remotename)%00%(upstream:remoteref) refs/heads/origin/master refs/remotes/origin/master [2ms]
2024-09-22 22:12:04.149 [info] > git show --textconv :sish.c [4ms]
2024-09-22 22:12:04.151 [info] > git ls-files --stage -- /home/assam_yoonseocho/2024-os-hw1/sish.c [2ms]
2024-09-22 22:12:04.272 [info] > git check-ignore -v -z --stdin [1ms]
2024-09-22 22:12:23.390 [info] > git config --get commit.template [5ms]
2024-09-22 22:12:23.391 [info] > git for-each-ref --format=%(refname)%00%(upstream:short)%00%(objectname)%00%(upstream:track)%00%(upstream:remotename)%00%(upstream:remoteref) refs/heads/32214362_yoonseocho refs/remotes/32214362_yoonseocho [4ms]
2024-09-22 22:12:23.393 [warning] [Git][revParse] Unable to read file: ENOENT: no such file or directory, open '/home/assam_yoonseocho/2024-os-hw1/.git/refs/remotes/origin/master'
2024-09-22 22:12:23.395 [info] > git rev-parse refs/remotes/origin/master [2ms]
2024-09-22 22:12:23.401 [info] > git status -z -uall [4ms]
2024-09-22 22:12:23.408 [info] > git for-each-ref --format=%(refname)%00%(upstream:short)%00%(objectname)%00%(upstream:track)%00%(upstream:remotename)%00%(upstream:remoteref) refs/heads/32214362_yoonseocho refs/remotes/32214362_yoonseocho [3ms]
2024-09-22 22:12:23.412 [info] > git config --local branch.32214362_yoonseocho.vscode-merge-base [1ms]
2024-09-22 22:12:23.417 [info] > git for-each-ref --format=%(refname)%00%(upstream:short)%00%(objectname)%00%(upstream:track)%00%(upstream:remotename)%00%(upstream:remoteref) refs/heads/origin/master refs/remotes/origin/master [2ms]
2024-09-22 22:12:47.058 [info] > git config --get commit.template [6ms]
2024-09-22 22:12:47.059 [info] > git for-each-ref --format=%(refname)%00%(upstream:short)%00%(objectname)%00%(upstream:track)%00%(upstream:remotename)%00%(upstream:remoteref) refs/heads/32214362_yoonseocho refs/remotes/32214362_yoonseocho [2ms]
2024-09-22 22:12:47.062 [warning] [Git][revParse] Unable to read file: ENOENT: no such file or directory, open '/home/assam_yoonseocho/2024-os-hw1/.git/refs/remotes/origin/master'
2024-09-22 22:12:47.063 [info] > git rev-parse refs/remotes/origin/master [1ms]
2024-09-22 22:12:47.069 [info] > git status -z -uall [3ms]
2024-09-22 22:12:47.075 [info] > git for-each-ref --format=%(refname)%00%(upstream:short)%00%(objectname)%00%(upstream:track)%00%(upstream:remotename)%00%(upstream:remoteref) refs/heads/32214362_yoonseocho refs/remotes/32214362_yoonseocho [2ms]
2024-09-22 22:12:47.080 [info] > git config --local branch.32214362_yoonseocho.vscode-merge-base [2ms]
2024-09-22 22:12:47.084 [info] > git for-each-ref --format=%(refname)%00%(upstream:short)%00%(objectname)%00%(upstream:track)%00%(upstream:remotename)%00%(upstream:remoteref) refs/heads/origin/master refs/remotes/origin/master [2ms]
2024-09-22 22:15:24.761 [info] > git config --get commit.template [4ms]
2024-09-22 22:15:24.762 [info] > git for-each-ref --format=%(refname)%00%(upstream:short)%00%(objectname)%00%(upstream:track)%00%(upstream:remotename)%00%(upstream:remoteref) refs/heads/32214362_yoonseocho refs/remotes/32214362_yoonseocho [2ms]
2024-09-22 22:15:24.765 [warning] [Git][revParse] Unable to read file: ENOENT: no such file or directory, open '/home/assam_yoonseocho/2024-os-hw1/.git/refs/remotes/origin/master'
2024-09-22 22:15:24.766 [info] > git rev-parse refs/remotes/origin/master [1ms]
2024-09-22 22:15:24.771 [info] > git status -z -uall [2ms]
2024-09-22 22:15:24.779 [info] > git for-each-ref --format=%(refname)%00%(upstream:short)%00%(objectname)%00%(upstream:track)%00%(upstream:remotename)%00%(upstream:remoteref) refs/heads/32214362_yoonseocho refs/remotes/32214362_yoonseocho [4ms]
2024-09-22 22:15:24.784 [info] > git config --local branch.32214362_yoonseocho.vscode-merge-base [1ms]
2024-09-22 22:15:24.788 [info] > git for-each-ref --format=%(refname)%00%(upstream:short)%00%(objectname)%00%(upstream:track)%00%(upstream:remotename)%00%(upstream:remoteref) refs/heads/origin/master refs/remotes/origin/master [2ms]
2024-09-22 22:15:42.409 [info] > git check-ignore -v -z --stdin [2ms]
2024-09-22 22:15:46.360 [info] > git check-ignore -v -z --stdin [2ms]
2024-09-22 22:20:22.387 [info] > git config --get commit.template [4ms]
2024-09-22 22:20:22.389 [info] > git for-each-ref --format=%(refname)%00%(upstream:short)%00%(objectname)%00%(upstream:track)%00%(upstream:remotename)%00%(upstream:remoteref) refs/heads/32214362_yoonseocho refs/remotes/32214362_yoonseocho [3ms]
2024-09-22 22:20:22.393 [warning] [Git][revParse] Unable to read file: ENOENT: no such file or directory, open '/home/assam_yoonseocho/2024-os-hw1/.git/refs/remotes/origin/master'
2024-09-22 22:20:22.394 [info] > git rev-parse refs/remotes/origin/master [2ms]
2024-09-22 22:20:22.400 [info] > git status -z -uall [3ms]
2024-09-22 22:20:22.407 [info] > git for-each-ref --format=%(refname)%00%(upstream:short)%00%(objectname)%00%(upstream:track)%00%(upstream:remotename)%00%(upstream:remoteref) refs/heads/32214362_yoonseocho refs/remotes/32214362_yoonseocho [3ms]
2024-09-22 22:20:22.412 [info] > git config --local branch.32214362_yoonseocho.vscode-merge-base [2ms]
2024-09-22 22:20:22.416 [info] > git for-each-ref --format=%(refname)%00%(upstream:short)%00%(objectname)%00%(upstream:track)%00%(upstream:remotename)%00%(upstream:remoteref) refs/heads/origin/master refs/remotes/origin/master [2ms]
2024-09-22 22:20:27.418 [info] > git config --get commit.template [4ms]
2024-09-22 22:20:27.419 [info] > git for-each-ref --format=%(refname)%00%(upstream:short)%00%(objectname)%00%(upstream:track)%00%(upstream:remotename)%00%(upstream:remoteref) refs/heads/32214362_yoonseocho refs/remotes/32214362_yoonseocho [2ms]
2024-09-22 22:20:27.421 [warning] [Git][revParse] Unable to read file: ENOENT: no such file or directory, open '/home/assam_yoonseocho/2024-os-hw1/.git/refs/remotes/origin/master'
2024-09-22 22:20:27.423 [info] > git rev-parse refs/remotes/origin/master [2ms]
2024-09-22 22:20:27.428 [info] > git status -z -uall [3ms]
2024-09-22 22:20:27.436 [info] > git for-each-ref --format=%(refname)%00%(upstream:short)%00%(objectname)%00%(upstream:track)%00%(upstream:remotename)%00%(upstream:remoteref) refs/heads/32214362_yoonseocho refs/remotes/32214362_yoonseocho [4ms]
2024-09-22 22:20:27.441 [info] > git config --local branch.32214362_yoonseocho.vscode-merge-base [2ms]
2024-09-22 22:20:27.445 [info] > git for-each-ref --format=%(refname)%00%(upstream:short)%00%(objectname)%00%(upstream:track)%00%(upstream:remotename)%00%(upstream:remoteref) refs/heads/origin/master refs/remotes/origin/master [1ms]
2024-09-22 22:21:11.287 [info] > git config --get commit.template [4ms]
2024-09-22 22:21:11.288 [info] > git for-each-ref --format=%(refname)%00%(upstream:short)%00%(objectname)%00%(upstream:track)%00%(upstream:remotename)%00%(upstream:remoteref) refs/heads/32214362_yoonseocho refs/remotes/32214362_yoonseocho [1ms]
2024-09-22 22:21:11.290 [warning] [Git][revParse] Unable to read file: ENOENT: no such file or directory, open '/home/assam_yoonseocho/2024-os-hw1/.git/refs/remotes/origin/master'
2024-09-22 22:21:11.291 [info] > git rev-parse refs/remotes/origin/master [1ms]
2024-09-22 22:21:11.298 [info] > git status -z -uall [3ms]
2024-09-22 22:21:11.305 [info] > git for-each-ref --format=%(refname)%00%(upstream:short)%00%(objectname)%00%(upstream:track)%00%(upstream:remotename)%00%(upstream:remoteref) refs/heads/32214362_yoonseocho refs/remotes/32214362_yoonseocho [3ms]
2024-09-22 22:21:11.310 [info] > git config --local branch.32214362_yoonseocho.vscode-merge-base [2ms]
2024-09-22 22:21:11.314 [info] > git for-each-ref --format=%(refname)%00%(upstream:short)%00%(objectname)%00%(upstream:track)%00%(upstream:remotename)%00%(upstream:remoteref) refs/heads/origin/master refs/remotes/origin/master [2ms]
