2024-09-25 17:58:38.449 [info] [main] 로그 수준: Info
2024-09-25 17:58:38.449 [info] [main] "git"에서 찾은 git 유효성을 검사하는 중
2024-09-25 17:58:38.449 [info] [main] "2.34.1"에서 git "git"을(를) 사용하는 중
2024-09-25 17:58:38.449 [info] [Model][doInitialScan] Initial repository scan started
2024-09-25 17:58:38.449 [info] > git rev-parse --show-toplevel [4ms]
2024-09-25 17:58:38.449 [info] > git rev-parse --git-dir --git-common-dir [2ms]
2024-09-25 17:58:38.449 [info] [Model][openRepository] Opened repository: /home/assam_yoonseocho/2024-os-hw1
2024-09-25 17:58:38.449 [info] > git rev-parse --show-toplevel [8ms]
2024-09-25 17:58:38.449 [info] > git config --get commit.template [12ms]
2024-09-25 17:58:38.466 [info] > git rev-parse --show-toplevel [15ms]
2024-09-25 17:58:38.471 [info] [Model][doInitialScan] Initial repository scan completed - repositories (1), closed repositories (0), parent repositories (0), unsafe repositories (0)
2024-09-25 17:58:38.472 [info] > git for-each-ref --format=%(refname)%00%(upstream:short)%00%(objectname)%00%(upstream:track)%00%(upstream:remotename)%00%(upstream:remoteref) refs/heads/32214362_yoonseocho refs/remotes/32214362_yoonseocho [10ms]
2024-09-25 17:58:38.474 [warning] [Git][revParse] Unable to read file: ENOENT: no such file or directory, open '/home/assam_yoonseocho/2024-os-hw1/.git/refs/remotes/origin/master'
2024-09-25 17:58:38.476 [info] > git rev-parse refs/remotes/origin/master [2ms]
2024-09-25 17:58:38.485 [info] > git status -z -uall [5ms]
2024-09-25 17:58:38.591 [info] > git for-each-ref --format=%(refname)%00%(upstream:short)%00%(objectname)%00%(upstream:track)%00%(upstream:remotename)%00%(upstream:remoteref) refs/heads/32214362_yoonseocho refs/remotes/32214362_yoonseocho [100ms]
2024-09-25 17:58:38.635 [info] > git config --local branch.32214362_yoonseocho.vscode-merge-base [40ms]
2024-09-25 17:58:38.639 [info] > git config --get commit.template [48ms]
2024-09-25 17:58:38.643 [info] > git for-each-ref --format=%(refname)%00%(upstream:short)%00%(objectname)%00%(upstream:track)%00%(upstream:remotename)%00%(upstream:remoteref) refs/heads/origin/master refs/remotes/origin/master [4ms]
2024-09-25 17:58:38.649 [info] > git for-each-ref --format=%(refname)%00%(upstream:short)%00%(objectname)%00%(upstream:track)%00%(upstream:remotename)%00%(upstream:remoteref) refs/heads/32214362_yoonseocho refs/remotes/32214362_yoonseocho [6ms]
2024-09-25 17:58:38.649 [info] > git merge-base refs/heads/32214362_yoonseocho refs/remotes/origin/master [2ms]
2024-09-25 17:58:38.656 [warning] [Git][revParse] Unable to read file: ENOENT: no such file or directory, open '/home/assam_yoonseocho/2024-os-hw1/.git/refs/remotes/origin/master'
2024-09-25 17:58:38.657 [info] > git rev-list --count --left-right refs/heads/32214362_yoonseocho...refs/remotes/origin/master [4ms]
2024-09-25 17:58:38.661 [info] > git rev-parse refs/remotes/origin/master [5ms]
2024-09-25 17:58:38.781 [info] > git status -z -uall [118ms]
2024-09-25 17:58:38.782 [info] > git diff --name-status -z --diff-filter=ADMR 3754e078984a4486af05a630408918cfc55ef03c...refs/remotes/origin/master [121ms]
2024-09-25 17:58:38.791 [info] > git for-each-ref --format=%(refname)%00%(upstream:short)%00%(objectname)%00%(upstream:track)%00%(upstream:remotename)%00%(upstream:remoteref) refs/heads/32214362_yoonseocho refs/remotes/32214362_yoonseocho [3ms]
2024-09-25 17:58:38.795 [info] > git config --local branch.32214362_yoonseocho.vscode-merge-base [1ms]
2024-09-25 17:58:38.800 [info] > git for-each-ref --format=%(refname)%00%(upstream:short)%00%(objectname)%00%(upstream:track)%00%(upstream:remotename)%00%(upstream:remoteref) refs/heads/origin/master refs/remotes/origin/master [2ms]
2024-09-25 17:58:38.913 [info] > git show --textconv :sish.c [30ms]
2024-09-25 17:58:38.913 [info] > git show --textconv :test.c [26ms]
2024-09-25 17:58:38.913 [info] > git ls-files --stage -- /home/assam_yoonseocho/2024-os-hw1/test.c [21ms]
2024-09-25 17:58:38.914 [info] > git ls-files --stage -- /home/assam_yoonseocho/2024-os-hw1/sish.c [24ms]
2024-09-25 17:58:38.965 [info] > git check-ignore -v -z --stdin [1ms]
