2024-09-24 10:50:32.309 [info] [main] 로그 수준: Info
2024-09-24 10:50:32.309 [info] [main] "git"에서 찾은 git 유효성을 검사하는 중
2024-09-24 10:50:32.309 [info] [main] "2.34.1"에서 git "git"을(를) 사용하는 중
2024-09-24 10:50:32.309 [info] [Model][doInitialScan] Initial repository scan started
2024-09-24 10:50:32.310 [info] > git rev-parse --show-toplevel [5ms]
2024-09-24 10:50:32.310 [info] > git rev-parse --git-dir --git-common-dir [2ms]
2024-09-24 10:50:32.310 [info] [Model][openRepository] Opened repository: /home/assam_yoonseocho/2024-os-hw1
2024-09-24 10:50:32.311 [info] > git rev-parse --show-toplevel [15ms]
2024-09-24 10:50:32.312 [info] > git config --get commit.template [18ms]
2024-09-24 10:50:32.320 [info] > git rev-parse --show-toplevel [5ms]
2024-09-24 10:50:32.325 [info] [Model][doInitialScan] Initial repository scan completed - repositories (1), closed repositories (0), parent repositories (0), unsafe repositories (0)
2024-09-24 10:50:32.327 [info] > git for-each-ref --format=%(refname)%00%(upstream:short)%00%(objectname)%00%(upstream:track)%00%(upstream:remotename)%00%(upstream:remoteref) refs/heads/32214362_yoonseocho refs/remotes/32214362_yoonseocho [9ms]
2024-09-24 10:50:32.330 [warning] [Git][revParse] Unable to read file: ENOENT: no such file or directory, open '/home/assam_yoonseocho/2024-os-hw1/.git/refs/remotes/origin/master'
2024-09-24 10:50:32.332 [info] > git rev-parse refs/remotes/origin/master [2ms]
2024-09-24 10:50:32.341 [info] > git status -z -uall [5ms]
2024-09-24 10:50:32.359 [info] > git for-each-ref --format=%(refname)%00%(upstream:short)%00%(objectname)%00%(upstream:track)%00%(upstream:remotename)%00%(upstream:remoteref) refs/heads/32214362_yoonseocho refs/remotes/32214362_yoonseocho [13ms]
2024-09-24 10:50:32.364 [info] > git config --get commit.template [4ms]
2024-09-24 10:50:32.365 [info] > git config --local branch.32214362_yoonseocho.vscode-merge-base [2ms]
2024-09-24 10:50:32.371 [info] > git for-each-ref --format=%(refname)%00%(upstream:short)%00%(objectname)%00%(upstream:track)%00%(upstream:remotename)%00%(upstream:remoteref) refs/heads/origin/master refs/remotes/origin/master [4ms]
2024-09-24 10:50:32.376 [info] > git for-each-ref --format=%(refname)%00%(upstream:short)%00%(objectname)%00%(upstream:track)%00%(upstream:remotename)%00%(upstream:remoteref) refs/heads/32214362_yoonseocho refs/remotes/32214362_yoonseocho [6ms]
2024-09-24 10:50:32.376 [info] > git merge-base refs/heads/32214362_yoonseocho refs/remotes/origin/master [1ms]
2024-09-24 10:50:32.424 [warning] [Git][revParse] Unable to read file: ENOENT: no such file or directory, open '/home/assam_yoonseocho/2024-os-hw1/.git/refs/remotes/origin/master'
2024-09-24 10:50:32.501 [info] > git rev-list --count --left-right refs/heads/32214362_yoonseocho...refs/remotes/origin/master [122ms]
2024-09-24 10:50:32.512 [info] > git rev-parse refs/remotes/origin/master [88ms]
2024-09-24 10:50:32.515 [info] > git diff --name-status -z --diff-filter=ADMR 3754e078984a4486af05a630408918cfc55ef03c...refs/remotes/origin/master [10ms]
2024-09-24 10:50:32.517 [info] > git status -z -uall [3ms]
2024-09-24 10:50:32.525 [info] > git for-each-ref --format=%(refname)%00%(upstream:short)%00%(objectname)%00%(upstream:track)%00%(upstream:remotename)%00%(upstream:remoteref) refs/heads/32214362_yoonseocho refs/remotes/32214362_yoonseocho [4ms]
2024-09-24 10:50:32.529 [info] > git config --local branch.32214362_yoonseocho.vscode-merge-base [2ms]
2024-09-24 10:50:32.533 [info] > git for-each-ref --format=%(refname)%00%(upstream:short)%00%(objectname)%00%(upstream:track)%00%(upstream:remotename)%00%(upstream:remoteref) refs/heads/origin/master refs/remotes/origin/master [2ms]
2024-09-24 10:50:32.736 [info] > git show --textconv :sish.c [6ms]
2024-09-24 10:50:32.738 [info] > git ls-files --stage -- /home/assam_yoonseocho/2024-os-hw1/sish.c [3ms]
2024-09-24 10:50:32.817 [info] > git check-ignore -v -z --stdin [2ms]
2024-09-24 10:51:34.103 [info] > git show --textconv :fork.c [5ms]
2024-09-24 10:51:34.105 [info] > git ls-files --stage -- /home/assam_yoonseocho/2024-os-hw1/fork.c [3ms]
2024-09-24 10:51:34.110 [info] > git cat-file -s 3b055c228112e57f31a527c4510a4705e5bc80cc [2ms]
2024-09-24 10:51:36.557 [info] > git show --textconv :sish.c [5ms]
2024-09-24 10:51:36.558 [info] > git ls-files --stage -- /home/assam_yoonseocho/2024-os-hw1/sish.c [2ms]
2024-09-24 10:51:37.646 [info] > git show --textconv :fork.c [5ms]
2024-09-24 10:51:37.648 [info] > git ls-files --stage -- /home/assam_yoonseocho/2024-os-hw1/fork.c [3ms]
2024-09-24 10:51:37.652 [info] > git cat-file -s 3b055c228112e57f31a527c4510a4705e5bc80cc [1ms]
2024-09-24 10:51:38.864 [info] > git show --textconv :sish.c [6ms]
2024-09-24 10:51:38.865 [info] > git ls-files --stage -- /home/assam_yoonseocho/2024-os-hw1/sish.c [3ms]
2024-09-24 10:52:35.912 [info] > git config --get commit.template [4ms]
2024-09-24 10:52:35.912 [info] > git for-each-ref --format=%(refname)%00%(upstream:short)%00%(objectname)%00%(upstream:track)%00%(upstream:remotename)%00%(upstream:remoteref) refs/heads/32214362_yoonseocho refs/remotes/32214362_yoonseocho [2ms]
2024-09-24 10:52:35.915 [warning] [Git][revParse] Unable to read file: ENOENT: no such file or directory, open '/home/assam_yoonseocho/2024-os-hw1/.git/refs/remotes/origin/master'
2024-09-24 10:52:35.916 [info] > git rev-parse refs/remotes/origin/master [1ms]
2024-09-24 10:52:35.922 [info] > git status -z -uall [3ms]
2024-09-24 10:52:35.929 [info] > git for-each-ref --format=%(refname)%00%(upstream:short)%00%(objectname)%00%(upstream:track)%00%(upstream:remotename)%00%(upstream:remoteref) refs/heads/32214362_yoonseocho refs/remotes/32214362_yoonseocho [3ms]
2024-09-24 10:52:35.933 [info] > git config --local branch.32214362_yoonseocho.vscode-merge-base [1ms]
2024-09-24 10:52:35.938 [info] > git for-each-ref --format=%(refname)%00%(upstream:short)%00%(objectname)%00%(upstream:track)%00%(upstream:remotename)%00%(upstream:remoteref) refs/heads/origin/master refs/remotes/origin/master [2ms]
2024-09-24 10:52:40.941 [info] > git config --get commit.template [4ms]
2024-09-24 10:52:40.942 [info] > git for-each-ref --format=%(refname)%00%(upstream:short)%00%(objectname)%00%(upstream:track)%00%(upstream:remotename)%00%(upstream:remoteref) refs/heads/32214362_yoonseocho refs/remotes/32214362_yoonseocho [2ms]
2024-09-24 10:52:40.944 [warning] [Git][revParse] Unable to read file: ENOENT: no such file or directory, open '/home/assam_yoonseocho/2024-os-hw1/.git/refs/remotes/origin/master'
2024-09-24 10:52:40.946 [info] > git rev-parse refs/remotes/origin/master [2ms]
2024-09-24 10:52:40.952 [info] > git status -z -uall [3ms]
2024-09-24 10:52:40.959 [info] > git for-each-ref --format=%(refname)%00%(upstream:short)%00%(objectname)%00%(upstream:track)%00%(upstream:remotename)%00%(upstream:remoteref) refs/heads/32214362_yoonseocho refs/remotes/32214362_yoonseocho [3ms]
2024-09-24 10:52:40.963 [info] > git config --local branch.32214362_yoonseocho.vscode-merge-base [1ms]
2024-09-24 10:52:40.968 [info] > git for-each-ref --format=%(refname)%00%(upstream:short)%00%(objectname)%00%(upstream:track)%00%(upstream:remotename)%00%(upstream:remoteref) refs/heads/origin/master refs/remotes/origin/master [1ms]
2024-09-24 10:53:00.926 [info] > git config --get commit.template [5ms]
2024-09-24 10:53:00.927 [info] > git for-each-ref --format=%(refname)%00%(upstream:short)%00%(objectname)%00%(upstream:track)%00%(upstream:remotename)%00%(upstream:remoteref) refs/heads/32214362_yoonseocho refs/remotes/32214362_yoonseocho [2ms]
2024-09-24 10:53:00.929 [warning] [Git][revParse] Unable to read file: ENOENT: no such file or directory, open '/home/assam_yoonseocho/2024-os-hw1/.git/refs/remotes/origin/master'
2024-09-24 10:53:00.930 [info] > git rev-parse refs/remotes/origin/master [1ms]
2024-09-24 10:53:00.936 [info] > git status -z -uall [3ms]
2024-09-24 10:53:00.942 [info] > git for-each-ref --format=%(refname)%00%(upstream:short)%00%(objectname)%00%(upstream:track)%00%(upstream:remotename)%00%(upstream:remoteref) refs/heads/32214362_yoonseocho refs/remotes/32214362_yoonseocho [2ms]
2024-09-24 10:53:00.946 [info] > git config --local branch.32214362_yoonseocho.vscode-merge-base [1ms]
2024-09-24 10:53:00.950 [info] > git for-each-ref --format=%(refname)%00%(upstream:short)%00%(objectname)%00%(upstream:track)%00%(upstream:remotename)%00%(upstream:remoteref) refs/heads/origin/master refs/remotes/origin/master [2ms]
2024-09-24 10:53:05.955 [info] > git config --get commit.template [4ms]
2024-09-24 10:53:05.956 [info] > git for-each-ref --format=%(refname)%00%(upstream:short)%00%(objectname)%00%(upstream:track)%00%(upstream:remotename)%00%(upstream:remoteref) refs/heads/32214362_yoonseocho refs/remotes/32214362_yoonseocho [1ms]
2024-09-24 10:53:05.958 [warning] [Git][revParse] Unable to read file: ENOENT: no such file or directory, open '/home/assam_yoonseocho/2024-os-hw1/.git/refs/remotes/origin/master'
2024-09-24 10:53:05.960 [info] > git rev-parse refs/remotes/origin/master [2ms]
2024-09-24 10:53:05.966 [info] > git status -z -uall [4ms]
2024-09-24 10:53:05.974 [info] > git for-each-ref --format=%(refname)%00%(upstream:short)%00%(objectname)%00%(upstream:track)%00%(upstream:remotename)%00%(upstream:remoteref) refs/heads/32214362_yoonseocho refs/remotes/32214362_yoonseocho [4ms]
2024-09-24 10:53:05.978 [info] > git config --local branch.32214362_yoonseocho.vscode-merge-base [1ms]
2024-09-24 10:53:05.983 [info] > git for-each-ref --format=%(refname)%00%(upstream:short)%00%(objectname)%00%(upstream:track)%00%(upstream:remotename)%00%(upstream:remoteref) refs/heads/origin/master refs/remotes/origin/master [2ms]
2024-09-24 10:53:16.837 [info] > git show --textconv :fork.c [5ms]
2024-09-24 10:53:16.839 [info] > git ls-files --stage -- /home/assam_yoonseocho/2024-os-hw1/fork.c [3ms]
2024-09-24 10:53:16.844 [info] > git cat-file -s 3b055c228112e57f31a527c4510a4705e5bc80cc [2ms]
2024-09-24 10:53:21.100 [info] > git show --textconv :sish.c [5ms]
2024-09-24 10:53:21.102 [info] > git ls-files --stage -- /home/assam_yoonseocho/2024-os-hw1/sish.c [3ms]
2024-09-24 10:53:25.085 [info] > git show --textconv :fork.c [6ms]
2024-09-24 10:53:25.086 [info] > git ls-files --stage -- /home/assam_yoonseocho/2024-os-hw1/fork.c [3ms]
2024-09-24 10:53:25.091 [info] > git cat-file -s 3b055c228112e57f31a527c4510a4705e5bc80cc [2ms]
2024-09-24 10:53:27.240 [info] > git show --textconv :sish.c [5ms]
2024-09-24 10:53:27.241 [info] > git ls-files --stage -- /home/assam_yoonseocho/2024-os-hw1/sish.c [1ms]
2024-09-24 10:53:31.219 [info] > git show --textconv :fork.c [6ms]
2024-09-24 10:53:31.220 [info] > git ls-files --stage -- /home/assam_yoonseocho/2024-os-hw1/fork.c [3ms]
2024-09-24 10:53:31.224 [info] > git cat-file -s 3b055c228112e57f31a527c4510a4705e5bc80cc [2ms]
2024-09-24 10:53:33.013 [info] > git show --textconv :sish.c [5ms]
2024-09-24 10:53:33.014 [info] > git ls-files --stage -- /home/assam_yoonseocho/2024-os-hw1/sish.c [2ms]
2024-09-24 10:53:37.579 [info] > git show --textconv :fork.c [5ms]
2024-09-24 10:53:37.581 [info] > git ls-files --stage -- /home/assam_yoonseocho/2024-os-hw1/fork.c [2ms]
2024-09-24 10:53:37.586 [info] > git cat-file -s 3b055c228112e57f31a527c4510a4705e5bc80cc [2ms]
2024-09-24 10:53:44.226 [info] > git show --textconv :sish.c [5ms]
2024-09-24 10:53:44.227 [info] > git ls-files --stage -- /home/assam_yoonseocho/2024-os-hw1/sish.c [2ms]
2024-09-24 10:53:50.597 [info] > git show --textconv :fork.c [5ms]
2024-09-24 10:53:50.599 [info] > git ls-files --stage -- /home/assam_yoonseocho/2024-os-hw1/fork.c [2ms]
2024-09-24 10:53:50.603 [info] > git cat-file -s 3b055c228112e57f31a527c4510a4705e5bc80cc [1ms]
2024-09-24 10:53:54.770 [info] > git show --textconv :sish.c [5ms]
2024-09-24 10:53:54.772 [info] > git ls-files --stage -- /home/assam_yoonseocho/2024-os-hw1/sish.c [3ms]
2024-09-24 10:54:13.706 [info] > git config --get commit.template [5ms]
2024-09-24 10:54:13.707 [info] > git for-each-ref --format=%(refname)%00%(upstream:short)%00%(objectname)%00%(upstream:track)%00%(upstream:remotename)%00%(upstream:remoteref) refs/heads/32214362_yoonseocho refs/remotes/32214362_yoonseocho [1ms]
2024-09-24 10:54:13.709 [warning] [Git][revParse] Unable to read file: ENOENT: no such file or directory, open '/home/assam_yoonseocho/2024-os-hw1/.git/refs/remotes/origin/master'
2024-09-24 10:54:13.711 [info] > git rev-parse refs/remotes/origin/master [2ms]
2024-09-24 10:54:13.715 [info] > git status -z -uall [2ms]
2024-09-24 10:54:13.722 [info] > git for-each-ref --format=%(refname)%00%(upstream:short)%00%(objectname)%00%(upstream:track)%00%(upstream:remotename)%00%(upstream:remoteref) refs/heads/32214362_yoonseocho refs/remotes/32214362_yoonseocho [2ms]
2024-09-24 10:54:13.726 [info] > git config --local branch.32214362_yoonseocho.vscode-merge-base [1ms]
2024-09-24 10:54:13.731 [info] > git for-each-ref --format=%(refname)%00%(upstream:short)%00%(objectname)%00%(upstream:track)%00%(upstream:remotename)%00%(upstream:remoteref) refs/heads/origin/master refs/remotes/origin/master [2ms]
