2024-09-24 11:03:55.912 [info] [main] 로그 수준: Info
2024-09-24 11:03:55.912 [info] [main] "git"에서 찾은 git 유효성을 검사하는 중
2024-09-24 11:03:55.912 [info] [main] "2.34.1"에서 git "git"을(를) 사용하는 중
2024-09-24 11:03:55.912 [info] [Model][doInitialScan] Initial repository scan started
2024-09-24 11:03:55.912 [info] > git rev-parse --show-toplevel [5ms]
2024-09-24 11:03:55.912 [info] > git rev-parse --git-dir --git-common-dir [3ms]
2024-09-24 11:03:55.912 [info] [Model][openRepository] Opened repository: /home/assam_yoonseocho/2024-os-hw1
2024-09-24 11:03:55.912 [info] > git rev-parse --show-toplevel [11ms]
2024-09-24 11:03:55.912 [info] > git config --get commit.template [15ms]
2024-09-24 11:03:55.917 [info] > git rev-parse --show-toplevel [5ms]
2024-09-24 11:03:55.922 [info] [Model][doInitialScan] Initial repository scan completed - repositories (1), closed repositories (0), parent repositories (0), unsafe repositories (0)
2024-09-24 11:03:55.923 [info] > git for-each-ref --format=%(refname)%00%(upstream:short)%00%(objectname)%00%(upstream:track)%00%(upstream:remotename)%00%(upstream:remoteref) refs/heads/32214362_yoonseocho refs/remotes/32214362_yoonseocho [8ms]
2024-09-24 11:03:55.926 [warning] [Git][revParse] Unable to read file: ENOENT: no such file or directory, open '/home/assam_yoonseocho/2024-os-hw1/.git/refs/remotes/origin/master'
2024-09-24 11:03:55.927 [info] > git rev-parse refs/remotes/origin/master [1ms]
2024-09-24 11:03:55.934 [info] > git status -z -uall [4ms]
2024-09-24 11:03:55.953 [info] > git for-each-ref --format=%(refname)%00%(upstream:short)%00%(objectname)%00%(upstream:track)%00%(upstream:remotename)%00%(upstream:remoteref) refs/heads/32214362_yoonseocho refs/remotes/32214362_yoonseocho [14ms]
2024-09-24 11:03:55.957 [info] > git config --get commit.template [5ms]
2024-09-24 11:03:55.958 [info] > git config --local branch.32214362_yoonseocho.vscode-merge-base [2ms]
2024-09-24 11:03:55.964 [info] > git for-each-ref --format=%(refname)%00%(upstream:short)%00%(objectname)%00%(upstream:track)%00%(upstream:remotename)%00%(upstream:remoteref) refs/heads/origin/master refs/remotes/origin/master [3ms]
2024-09-24 11:03:55.968 [info] > git for-each-ref --format=%(refname)%00%(upstream:short)%00%(objectname)%00%(upstream:track)%00%(upstream:remotename)%00%(upstream:remoteref) refs/heads/32214362_yoonseocho refs/remotes/32214362_yoonseocho [5ms]
2024-09-24 11:03:55.969 [info] > git merge-base refs/heads/32214362_yoonseocho refs/remotes/origin/master [1ms]
2024-09-24 11:03:55.975 [warning] [Git][revParse] Unable to read file: ENOENT: no such file or directory, open '/home/assam_yoonseocho/2024-os-hw1/.git/refs/remotes/origin/master'
2024-09-24 11:03:55.975 [info] > git rev-list --count --left-right refs/heads/32214362_yoonseocho...refs/remotes/origin/master [3ms]
2024-09-24 11:03:56.031 [info] > git diff --name-status -z --diff-filter=ADMR 3754e078984a4486af05a630408918cfc55ef03c...refs/remotes/origin/master [52ms]
2024-09-24 11:03:56.033 [info] > git rev-parse refs/remotes/origin/master [58ms]
2024-09-24 11:03:56.125 [info] > git status -z -uall [89ms]
2024-09-24 11:03:56.135 [info] > git for-each-ref --format=%(refname)%00%(upstream:short)%00%(objectname)%00%(upstream:track)%00%(upstream:remotename)%00%(upstream:remoteref) refs/heads/32214362_yoonseocho refs/remotes/32214362_yoonseocho [4ms]
2024-09-24 11:03:56.139 [info] > git config --local branch.32214362_yoonseocho.vscode-merge-base [1ms]
2024-09-24 11:03:56.144 [info] > git for-each-ref --format=%(refname)%00%(upstream:short)%00%(objectname)%00%(upstream:track)%00%(upstream:remotename)%00%(upstream:remoteref) refs/heads/origin/master refs/remotes/origin/master [2ms]
2024-09-24 11:03:56.422 [info] > git check-ignore -v -z --stdin [11ms]
2024-09-24 11:03:56.423 [info] > git show --textconv :sish.c [5ms]
2024-09-24 11:03:56.424 [info] > git ls-files --stage -- /home/assam_yoonseocho/2024-os-hw1/sish.c [3ms]
2024-09-24 11:03:59.066 [info] > git show --textconv :fork.c [5ms]
2024-09-24 11:03:59.068 [info] > git ls-files --stage -- /home/assam_yoonseocho/2024-os-hw1/fork.c [3ms]
2024-09-24 11:03:59.073 [info] > git cat-file -s 3b055c228112e57f31a527c4510a4705e5bc80cc [1ms]
2024-09-24 11:04:02.729 [info] > git show --textconv :sish.c [5ms]
2024-09-24 11:04:02.731 [info] > git ls-files --stage -- /home/assam_yoonseocho/2024-os-hw1/sish.c [2ms]
2024-09-24 11:04:05.089 [info] > git show --textconv :fork.c [5ms]
2024-09-24 11:04:05.091 [info] > git ls-files --stage -- /home/assam_yoonseocho/2024-os-hw1/fork.c [2ms]
2024-09-24 11:04:05.095 [info] > git cat-file -s 3b055c228112e57f31a527c4510a4705e5bc80cc [1ms]
2024-09-24 11:04:20.253 [info] > git show --textconv :sish.c [5ms]
2024-09-24 11:04:20.254 [info] > git ls-files --stage -- /home/assam_yoonseocho/2024-os-hw1/sish.c [3ms]
2024-09-24 11:04:34.000 [info] > git show --textconv :fork.c [4ms]
2024-09-24 11:04:34.001 [info] > git ls-files --stage -- /home/assam_yoonseocho/2024-os-hw1/fork.c [2ms]
2024-09-24 11:04:34.006 [info] > git cat-file -s 3b055c228112e57f31a527c4510a4705e5bc80cc [2ms]
2024-09-24 11:04:35.406 [info] > git show --textconv :sish.c [6ms]
2024-09-24 11:04:35.408 [info] > git ls-files --stage -- /home/assam_yoonseocho/2024-os-hw1/sish.c [2ms]
2024-09-24 11:06:02.409 [info] > git config --get commit.template [5ms]
2024-09-24 11:06:02.410 [info] > git for-each-ref --format=%(refname)%00%(upstream:short)%00%(objectname)%00%(upstream:track)%00%(upstream:remotename)%00%(upstream:remoteref) refs/heads/32214362_yoonseocho refs/remotes/32214362_yoonseocho [2ms]
2024-09-24 11:06:02.413 [warning] [Git][revParse] Unable to read file: ENOENT: no such file or directory, open '/home/assam_yoonseocho/2024-os-hw1/.git/refs/remotes/origin/master'
2024-09-24 11:06:02.414 [info] > git rev-parse refs/remotes/origin/master [1ms]
2024-09-24 11:06:02.419 [info] > git status -z -uall [3ms]
2024-09-24 11:06:02.426 [info] > git for-each-ref --format=%(refname)%00%(upstream:short)%00%(objectname)%00%(upstream:track)%00%(upstream:remotename)%00%(upstream:remoteref) refs/heads/32214362_yoonseocho refs/remotes/32214362_yoonseocho [3ms]
2024-09-24 11:06:02.430 [info] > git config --local branch.32214362_yoonseocho.vscode-merge-base [1ms]
2024-09-24 11:06:02.435 [info] > git for-each-ref --format=%(refname)%00%(upstream:short)%00%(objectname)%00%(upstream:track)%00%(upstream:remotename)%00%(upstream:remoteref) refs/heads/origin/master refs/remotes/origin/master [2ms]
2024-09-24 11:06:09.907 [info] > git config --get commit.template [4ms]
2024-09-24 11:06:09.908 [info] > git for-each-ref --format=%(refname)%00%(upstream:short)%00%(objectname)%00%(upstream:track)%00%(upstream:remotename)%00%(upstream:remoteref) refs/heads/32214362_yoonseocho refs/remotes/32214362_yoonseocho [2ms]
2024-09-24 11:06:09.910 [warning] [Git][revParse] Unable to read file: ENOENT: no such file or directory, open '/home/assam_yoonseocho/2024-os-hw1/.git/refs/remotes/origin/master'
2024-09-24 11:06:09.912 [info] > git rev-parse refs/remotes/origin/master [1ms]
2024-09-24 11:06:09.917 [info] > git status -z -uall [3ms]
2024-09-24 11:06:09.925 [info] > git for-each-ref --format=%(refname)%00%(upstream:short)%00%(objectname)%00%(upstream:track)%00%(upstream:remotename)%00%(upstream:remoteref) refs/heads/32214362_yoonseocho refs/remotes/32214362_yoonseocho [3ms]
2024-09-24 11:06:09.928 [info] > git config --local branch.32214362_yoonseocho.vscode-merge-base [1ms]
2024-09-24 11:06:09.933 [info] > git for-each-ref --format=%(refname)%00%(upstream:short)%00%(objectname)%00%(upstream:track)%00%(upstream:remotename)%00%(upstream:remoteref) refs/heads/origin/master refs/remotes/origin/master [2ms]
2024-09-24 11:06:13.234 [info] > git check-ignore -v -z --stdin [3ms]
2024-09-24 11:06:14.938 [info] > git config --get commit.template [5ms]
2024-09-24 11:06:14.939 [info] > git for-each-ref --format=%(refname)%00%(upstream:short)%00%(objectname)%00%(upstream:track)%00%(upstream:remotename)%00%(upstream:remoteref) refs/heads/32214362_yoonseocho refs/remotes/32214362_yoonseocho [2ms]
2024-09-24 11:06:14.941 [warning] [Git][revParse] Unable to read file: ENOENT: no such file or directory, open '/home/assam_yoonseocho/2024-os-hw1/.git/refs/remotes/origin/master'
2024-09-24 11:06:14.943 [info] > git rev-parse refs/remotes/origin/master [2ms]
2024-09-24 11:06:14.949 [info] > git status -z -uall [4ms]
2024-09-24 11:06:14.956 [info] > git for-each-ref --format=%(refname)%00%(upstream:short)%00%(objectname)%00%(upstream:track)%00%(upstream:remotename)%00%(upstream:remoteref) refs/heads/32214362_yoonseocho refs/remotes/32214362_yoonseocho [3ms]
2024-09-24 11:06:14.961 [info] > git config --local branch.32214362_yoonseocho.vscode-merge-base [2ms]
2024-09-24 11:06:14.965 [info] > git for-each-ref --format=%(refname)%00%(upstream:short)%00%(objectname)%00%(upstream:track)%00%(upstream:remotename)%00%(upstream:remoteref) refs/heads/origin/master refs/remotes/origin/master [1ms]
2024-09-24 11:06:25.038 [info] > git config --get commit.template [4ms]
2024-09-24 11:06:25.039 [info] > git for-each-ref --format=%(refname)%00%(upstream:short)%00%(objectname)%00%(upstream:track)%00%(upstream:remotename)%00%(upstream:remoteref) refs/heads/32214362_yoonseocho refs/remotes/32214362_yoonseocho [1ms]
2024-09-24 11:06:25.042 [warning] [Git][revParse] Unable to read file: ENOENT: no such file or directory, open '/home/assam_yoonseocho/2024-os-hw1/.git/refs/remotes/origin/master'
2024-09-24 11:06:25.043 [info] > git rev-parse refs/remotes/origin/master [1ms]
2024-09-24 11:06:25.049 [info] > git status -z -uall [3ms]
2024-09-24 11:06:25.057 [info] > git for-each-ref --format=%(refname)%00%(upstream:short)%00%(objectname)%00%(upstream:track)%00%(upstream:remotename)%00%(upstream:remoteref) refs/heads/32214362_yoonseocho refs/remotes/32214362_yoonseocho [4ms]
2024-09-24 11:06:25.061 [info] > git config --local branch.32214362_yoonseocho.vscode-merge-base [2ms]
2024-09-24 11:06:25.066 [info] > git for-each-ref --format=%(refname)%00%(upstream:short)%00%(objectname)%00%(upstream:track)%00%(upstream:remotename)%00%(upstream:remoteref) refs/heads/origin/master refs/remotes/origin/master [2ms]
2024-09-24 11:06:30.069 [info] > git config --get commit.template [5ms]
2024-09-24 11:06:30.070 [info] > git for-each-ref --format=%(refname)%00%(upstream:short)%00%(objectname)%00%(upstream:track)%00%(upstream:remotename)%00%(upstream:remoteref) refs/heads/32214362_yoonseocho refs/remotes/32214362_yoonseocho [2ms]
2024-09-24 11:06:30.072 [warning] [Git][revParse] Unable to read file: ENOENT: no such file or directory, open '/home/assam_yoonseocho/2024-os-hw1/.git/refs/remotes/origin/master'
2024-09-24 11:06:30.073 [info] > git rev-parse refs/remotes/origin/master [1ms]
2024-09-24 11:06:30.078 [info] > git status -z -uall [2ms]
2024-09-24 11:06:30.087 [info] > git for-each-ref --format=%(refname)%00%(upstream:short)%00%(objectname)%00%(upstream:track)%00%(upstream:remotename)%00%(upstream:remoteref) refs/heads/32214362_yoonseocho refs/remotes/32214362_yoonseocho [3ms]
2024-09-24 11:06:30.091 [info] > git config --local branch.32214362_yoonseocho.vscode-merge-base [2ms]
2024-09-24 11:06:30.095 [info] > git for-each-ref --format=%(refname)%00%(upstream:short)%00%(objectname)%00%(upstream:track)%00%(upstream:remotename)%00%(upstream:remoteref) refs/heads/origin/master refs/remotes/origin/master [2ms]
2024-09-24 11:06:41.275 [info] > git config --get commit.template [5ms]
2024-09-24 11:06:41.275 [info] > git for-each-ref --format=%(refname)%00%(upstream:short)%00%(objectname)%00%(upstream:track)%00%(upstream:remotename)%00%(upstream:remoteref) refs/heads/32214362_yoonseocho refs/remotes/32214362_yoonseocho [2ms]
2024-09-24 11:06:41.278 [warning] [Git][revParse] Unable to read file: ENOENT: no such file or directory, open '/home/assam_yoonseocho/2024-os-hw1/.git/refs/remotes/origin/master'
2024-09-24 11:06:41.279 [info] > git rev-parse refs/remotes/origin/master [1ms]
2024-09-24 11:06:41.284 [info] > git status -z -uall [3ms]
2024-09-24 11:06:41.291 [info] > git for-each-ref --format=%(refname)%00%(upstream:short)%00%(objectname)%00%(upstream:track)%00%(upstream:remotename)%00%(upstream:remoteref) refs/heads/32214362_yoonseocho refs/remotes/32214362_yoonseocho [3ms]
2024-09-24 11:06:41.297 [info] > git config --local branch.32214362_yoonseocho.vscode-merge-base [2ms]
2024-09-24 11:06:41.301 [info] > git for-each-ref --format=%(refname)%00%(upstream:short)%00%(objectname)%00%(upstream:track)%00%(upstream:remotename)%00%(upstream:remoteref) refs/heads/origin/master refs/remotes/origin/master [1ms]
2024-09-24 11:06:50.585 [info] > git config --get commit.template [5ms]
2024-09-24 11:06:50.586 [info] > git for-each-ref --format=%(refname)%00%(upstream:short)%00%(objectname)%00%(upstream:track)%00%(upstream:remotename)%00%(upstream:remoteref) refs/heads/32214362_yoonseocho refs/remotes/32214362_yoonseocho [2ms]
2024-09-24 11:06:50.588 [warning] [Git][revParse] Unable to read file: ENOENT: no such file or directory, open '/home/assam_yoonseocho/2024-os-hw1/.git/refs/remotes/origin/master'
2024-09-24 11:06:50.590 [info] > git rev-parse refs/remotes/origin/master [2ms]
2024-09-24 11:06:50.594 [info] > git status -z -uall [2ms]
2024-09-24 11:06:50.602 [info] > git for-each-ref --format=%(refname)%00%(upstream:short)%00%(objectname)%00%(upstream:track)%00%(upstream:remotename)%00%(upstream:remoteref) refs/heads/32214362_yoonseocho refs/remotes/32214362_yoonseocho [3ms]
2024-09-24 11:06:50.606 [info] > git config --local branch.32214362_yoonseocho.vscode-merge-base [1ms]
2024-09-24 11:06:50.610 [info] > git for-each-ref --format=%(refname)%00%(upstream:short)%00%(objectname)%00%(upstream:track)%00%(upstream:remotename)%00%(upstream:remoteref) refs/heads/origin/master refs/remotes/origin/master [1ms]
2024-09-24 11:06:50.693 [info] > git check-ignore -v -z --stdin [1ms]
2024-09-24 11:06:57.726 [info] > git config --get commit.template [4ms]
2024-09-24 11:06:57.727 [info] > git for-each-ref --format=%(refname)%00%(upstream:short)%00%(objectname)%00%(upstream:track)%00%(upstream:remotename)%00%(upstream:remoteref) refs/heads/32214362_yoonseocho refs/remotes/32214362_yoonseocho [2ms]
2024-09-24 11:06:57.730 [warning] [Git][revParse] Unable to read file: ENOENT: no such file or directory, open '/home/assam_yoonseocho/2024-os-hw1/.git/refs/remotes/origin/master'
2024-09-24 11:06:57.731 [info] > git rev-parse refs/remotes/origin/master [1ms]
2024-09-24 11:06:57.737 [info] > git status -z -uall [3ms]
2024-09-24 11:06:57.745 [info] > git for-each-ref --format=%(refname)%00%(upstream:short)%00%(objectname)%00%(upstream:track)%00%(upstream:remotename)%00%(upstream:remoteref) refs/heads/32214362_yoonseocho refs/remotes/32214362_yoonseocho [4ms]
2024-09-24 11:06:57.749 [info] > git config --local branch.32214362_yoonseocho.vscode-merge-base [1ms]
2024-09-24 11:06:57.753 [info] > git for-each-ref --format=%(refname)%00%(upstream:short)%00%(objectname)%00%(upstream:track)%00%(upstream:remotename)%00%(upstream:remoteref) refs/heads/origin/master refs/remotes/origin/master [1ms]
2024-09-24 11:07:15.849 [info] > git config --get commit.template [4ms]
2024-09-24 11:07:15.850 [info] > git for-each-ref --format=%(refname)%00%(upstream:short)%00%(objectname)%00%(upstream:track)%00%(upstream:remotename)%00%(upstream:remoteref) refs/heads/32214362_yoonseocho refs/remotes/32214362_yoonseocho [2ms]
2024-09-24 11:07:15.853 [warning] [Git][revParse] Unable to read file: ENOENT: no such file or directory, open '/home/assam_yoonseocho/2024-os-hw1/.git/refs/remotes/origin/master'
2024-09-24 11:07:15.854 [info] > git rev-parse refs/remotes/origin/master [1ms]
2024-09-24 11:07:15.859 [info] > git status -z -uall [2ms]
2024-09-24 11:07:15.865 [info] > git for-each-ref --format=%(refname)%00%(upstream:short)%00%(objectname)%00%(upstream:track)%00%(upstream:remotename)%00%(upstream:remoteref) refs/heads/32214362_yoonseocho refs/remotes/32214362_yoonseocho [3ms]
2024-09-24 11:07:15.869 [info] > git config --local branch.32214362_yoonseocho.vscode-merge-base [1ms]
2024-09-24 11:07:15.877 [info] > git for-each-ref --format=%(refname)%00%(upstream:short)%00%(objectname)%00%(upstream:track)%00%(upstream:remotename)%00%(upstream:remoteref) refs/heads/origin/master refs/remotes/origin/master [3ms]
2024-09-24 11:09:24.362 [info] > git show --textconv :test.c [5ms]
2024-09-24 11:09:24.364 [info] > git ls-files --stage -- /home/assam_yoonseocho/2024-os-hw1/test.c [3ms]
2024-09-24 11:09:41.389 [info] > git show --textconv :fork.c [5ms]
2024-09-24 11:09:41.391 [info] > git ls-files --stage -- /home/assam_yoonseocho/2024-os-hw1/fork.c [2ms]
2024-09-24 11:09:41.396 [info] > git cat-file -s 3b055c228112e57f31a527c4510a4705e5bc80cc [2ms]
2024-09-24 11:09:45.952 [info] > git show --textconv :sish.c [5ms]
2024-09-24 11:09:45.954 [info] > git ls-files --stage -- /home/assam_yoonseocho/2024-os-hw1/sish.c [3ms]
2024-09-24 11:09:55.507 [info] > git config --get commit.template [4ms]
2024-09-24 11:09:55.509 [info] > git for-each-ref --format=%(refname)%00%(upstream:short)%00%(objectname)%00%(upstream:track)%00%(upstream:remotename)%00%(upstream:remoteref) refs/heads/32214362_yoonseocho refs/remotes/32214362_yoonseocho [3ms]
2024-09-24 11:09:55.512 [warning] [Git][revParse] Unable to read file: ENOENT: no such file or directory, open '/home/assam_yoonseocho/2024-os-hw1/.git/refs/remotes/origin/master'
2024-09-24 11:09:55.514 [info] > git rev-parse refs/remotes/origin/master [1ms]
2024-09-24 11:09:55.519 [info] > git status -z -uall [3ms]
2024-09-24 11:09:55.525 [info] > git for-each-ref --format=%(refname)%00%(upstream:short)%00%(objectname)%00%(upstream:track)%00%(upstream:remotename)%00%(upstream:remoteref) refs/heads/32214362_yoonseocho refs/remotes/32214362_yoonseocho [2ms]
2024-09-24 11:09:55.530 [info] > git config --local branch.32214362_yoonseocho.vscode-merge-base [1ms]
2024-09-24 11:09:55.534 [info] > git for-each-ref --format=%(refname)%00%(upstream:short)%00%(objectname)%00%(upstream:track)%00%(upstream:remotename)%00%(upstream:remoteref) refs/heads/origin/master refs/remotes/origin/master [2ms]
2024-09-24 11:10:32.369 [info] > git config --get commit.template [5ms]
2024-09-24 11:10:32.370 [info] > git for-each-ref --format=%(refname)%00%(upstream:short)%00%(objectname)%00%(upstream:track)%00%(upstream:remotename)%00%(upstream:remoteref) refs/heads/32214362_yoonseocho refs/remotes/32214362_yoonseocho [2ms]
2024-09-24 11:10:32.372 [warning] [Git][revParse] Unable to read file: ENOENT: no such file or directory, open '/home/assam_yoonseocho/2024-os-hw1/.git/refs/remotes/origin/master'
2024-09-24 11:10:32.373 [info] > git rev-parse refs/remotes/origin/master [1ms]
2024-09-24 11:10:32.381 [info] > git status -z -uall [4ms]
2024-09-24 11:10:32.390 [info] > git for-each-ref --format=%(refname)%00%(upstream:short)%00%(objectname)%00%(upstream:track)%00%(upstream:remotename)%00%(upstream:remoteref) refs/heads/32214362_yoonseocho refs/remotes/32214362_yoonseocho [4ms]
2024-09-24 11:10:32.394 [info] > git config --local branch.32214362_yoonseocho.vscode-merge-base [1ms]
2024-09-24 11:10:32.398 [info] > git for-each-ref --format=%(refname)%00%(upstream:short)%00%(objectname)%00%(upstream:track)%00%(upstream:remotename)%00%(upstream:remoteref) refs/heads/origin/master refs/remotes/origin/master [1ms]
2024-09-24 11:11:04.636 [info] > git show --textconv :test.c [5ms]
2024-09-24 11:11:04.638 [info] > git ls-files --stage -- /home/assam_yoonseocho/2024-os-hw1/test.c [3ms]
2024-09-24 11:11:14.371 [info] > git show --textconv :sish.c [6ms]
2024-09-24 11:11:14.372 [info] > git ls-files --stage -- /home/assam_yoonseocho/2024-os-hw1/sish.c [2ms]
2024-09-24 11:11:27.452 [info] > git config --get commit.template [5ms]
2024-09-24 11:11:27.454 [info] > git for-each-ref --format=%(refname)%00%(upstream:short)%00%(objectname)%00%(upstream:track)%00%(upstream:remotename)%00%(upstream:remoteref) refs/heads/32214362_yoonseocho refs/remotes/32214362_yoonseocho [3ms]
2024-09-24 11:11:27.456 [warning] [Git][revParse] Unable to read file: ENOENT: no such file or directory, open '/home/assam_yoonseocho/2024-os-hw1/.git/refs/remotes/origin/master'
2024-09-24 11:11:27.457 [info] > git rev-parse refs/remotes/origin/master [1ms]
2024-09-24 11:11:27.463 [info] > git status -z -uall [3ms]
2024-09-24 11:11:27.469 [info] > git for-each-ref --format=%(refname)%00%(upstream:short)%00%(objectname)%00%(upstream:track)%00%(upstream:remotename)%00%(upstream:remoteref) refs/heads/32214362_yoonseocho refs/remotes/32214362_yoonseocho [2ms]
2024-09-24 11:11:27.473 [info] > git config --local branch.32214362_yoonseocho.vscode-merge-base [1ms]
2024-09-24 11:11:27.477 [info] > git for-each-ref --format=%(refname)%00%(upstream:short)%00%(objectname)%00%(upstream:track)%00%(upstream:remotename)%00%(upstream:remoteref) refs/heads/origin/master refs/remotes/origin/master [2ms]
2024-09-24 11:11:27.765 [info] > git show --textconv :test.c [5ms]
2024-09-24 11:11:27.767 [info] > git ls-files --stage -- /home/assam_yoonseocho/2024-os-hw1/test.c [2ms]
2024-09-24 11:11:29.813 [info] > git show --textconv :sish.c [5ms]
2024-09-24 11:11:29.815 [info] > git ls-files --stage -- /home/assam_yoonseocho/2024-os-hw1/sish.c [2ms]
2024-09-24 11:11:32.000 [info] > git show --textconv :test.c [4ms]
2024-09-24 11:11:32.001 [info] > git ls-files --stage -- /home/assam_yoonseocho/2024-os-hw1/test.c [1ms]
2024-09-24 11:11:33.944 [info] > git show --textconv :sish.c [5ms]
2024-09-24 11:11:33.946 [info] > git ls-files --stage -- /home/assam_yoonseocho/2024-os-hw1/sish.c [2ms]
2024-09-24 11:11:42.626 [info] > git config --get commit.template [4ms]
2024-09-24 11:11:42.627 [info] > git for-each-ref --format=%(refname)%00%(upstream:short)%00%(objectname)%00%(upstream:track)%00%(upstream:remotename)%00%(upstream:remoteref) refs/heads/32214362_yoonseocho refs/remotes/32214362_yoonseocho [2ms]
2024-09-24 11:11:42.629 [warning] [Git][revParse] Unable to read file: ENOENT: no such file or directory, open '/home/assam_yoonseocho/2024-os-hw1/.git/refs/remotes/origin/master'
2024-09-24 11:11:42.630 [info] > git rev-parse refs/remotes/origin/master [1ms]
2024-09-24 11:11:42.637 [info] > git status -z -uall [4ms]
2024-09-24 11:11:42.646 [info] > git for-each-ref --format=%(refname)%00%(upstream:short)%00%(objectname)%00%(upstream:track)%00%(upstream:remotename)%00%(upstream:remoteref) refs/heads/32214362_yoonseocho refs/remotes/32214362_yoonseocho [4ms]
2024-09-24 11:11:42.651 [info] > git config --local branch.32214362_yoonseocho.vscode-merge-base [1ms]
2024-09-24 11:11:42.655 [info] > git for-each-ref --format=%(refname)%00%(upstream:short)%00%(objectname)%00%(upstream:track)%00%(upstream:remotename)%00%(upstream:remoteref) refs/heads/origin/master refs/remotes/origin/master [2ms]
2024-09-24 11:24:54.359 [info] > git config --get commit.template [4ms]
2024-09-24 11:24:54.360 [info] > git for-each-ref --format=%(refname)%00%(upstream:short)%00%(objectname)%00%(upstream:track)%00%(upstream:remotename)%00%(upstream:remoteref) refs/heads/32214362_yoonseocho refs/remotes/32214362_yoonseocho [1ms]
2024-09-24 11:24:54.363 [warning] [Git][revParse] Unable to read file: ENOENT: no such file or directory, open '/home/assam_yoonseocho/2024-os-hw1/.git/refs/remotes/origin/master'
2024-09-24 11:24:54.364 [info] > git rev-parse refs/remotes/origin/master [1ms]
2024-09-24 11:24:54.370 [info] > git status -z -uall [3ms]
2024-09-24 11:24:54.376 [info] > git for-each-ref --format=%(refname)%00%(upstream:short)%00%(objectname)%00%(upstream:track)%00%(upstream:remotename)%00%(upstream:remoteref) refs/heads/32214362_yoonseocho refs/remotes/32214362_yoonseocho [2ms]
2024-09-24 11:24:54.381 [info] > git config --local branch.32214362_yoonseocho.vscode-merge-base [1ms]
2024-09-24 11:24:54.386 [info] > git for-each-ref --format=%(refname)%00%(upstream:short)%00%(objectname)%00%(upstream:track)%00%(upstream:remotename)%00%(upstream:remoteref) refs/heads/origin/master refs/remotes/origin/master [2ms]
2024-09-24 11:29:47.522 [info] > git show --textconv :test.c [5ms]
2024-09-24 11:29:47.526 [info] > git ls-files --stage -- /home/assam_yoonseocho/2024-os-hw1/test.c [5ms]
2024-09-24 11:30:08.935 [info] > git show --textconv :sish.c [5ms]
2024-09-24 11:30:08.937 [info] > git ls-files --stage -- /home/assam_yoonseocho/2024-os-hw1/sish.c [3ms]
2024-09-24 11:30:51.750 [info] > git config --get commit.template [5ms]
2024-09-24 11:30:51.751 [info] > git for-each-ref --format=%(refname)%00%(upstream:short)%00%(objectname)%00%(upstream:track)%00%(upstream:remotename)%00%(upstream:remoteref) refs/heads/32214362_yoonseocho refs/remotes/32214362_yoonseocho [2ms]
2024-09-24 11:30:51.755 [warning] [Git][revParse] Unable to read file: ENOENT: no such file or directory, open '/home/assam_yoonseocho/2024-os-hw1/.git/refs/remotes/origin/master'
2024-09-24 11:30:51.757 [info] > git rev-parse refs/remotes/origin/master [2ms]
2024-09-24 11:30:51.763 [info] > git status -z -uall [3ms]
2024-09-24 11:30:51.770 [info] > git for-each-ref --format=%(refname)%00%(upstream:short)%00%(objectname)%00%(upstream:track)%00%(upstream:remotename)%00%(upstream:remoteref) refs/heads/32214362_yoonseocho refs/remotes/32214362_yoonseocho [2ms]
2024-09-24 11:30:51.774 [info] > git config --local branch.32214362_yoonseocho.vscode-merge-base [1ms]
2024-09-24 11:30:51.778 [info] > git for-each-ref --format=%(refname)%00%(upstream:short)%00%(objectname)%00%(upstream:track)%00%(upstream:remotename)%00%(upstream:remoteref) refs/heads/origin/master refs/remotes/origin/master [2ms]
2024-09-24 11:32:28.318 [info] > git config --get commit.template [3ms]
2024-09-24 11:32:28.319 [info] > git for-each-ref --format=%(refname)%00%(upstream:short)%00%(objectname)%00%(upstream:track)%00%(upstream:remotename)%00%(upstream:remoteref) refs/heads/32214362_yoonseocho refs/remotes/32214362_yoonseocho [2ms]
2024-09-24 11:32:28.321 [warning] [Git][revParse] Unable to read file: ENOENT: no such file or directory, open '/home/assam_yoonseocho/2024-os-hw1/.git/refs/remotes/origin/master'
2024-09-24 11:32:28.322 [info] > git rev-parse refs/remotes/origin/master [1ms]
2024-09-24 11:32:28.327 [info] > git status -z -uall [2ms]
2024-09-24 11:32:28.334 [info] > git for-each-ref --format=%(refname)%00%(upstream:short)%00%(objectname)%00%(upstream:track)%00%(upstream:remotename)%00%(upstream:remoteref) refs/heads/32214362_yoonseocho refs/remotes/32214362_yoonseocho [2ms]
2024-09-24 11:32:28.338 [info] > git config --local branch.32214362_yoonseocho.vscode-merge-base [1ms]
2024-09-24 11:32:28.343 [info] > git for-each-ref --format=%(refname)%00%(upstream:short)%00%(objectname)%00%(upstream:track)%00%(upstream:remotename)%00%(upstream:remoteref) refs/heads/origin/master refs/remotes/origin/master [2ms]
2024-09-24 11:32:54.727 [info] > git config --get commit.template [3ms]
2024-09-24 11:32:54.729 [info] > git for-each-ref --format=%(refname)%00%(upstream:short)%00%(objectname)%00%(upstream:track)%00%(upstream:remotename)%00%(upstream:remoteref) refs/heads/32214362_yoonseocho refs/remotes/32214362_yoonseocho [1ms]
2024-09-24 11:32:54.731 [warning] [Git][revParse] Unable to read file: ENOENT: no such file or directory, open '/home/assam_yoonseocho/2024-os-hw1/.git/refs/remotes/origin/master'
2024-09-24 11:32:54.732 [info] > git rev-parse refs/remotes/origin/master [1ms]
2024-09-24 11:32:54.739 [info] > git status -z -uall [4ms]
2024-09-24 11:32:54.747 [info] > git for-each-ref --format=%(refname)%00%(upstream:short)%00%(objectname)%00%(upstream:track)%00%(upstream:remotename)%00%(upstream:remoteref) refs/heads/32214362_yoonseocho refs/remotes/32214362_yoonseocho [4ms]
2024-09-24 11:32:54.751 [info] > git config --local branch.32214362_yoonseocho.vscode-merge-base [1ms]
2024-09-24 11:32:54.755 [info] > git for-each-ref --format=%(refname)%00%(upstream:short)%00%(objectname)%00%(upstream:track)%00%(upstream:remotename)%00%(upstream:remoteref) refs/heads/origin/master refs/remotes/origin/master [1ms]
2024-09-24 11:36:02.534 [info] > git config --get commit.template [4ms]
2024-09-24 11:36:02.535 [info] > git for-each-ref --format=%(refname)%00%(upstream:short)%00%(objectname)%00%(upstream:track)%00%(upstream:remotename)%00%(upstream:remoteref) refs/heads/32214362_yoonseocho refs/remotes/32214362_yoonseocho [1ms]
2024-09-24 11:36:02.538 [warning] [Git][revParse] Unable to read file: ENOENT: no such file or directory, open '/home/assam_yoonseocho/2024-os-hw1/.git/refs/remotes/origin/master'
2024-09-24 11:36:02.539 [info] > git rev-parse refs/remotes/origin/master [1ms]
2024-09-24 11:36:02.545 [info] > git status -z -uall [3ms]
2024-09-24 11:36:02.553 [info] > git for-each-ref --format=%(refname)%00%(upstream:short)%00%(objectname)%00%(upstream:track)%00%(upstream:remotename)%00%(upstream:remoteref) refs/heads/32214362_yoonseocho refs/remotes/32214362_yoonseocho [3ms]
2024-09-24 11:36:02.558 [info] > git config --local branch.32214362_yoonseocho.vscode-merge-base [1ms]
2024-09-24 11:36:02.563 [info] > git for-each-ref --format=%(refname)%00%(upstream:short)%00%(objectname)%00%(upstream:track)%00%(upstream:remotename)%00%(upstream:remoteref) refs/heads/origin/master refs/remotes/origin/master [2ms]
2024-09-24 11:36:41.691 [info] > git config --get commit.template [5ms]
2024-09-24 11:36:41.691 [info] > git for-each-ref --format=%(refname)%00%(upstream:short)%00%(objectname)%00%(upstream:track)%00%(upstream:remotename)%00%(upstream:remoteref) refs/heads/32214362_yoonseocho refs/remotes/32214362_yoonseocho [2ms]
2024-09-24 11:36:41.693 [warning] [Git][revParse] Unable to read file: ENOENT: no such file or directory, open '/home/assam_yoonseocho/2024-os-hw1/.git/refs/remotes/origin/master'
2024-09-24 11:36:41.695 [info] > git rev-parse refs/remotes/origin/master [2ms]
2024-09-24 11:36:41.699 [info] > git status -z -uall [2ms]
2024-09-24 11:36:41.706 [info] > git for-each-ref --format=%(refname)%00%(upstream:short)%00%(objectname)%00%(upstream:track)%00%(upstream:remotename)%00%(upstream:remoteref) refs/heads/32214362_yoonseocho refs/remotes/32214362_yoonseocho [3ms]
2024-09-24 11:36:41.710 [info] > git config --local branch.32214362_yoonseocho.vscode-merge-base [1ms]
2024-09-24 11:36:41.714 [info] > git for-each-ref --format=%(refname)%00%(upstream:short)%00%(objectname)%00%(upstream:track)%00%(upstream:remotename)%00%(upstream:remoteref) refs/heads/origin/master refs/remotes/origin/master [1ms]
2024-09-24 11:37:01.023 [info] > git config --get commit.template [4ms]
2024-09-24 11:37:01.024 [info] > git for-each-ref --format=%(refname)%00%(upstream:short)%00%(objectname)%00%(upstream:track)%00%(upstream:remotename)%00%(upstream:remoteref) refs/heads/32214362_yoonseocho refs/remotes/32214362_yoonseocho [2ms]
2024-09-24 11:37:01.026 [warning] [Git][revParse] Unable to read file: ENOENT: no such file or directory, open '/home/assam_yoonseocho/2024-os-hw1/.git/refs/remotes/origin/master'
2024-09-24 11:37:01.028 [info] > git rev-parse refs/remotes/origin/master [2ms]
2024-09-24 11:37:01.034 [info] > git status -z -uall [3ms]
2024-09-24 11:37:01.040 [info] > git for-each-ref --format=%(refname)%00%(upstream:short)%00%(objectname)%00%(upstream:track)%00%(upstream:remotename)%00%(upstream:remoteref) refs/heads/32214362_yoonseocho refs/remotes/32214362_yoonseocho [2ms]
2024-09-24 11:37:01.043 [info] > git config --local branch.32214362_yoonseocho.vscode-merge-base [1ms]
2024-09-24 11:37:01.049 [info] > git for-each-ref --format=%(refname)%00%(upstream:short)%00%(objectname)%00%(upstream:track)%00%(upstream:remotename)%00%(upstream:remoteref) refs/heads/origin/master refs/remotes/origin/master [2ms]
2024-09-24 11:37:26.556 [info] > git config --get commit.template [4ms]
2024-09-24 11:37:26.557 [info] > git for-each-ref --format=%(refname)%00%(upstream:short)%00%(objectname)%00%(upstream:track)%00%(upstream:remotename)%00%(upstream:remoteref) refs/heads/32214362_yoonseocho refs/remotes/32214362_yoonseocho [2ms]
2024-09-24 11:37:26.559 [warning] [Git][revParse] Unable to read file: ENOENT: no such file or directory, open '/home/assam_yoonseocho/2024-os-hw1/.git/refs/remotes/origin/master'
2024-09-24 11:37:26.561 [info] > git rev-parse refs/remotes/origin/master [2ms]
2024-09-24 11:37:26.566 [info] > git status -z -uall [3ms]
2024-09-24 11:37:26.572 [info] > git for-each-ref --format=%(refname)%00%(upstream:short)%00%(objectname)%00%(upstream:track)%00%(upstream:remotename)%00%(upstream:remoteref) refs/heads/32214362_yoonseocho refs/remotes/32214362_yoonseocho [2ms]
2024-09-24 11:37:26.576 [info] > git config --local branch.32214362_yoonseocho.vscode-merge-base [2ms]
2024-09-24 11:37:26.580 [info] > git for-each-ref --format=%(refname)%00%(upstream:short)%00%(objectname)%00%(upstream:track)%00%(upstream:remotename)%00%(upstream:remoteref) refs/heads/origin/master refs/remotes/origin/master [2ms]
2024-09-24 11:38:06.951 [info] > git config --get commit.template [4ms]
2024-09-24 11:38:06.952 [info] > git for-each-ref --format=%(refname)%00%(upstream:short)%00%(objectname)%00%(upstream:track)%00%(upstream:remotename)%00%(upstream:remoteref) refs/heads/32214362_yoonseocho refs/remotes/32214362_yoonseocho [1ms]
2024-09-24 11:38:06.955 [warning] [Git][revParse] Unable to read file: ENOENT: no such file or directory, open '/home/assam_yoonseocho/2024-os-hw1/.git/refs/remotes/origin/master'
2024-09-24 11:38:06.956 [info] > git rev-parse refs/remotes/origin/master [1ms]
2024-09-24 11:38:06.961 [info] > git status -z -uall [3ms]
2024-09-24 11:38:06.967 [info] > git for-each-ref --format=%(refname)%00%(upstream:short)%00%(objectname)%00%(upstream:track)%00%(upstream:remotename)%00%(upstream:remoteref) refs/heads/32214362_yoonseocho refs/remotes/32214362_yoonseocho [3ms]
2024-09-24 11:38:06.972 [info] > git config --local branch.32214362_yoonseocho.vscode-merge-base [1ms]
2024-09-24 11:38:06.977 [info] > git for-each-ref --format=%(refname)%00%(upstream:short)%00%(objectname)%00%(upstream:track)%00%(upstream:remotename)%00%(upstream:remoteref) refs/heads/origin/master refs/remotes/origin/master [2ms]
2024-09-24 11:39:29.979 [info] > git config --get commit.template [3ms]
2024-09-24 11:39:29.979 [info] > git for-each-ref --format=%(refname)%00%(upstream:short)%00%(objectname)%00%(upstream:track)%00%(upstream:remotename)%00%(upstream:remoteref) refs/heads/32214362_yoonseocho refs/remotes/32214362_yoonseocho [1ms]
2024-09-24 11:39:29.982 [warning] [Git][revParse] Unable to read file: ENOENT: no such file or directory, open '/home/assam_yoonseocho/2024-os-hw1/.git/refs/remotes/origin/master'
2024-09-24 11:39:29.984 [info] > git rev-parse refs/remotes/origin/master [1ms]
2024-09-24 11:39:29.989 [info] > git status -z -uall [3ms]
2024-09-24 11:39:29.995 [info] > git for-each-ref --format=%(refname)%00%(upstream:short)%00%(objectname)%00%(upstream:track)%00%(upstream:remotename)%00%(upstream:remoteref) refs/heads/32214362_yoonseocho refs/remotes/32214362_yoonseocho [2ms]
2024-09-24 11:39:29.999 [info] > git config --local branch.32214362_yoonseocho.vscode-merge-base [1ms]
2024-09-24 11:39:30.003 [info] > git for-each-ref --format=%(refname)%00%(upstream:short)%00%(objectname)%00%(upstream:track)%00%(upstream:remotename)%00%(upstream:remoteref) refs/heads/origin/master refs/remotes/origin/master [1ms]
2024-09-24 11:39:37.069 [info] > git config --get commit.template [3ms]
2024-09-24 11:39:37.070 [info] > git for-each-ref --format=%(refname)%00%(upstream:short)%00%(objectname)%00%(upstream:track)%00%(upstream:remotename)%00%(upstream:remoteref) refs/heads/32214362_yoonseocho refs/remotes/32214362_yoonseocho [2ms]
2024-09-24 11:39:37.072 [warning] [Git][revParse] Unable to read file: ENOENT: no such file or directory, open '/home/assam_yoonseocho/2024-os-hw1/.git/refs/remotes/origin/master'
2024-09-24 11:39:37.073 [info] > git rev-parse refs/remotes/origin/master [1ms]
2024-09-24 11:39:37.079 [info] > git status -z -uall [3ms]
2024-09-24 11:39:37.086 [info] > git for-each-ref --format=%(refname)%00%(upstream:short)%00%(objectname)%00%(upstream:track)%00%(upstream:remotename)%00%(upstream:remoteref) refs/heads/32214362_yoonseocho refs/remotes/32214362_yoonseocho [2ms]
2024-09-24 11:39:37.091 [info] > git config --local branch.32214362_yoonseocho.vscode-merge-base [2ms]
2024-09-24 11:39:37.095 [info] > git for-each-ref --format=%(refname)%00%(upstream:short)%00%(objectname)%00%(upstream:track)%00%(upstream:remotename)%00%(upstream:remoteref) refs/heads/origin/master refs/remotes/origin/master [1ms]
2024-09-24 11:39:48.605 [info] > git config --get commit.template [5ms]
2024-09-24 11:39:48.607 [info] > git for-each-ref --format=%(refname)%00%(upstream:short)%00%(objectname)%00%(upstream:track)%00%(upstream:remotename)%00%(upstream:remoteref) refs/heads/32214362_yoonseocho refs/remotes/32214362_yoonseocho [3ms]
2024-09-24 11:39:48.609 [warning] [Git][revParse] Unable to read file: ENOENT: no such file or directory, open '/home/assam_yoonseocho/2024-os-hw1/.git/refs/remotes/origin/master'
2024-09-24 11:39:48.610 [info] > git rev-parse refs/remotes/origin/master [1ms]
2024-09-24 11:39:48.616 [info] > git status -z -uall [3ms]
2024-09-24 11:39:48.623 [info] > git for-each-ref --format=%(refname)%00%(upstream:short)%00%(objectname)%00%(upstream:track)%00%(upstream:remotename)%00%(upstream:remoteref) refs/heads/32214362_yoonseocho refs/remotes/32214362_yoonseocho [2ms]
2024-09-24 11:39:48.627 [info] > git config --local branch.32214362_yoonseocho.vscode-merge-base [1ms]
2024-09-24 11:39:48.631 [info] > git for-each-ref --format=%(refname)%00%(upstream:short)%00%(objectname)%00%(upstream:track)%00%(upstream:remotename)%00%(upstream:remoteref) refs/heads/origin/master refs/remotes/origin/master [1ms]
2024-09-24 11:39:53.635 [info] > git config --get commit.template [4ms]
2024-09-24 11:39:53.636 [info] > git for-each-ref --format=%(refname)%00%(upstream:short)%00%(objectname)%00%(upstream:track)%00%(upstream:remotename)%00%(upstream:remoteref) refs/heads/32214362_yoonseocho refs/remotes/32214362_yoonseocho [2ms]
2024-09-24 11:39:53.640 [warning] [Git][revParse] Unable to read file: ENOENT: no such file or directory, open '/home/assam_yoonseocho/2024-os-hw1/.git/refs/remotes/origin/master'
2024-09-24 11:39:53.641 [info] > git rev-parse refs/remotes/origin/master [1ms]
2024-09-24 11:39:53.646 [info] > git status -z -uall [2ms]
2024-09-24 11:39:53.653 [info] > git for-each-ref --format=%(refname)%00%(upstream:short)%00%(objectname)%00%(upstream:track)%00%(upstream:remotename)%00%(upstream:remoteref) refs/heads/32214362_yoonseocho refs/remotes/32214362_yoonseocho [2ms]
2024-09-24 11:39:53.656 [info] > git config --local branch.32214362_yoonseocho.vscode-merge-base [1ms]
2024-09-24 11:39:53.660 [info] > git for-each-ref --format=%(refname)%00%(upstream:short)%00%(objectname)%00%(upstream:track)%00%(upstream:remotename)%00%(upstream:remoteref) refs/heads/origin/master refs/remotes/origin/master [1ms]
2024-09-24 11:40:03.062 [info] > git config --get commit.template [4ms]
2024-09-24 11:40:03.064 [info] > git for-each-ref --format=%(refname)%00%(upstream:short)%00%(objectname)%00%(upstream:track)%00%(upstream:remotename)%00%(upstream:remoteref) refs/heads/32214362_yoonseocho refs/remotes/32214362_yoonseocho [1ms]
2024-09-24 11:40:03.066 [warning] [Git][revParse] Unable to read file: ENOENT: no such file or directory, open '/home/assam_yoonseocho/2024-os-hw1/.git/refs/remotes/origin/master'
2024-09-24 11:40:03.068 [info] > git rev-parse refs/remotes/origin/master [2ms]
2024-09-24 11:40:03.074 [info] > git status -z -uall [2ms]
2024-09-24 11:40:03.080 [info] > git for-each-ref --format=%(refname)%00%(upstream:short)%00%(objectname)%00%(upstream:track)%00%(upstream:remotename)%00%(upstream:remoteref) refs/heads/32214362_yoonseocho refs/remotes/32214362_yoonseocho [3ms]
2024-09-24 11:40:03.084 [info] > git config --local branch.32214362_yoonseocho.vscode-merge-base [1ms]
2024-09-24 11:40:03.087 [info] > git for-each-ref --format=%(refname)%00%(upstream:short)%00%(objectname)%00%(upstream:track)%00%(upstream:remotename)%00%(upstream:remoteref) refs/heads/origin/master refs/remotes/origin/master [1ms]
2024-09-24 11:40:08.088 [info] > git config --get commit.template [4ms]
2024-09-24 11:40:08.089 [info] > git for-each-ref --format=%(refname)%00%(upstream:short)%00%(objectname)%00%(upstream:track)%00%(upstream:remotename)%00%(upstream:remoteref) refs/heads/32214362_yoonseocho refs/remotes/32214362_yoonseocho [1ms]
2024-09-24 11:40:08.092 [warning] [Git][revParse] Unable to read file: ENOENT: no such file or directory, open '/home/assam_yoonseocho/2024-os-hw1/.git/refs/remotes/origin/master'
2024-09-24 11:40:08.093 [info] > git rev-parse refs/remotes/origin/master [1ms]
2024-09-24 11:40:08.098 [info] > git status -z -uall [2ms]
2024-09-24 11:40:08.103 [info] > git for-each-ref --format=%(refname)%00%(upstream:short)%00%(objectname)%00%(upstream:track)%00%(upstream:remotename)%00%(upstream:remoteref) refs/heads/32214362_yoonseocho refs/remotes/32214362_yoonseocho [2ms]
2024-09-24 11:40:08.107 [info] > git config --local branch.32214362_yoonseocho.vscode-merge-base [1ms]
2024-09-24 11:40:08.111 [info] > git for-each-ref --format=%(refname)%00%(upstream:short)%00%(objectname)%00%(upstream:track)%00%(upstream:remotename)%00%(upstream:remoteref) refs/heads/origin/master refs/remotes/origin/master [2ms]
2024-09-24 11:40:13.116 [info] > git config --get commit.template [5ms]
2024-09-24 11:40:13.117 [info] > git for-each-ref --format=%(refname)%00%(upstream:short)%00%(objectname)%00%(upstream:track)%00%(upstream:remotename)%00%(upstream:remoteref) refs/heads/32214362_yoonseocho refs/remotes/32214362_yoonseocho [2ms]
2024-09-24 11:40:13.119 [warning] [Git][revParse] Unable to read file: ENOENT: no such file or directory, open '/home/assam_yoonseocho/2024-os-hw1/.git/refs/remotes/origin/master'
2024-09-24 11:40:13.120 [info] > git rev-parse refs/remotes/origin/master [1ms]
2024-09-24 11:40:13.125 [info] > git status -z -uall [2ms]
2024-09-24 11:40:13.132 [info] > git for-each-ref --format=%(refname)%00%(upstream:short)%00%(objectname)%00%(upstream:track)%00%(upstream:remotename)%00%(upstream:remoteref) refs/heads/32214362_yoonseocho refs/remotes/32214362_yoonseocho [3ms]
2024-09-24 11:40:13.136 [info] > git config --local branch.32214362_yoonseocho.vscode-merge-base [1ms]
2024-09-24 11:40:13.143 [info] > git for-each-ref --format=%(refname)%00%(upstream:short)%00%(objectname)%00%(upstream:track)%00%(upstream:remotename)%00%(upstream:remoteref) refs/heads/origin/master refs/remotes/origin/master [3ms]
2024-09-24 11:40:47.340 [info] > git config --get commit.template [4ms]
2024-09-24 11:40:47.342 [info] > git for-each-ref --format=%(refname)%00%(upstream:short)%00%(objectname)%00%(upstream:track)%00%(upstream:remotename)%00%(upstream:remoteref) refs/heads/32214362_yoonseocho refs/remotes/32214362_yoonseocho [1ms]
2024-09-24 11:40:47.344 [warning] [Git][revParse] Unable to read file: ENOENT: no such file or directory, open '/home/assam_yoonseocho/2024-os-hw1/.git/refs/remotes/origin/master'
2024-09-24 11:40:47.345 [info] > git rev-parse refs/remotes/origin/master [1ms]
2024-09-24 11:40:47.350 [info] > git status -z -uall [2ms]
2024-09-24 11:40:47.356 [info] > git for-each-ref --format=%(refname)%00%(upstream:short)%00%(objectname)%00%(upstream:track)%00%(upstream:remotename)%00%(upstream:remoteref) refs/heads/32214362_yoonseocho refs/remotes/32214362_yoonseocho [2ms]
2024-09-24 11:40:47.359 [info] > git config --local branch.32214362_yoonseocho.vscode-merge-base [1ms]
2024-09-24 11:40:47.363 [info] > git for-each-ref --format=%(refname)%00%(upstream:short)%00%(objectname)%00%(upstream:track)%00%(upstream:remotename)%00%(upstream:remoteref) refs/heads/origin/master refs/remotes/origin/master [1ms]
2024-09-24 11:40:52.364 [info] > git config --get commit.template [2ms]
2024-09-24 11:40:52.369 [info] > git for-each-ref --format=%(refname)%00%(upstream:short)%00%(objectname)%00%(upstream:track)%00%(upstream:remotename)%00%(upstream:remoteref) refs/heads/32214362_yoonseocho refs/remotes/32214362_yoonseocho [1ms]
2024-09-24 11:40:52.372 [warning] [Git][revParse] Unable to read file: ENOENT: no such file or directory, open '/home/assam_yoonseocho/2024-os-hw1/.git/refs/remotes/origin/master'
2024-09-24 11:40:52.373 [info] > git rev-parse refs/remotes/origin/master [1ms]
2024-09-24 11:40:52.378 [info] > git status -z -uall [3ms]
2024-09-24 11:40:52.384 [info] > git for-each-ref --format=%(refname)%00%(upstream:short)%00%(objectname)%00%(upstream:track)%00%(upstream:remotename)%00%(upstream:remoteref) refs/heads/32214362_yoonseocho refs/remotes/32214362_yoonseocho [2ms]
2024-09-24 11:40:52.388 [info] > git config --local branch.32214362_yoonseocho.vscode-merge-base [1ms]
2024-09-24 11:40:52.393 [info] > git for-each-ref --format=%(refname)%00%(upstream:short)%00%(objectname)%00%(upstream:track)%00%(upstream:remotename)%00%(upstream:remoteref) refs/heads/origin/master refs/remotes/origin/master [2ms]
2024-09-24 11:41:06.397 [info] > git config --get commit.template [4ms]
2024-09-24 11:41:06.398 [info] > git for-each-ref --format=%(refname)%00%(upstream:short)%00%(objectname)%00%(upstream:track)%00%(upstream:remotename)%00%(upstream:remoteref) refs/heads/32214362_yoonseocho refs/remotes/32214362_yoonseocho [2ms]
2024-09-24 11:41:06.400 [warning] [Git][revParse] Unable to read file: ENOENT: no such file or directory, open '/home/assam_yoonseocho/2024-os-hw1/.git/refs/remotes/origin/master'
2024-09-24 11:41:06.402 [info] > git rev-parse refs/remotes/origin/master [2ms]
2024-09-24 11:41:06.407 [info] > git status -z -uall [3ms]
2024-09-24 11:41:06.414 [info] > git for-each-ref --format=%(refname)%00%(upstream:short)%00%(objectname)%00%(upstream:track)%00%(upstream:remotename)%00%(upstream:remoteref) refs/heads/32214362_yoonseocho refs/remotes/32214362_yoonseocho [3ms]
2024-09-24 11:41:06.418 [info] > git config --local branch.32214362_yoonseocho.vscode-merge-base [1ms]
2024-09-24 11:41:06.422 [info] > git for-each-ref --format=%(refname)%00%(upstream:short)%00%(objectname)%00%(upstream:track)%00%(upstream:remotename)%00%(upstream:remoteref) refs/heads/origin/master refs/remotes/origin/master [1ms]
2024-09-24 11:41:13.705 [info] > git config --get commit.template [4ms]
2024-09-24 11:41:13.706 [info] > git for-each-ref --format=%(refname)%00%(upstream:short)%00%(objectname)%00%(upstream:track)%00%(upstream:remotename)%00%(upstream:remoteref) refs/heads/32214362_yoonseocho refs/remotes/32214362_yoonseocho [2ms]
2024-09-24 11:41:13.709 [warning] [Git][revParse] Unable to read file: ENOENT: no such file or directory, open '/home/assam_yoonseocho/2024-os-hw1/.git/refs/remotes/origin/master'
2024-09-24 11:41:13.710 [info] > git rev-parse refs/remotes/origin/master [1ms]
2024-09-24 11:41:13.715 [info] > git status -z -uall [3ms]
2024-09-24 11:41:13.722 [info] > git for-each-ref --format=%(refname)%00%(upstream:short)%00%(objectname)%00%(upstream:track)%00%(upstream:remotename)%00%(upstream:remoteref) refs/heads/32214362_yoonseocho refs/remotes/32214362_yoonseocho [2ms]
2024-09-24 11:41:13.729 [info] > git config --local branch.32214362_yoonseocho.vscode-merge-base [3ms]
2024-09-24 11:41:13.734 [info] > git for-each-ref --format=%(refname)%00%(upstream:short)%00%(objectname)%00%(upstream:track)%00%(upstream:remotename)%00%(upstream:remoteref) refs/heads/origin/master refs/remotes/origin/master [2ms]
