2024-09-24 21:57:04.587 [info] [main] 로그 수준: Info
2024-09-24 21:57:04.587 [info] [main] "git"에서 찾은 git 유효성을 검사하는 중
2024-09-24 21:57:04.587 [info] [main] "2.34.1"에서 git "git"을(를) 사용하는 중
2024-09-24 21:57:04.587 [info] [Model][doInitialScan] Initial repository scan started
2024-09-24 21:57:04.587 [info] > git rev-parse --show-toplevel [5ms]
2024-09-24 21:57:04.587 [info] > git rev-parse --git-dir --git-common-dir [2ms]
2024-09-24 21:57:04.587 [info] [Model][openRepository] Opened repository: /home/assam_yoonseocho/2024-os-hw1
2024-09-24 21:57:04.590 [info] > git config --get commit.template [5ms]
2024-09-24 21:57:04.591 [info] > git rev-parse --show-toplevel [4ms]
2024-09-24 21:57:04.598 [info] > git for-each-ref --format=%(refname)%00%(upstream:short)%00%(objectname)%00%(upstream:track)%00%(upstream:remotename)%00%(upstream:remoteref) refs/heads/32214362_yoonseocho refs/remotes/32214362_yoonseocho [4ms]
2024-09-24 21:57:04.599 [info] > git rev-parse --show-toplevel [2ms]
2024-09-24 21:57:04.604 [info] [Model][doInitialScan] Initial repository scan completed - repositories (1), closed repositories (0), parent repositories (0), unsafe repositories (0)
2024-09-24 21:57:04.607 [warning] [Git][revParse] Unable to read file: ENOENT: no such file or directory, open '/home/assam_yoonseocho/2024-os-hw1/.git/refs/remotes/origin/master'
2024-09-24 21:57:04.608 [info] > git rev-parse refs/remotes/origin/master [2ms]
2024-09-24 21:57:04.614 [info] > git status -z -uall [3ms]
2024-09-24 21:57:04.633 [info] > git for-each-ref --format=%(refname)%00%(upstream:short)%00%(objectname)%00%(upstream:track)%00%(upstream:remotename)%00%(upstream:remoteref) refs/heads/32214362_yoonseocho refs/remotes/32214362_yoonseocho [14ms]
2024-09-24 21:57:04.654 [info] > git config --get commit.template [20ms]
2024-09-24 21:57:04.734 [info] > git config --local branch.32214362_yoonseocho.vscode-merge-base [98ms]
2024-09-24 21:57:04.891 [info] > git for-each-ref --format=%(refname)%00%(upstream:short)%00%(objectname)%00%(upstream:track)%00%(upstream:remotename)%00%(upstream:remoteref) refs/heads/origin/master refs/remotes/origin/master [153ms]
2024-09-24 21:57:04.921 [info] > git for-each-ref --format=%(refname)%00%(upstream:short)%00%(objectname)%00%(upstream:track)%00%(upstream:remotename)%00%(upstream:remoteref) refs/heads/32214362_yoonseocho refs/remotes/32214362_yoonseocho [141ms]
2024-09-24 21:57:04.924 [warning] [Git][revParse] Unable to read file: ENOENT: no such file or directory, open '/home/assam_yoonseocho/2024-os-hw1/.git/refs/remotes/origin/master'
2024-09-24 21:57:04.925 [info] > git merge-base refs/heads/32214362_yoonseocho refs/remotes/origin/master [23ms]
2024-09-24 21:57:04.929 [info] > git rev-parse refs/remotes/origin/master [5ms]
2024-09-24 21:57:04.933 [info] > git rev-list --count --left-right refs/heads/32214362_yoonseocho...refs/remotes/origin/master [5ms]
2024-09-24 21:57:04.946 [info] > git status -z -uall [14ms]
2024-09-24 21:57:04.947 [info] > git show --textconv :sish.c [4ms]
2024-09-24 21:57:04.956 [info] > git for-each-ref --format=%(refname)%00%(upstream:short)%00%(objectname)%00%(upstream:track)%00%(upstream:remotename)%00%(upstream:remoteref) refs/heads/32214362_yoonseocho refs/remotes/32214362_yoonseocho [5ms]
2024-09-24 21:57:04.959 [info] > git ls-files --stage -- /home/assam_yoonseocho/2024-os-hw1/sish.c [13ms]
2024-09-24 21:57:04.960 [info] > git diff --name-status -z --diff-filter=ADMR 3754e078984a4486af05a630408918cfc55ef03c...refs/remotes/origin/master [23ms]
2024-09-24 21:57:04.961 [info] > git config --local branch.32214362_yoonseocho.vscode-merge-base [2ms]
2024-09-24 21:57:04.965 [info] > git for-each-ref --format=%(refname)%00%(upstream:short)%00%(objectname)%00%(upstream:track)%00%(upstream:remotename)%00%(upstream:remoteref) refs/heads/origin/master refs/remotes/origin/master [1ms]
2024-09-24 21:57:05.155 [info] > git check-ignore -v -z --stdin [2ms]
2024-09-24 22:21:11.527 [info] > git config --get commit.template [4ms]
2024-09-24 22:21:11.528 [info] > git for-each-ref --format=%(refname)%00%(upstream:short)%00%(objectname)%00%(upstream:track)%00%(upstream:remotename)%00%(upstream:remoteref) refs/heads/32214362_yoonseocho refs/remotes/32214362_yoonseocho [3ms]
2024-09-24 22:21:11.530 [warning] [Git][revParse] Unable to read file: ENOENT: no such file or directory, open '/home/assam_yoonseocho/2024-os-hw1/.git/refs/remotes/origin/master'
2024-09-24 22:21:11.532 [info] > git rev-parse refs/remotes/origin/master [2ms]
2024-09-24 22:21:11.537 [info] > git status -z -uall [3ms]
2024-09-24 22:21:11.547 [info] > git for-each-ref --format=%(refname)%00%(upstream:short)%00%(objectname)%00%(upstream:track)%00%(upstream:remotename)%00%(upstream:remoteref) refs/heads/32214362_yoonseocho refs/remotes/32214362_yoonseocho [5ms]
2024-09-24 22:21:11.551 [info] > git config --local branch.32214362_yoonseocho.vscode-merge-base [1ms]
2024-09-24 22:21:11.554 [info] > git for-each-ref --format=%(refname)%00%(upstream:short)%00%(objectname)%00%(upstream:track)%00%(upstream:remotename)%00%(upstream:remoteref) refs/heads/origin/master refs/remotes/origin/master [1ms]
2024-09-24 22:21:18.460 [info] > git config --get commit.template [4ms]
2024-09-24 22:21:18.461 [info] > git for-each-ref --format=%(refname)%00%(upstream:short)%00%(objectname)%00%(upstream:track)%00%(upstream:remotename)%00%(upstream:remoteref) refs/heads/32214362_yoonseocho refs/remotes/32214362_yoonseocho [2ms]
2024-09-24 22:21:18.464 [warning] [Git][revParse] Unable to read file: ENOENT: no such file or directory, open '/home/assam_yoonseocho/2024-os-hw1/.git/refs/remotes/origin/master'
2024-09-24 22:21:18.465 [info] > git rev-parse refs/remotes/origin/master [1ms]
2024-09-24 22:21:18.471 [info] > git status -z -uall [3ms]
2024-09-24 22:21:18.479 [info] > git for-each-ref --format=%(refname)%00%(upstream:short)%00%(objectname)%00%(upstream:track)%00%(upstream:remotename)%00%(upstream:remoteref) refs/heads/32214362_yoonseocho refs/remotes/32214362_yoonseocho [3ms]
2024-09-24 22:21:18.484 [info] > git config --local branch.32214362_yoonseocho.vscode-merge-base [2ms]
2024-09-24 22:21:18.488 [info] > git for-each-ref --format=%(refname)%00%(upstream:short)%00%(objectname)%00%(upstream:track)%00%(upstream:remotename)%00%(upstream:remoteref) refs/heads/origin/master refs/remotes/origin/master [1ms]
2024-09-24 22:21:23.568 [info] > git config --get commit.template [6ms]
2024-09-24 22:21:23.569 [info] > git for-each-ref --format=%(refname)%00%(upstream:short)%00%(objectname)%00%(upstream:track)%00%(upstream:remotename)%00%(upstream:remoteref) refs/heads/32214362_yoonseocho refs/remotes/32214362_yoonseocho [2ms]
2024-09-24 22:21:23.572 [warning] [Git][revParse] Unable to read file: ENOENT: no such file or directory, open '/home/assam_yoonseocho/2024-os-hw1/.git/refs/remotes/origin/master'
2024-09-24 22:21:23.574 [info] > git rev-parse refs/remotes/origin/master [2ms]
2024-09-24 22:21:23.579 [info] > git status -z -uall [3ms]
2024-09-24 22:21:23.586 [info] > git for-each-ref --format=%(refname)%00%(upstream:short)%00%(objectname)%00%(upstream:track)%00%(upstream:remotename)%00%(upstream:remoteref) refs/heads/32214362_yoonseocho refs/remotes/32214362_yoonseocho [3ms]
2024-09-24 22:21:23.593 [info] > git config --local branch.32214362_yoonseocho.vscode-merge-base [2ms]
2024-09-24 22:21:23.598 [info] > git for-each-ref --format=%(refname)%00%(upstream:short)%00%(objectname)%00%(upstream:track)%00%(upstream:remotename)%00%(upstream:remoteref) refs/heads/origin/master refs/remotes/origin/master [2ms]
2024-09-24 22:27:58.825 [info] > git check-ignore -v -z --stdin [2ms]
2024-09-24 22:28:03.683 [info] > git show --textconv :test.c [5ms]
2024-09-24 22:28:03.685 [info] > git ls-files --stage -- /home/assam_yoonseocho/2024-os-hw1/test.c [3ms]
2024-09-24 22:32:47.465 [info] > git config --get commit.template [5ms]
2024-09-24 22:32:47.466 [info] > git for-each-ref --format=%(refname)%00%(upstream:short)%00%(objectname)%00%(upstream:track)%00%(upstream:remotename)%00%(upstream:remoteref) refs/heads/32214362_yoonseocho refs/remotes/32214362_yoonseocho [1ms]
2024-09-24 22:32:47.469 [warning] [Git][revParse] Unable to read file: ENOENT: no such file or directory, open '/home/assam_yoonseocho/2024-os-hw1/.git/refs/remotes/origin/master'
2024-09-24 22:32:47.470 [info] > git rev-parse refs/remotes/origin/master [1ms]
2024-09-24 22:32:47.475 [info] > git status -z -uall [3ms]
2024-09-24 22:32:47.482 [info] > git for-each-ref --format=%(refname)%00%(upstream:short)%00%(objectname)%00%(upstream:track)%00%(upstream:remotename)%00%(upstream:remoteref) refs/heads/32214362_yoonseocho refs/remotes/32214362_yoonseocho [2ms]
2024-09-24 22:32:47.487 [info] > git config --local branch.32214362_yoonseocho.vscode-merge-base [1ms]
2024-09-24 22:32:47.492 [info] > git for-each-ref --format=%(refname)%00%(upstream:short)%00%(objectname)%00%(upstream:track)%00%(upstream:remotename)%00%(upstream:remoteref) refs/heads/origin/master refs/remotes/origin/master [2ms]
