2024-09-19 13:01:53.754 [info] [main] 로그 수준: Info
2024-09-19 13:01:53.754 [info] [main] "git"에서 찾은 git 유효성을 검사하는 중
2024-09-19 13:01:53.754 [info] [main] "2.34.1"에서 git "git"을(를) 사용하는 중
2024-09-19 13:01:53.754 [info] [Model][doInitialScan] Initial repository scan started
2024-09-19 13:01:53.754 [info] > git rev-parse --show-toplevel [2ms]
2024-09-19 13:01:53.754 [info] > git rev-parse --git-dir --git-common-dir [2ms]
2024-09-19 13:01:53.754 [info] [Model][openRepository] Opened repository: /home/assam_yoonseocho/2024-os-hw1
2024-09-19 13:01:53.754 [info] [Model][doInitialScan] Initial repository scan completed - repositories (1), closed repositories (0), parent repositories (0), unsafe repositories (0)
2024-09-19 13:01:53.754 [info] > git config --get commit.template [5ms]
2024-09-19 13:01:53.764 [info] > git for-each-ref --format=%(refname)%00%(upstream:short)%00%(objectname)%00%(upstream:track)%00%(upstream:remotename)%00%(upstream:remoteref) refs/heads/32214362_yoonseocho refs/remotes/32214362_yoonseocho [4ms]
2024-09-19 13:01:53.768 [warning] [Git][revParse] Unable to read file: ENOENT: no such file or directory, open '/home/assam_yoonseocho/2024-os-hw1/.git/refs/remotes/origin/master'
2024-09-19 13:01:53.770 [info] > git rev-parse refs/remotes/origin/master [2ms]
2024-09-19 13:01:53.779 [info] > git status -z -uall [2ms]
2024-09-19 13:01:53.813 [info] > git for-each-ref --format=%(refname)%00%(upstream:short)%00%(objectname)%00%(upstream:track)%00%(upstream:remotename)%00%(upstream:remoteref) refs/heads/32214362_yoonseocho refs/remotes/32214362_yoonseocho [27ms]
2024-09-19 13:01:53.818 [info] > git config --get commit.template [6ms]
2024-09-19 13:01:53.839 [info] > git config --local branch.32214362_yoonseocho.vscode-merge-base [21ms]
2024-09-19 13:01:53.839 [warning] [Git][config] git config failed: Failed to execute git
2024-09-19 13:01:53.846 [info] > git reflog 32214362_yoonseocho --grep-reflog=branch: Created from *. [4ms]
2024-09-19 13:01:53.849 [info] > git for-each-ref --format=%(refname)%00%(upstream:short)%00%(objectname)%00%(upstream:track)%00%(upstream:remotename)%00%(upstream:remoteref) refs/heads/32214362_yoonseocho refs/remotes/32214362_yoonseocho [3ms]
2024-09-19 13:01:53.851 [warning] [Git][revParse] Unable to read file: ENOENT: no such file or directory, open '/home/assam_yoonseocho/2024-os-hw1/.git/refs/remotes/origin/master'
2024-09-19 13:01:53.852 [info] > git symbolic-ref --short refs/remotes/origin/HEAD [4ms]
2024-09-19 13:01:53.855 [info] > git rev-parse refs/remotes/origin/master [4ms]
2024-09-19 13:01:53.858 [info] > git for-each-ref --format=%(refname)%00%(upstream:short)%00%(objectname)%00%(upstream:track)%00%(upstream:remotename)%00%(upstream:remoteref) refs/heads/origin/master refs/remotes/origin/master [4ms]
2024-09-19 13:01:53.862 [info] > git status -z -uall [5ms]
2024-09-19 13:01:53.870 [info] > git for-each-ref --format=%(refname)%00%(upstream:short)%00%(objectname)%00%(upstream:track)%00%(upstream:remotename)%00%(upstream:remoteref) refs/heads/32214362_yoonseocho refs/remotes/32214362_yoonseocho [4ms]
2024-09-19 13:01:53.873 [info] > git config --local branch.32214362_yoonseocho.vscode-merge-base origin/master [12ms]
2024-09-19 13:01:53.877 [info] > git config --local branch.32214362_yoonseocho.vscode-merge-base [4ms]
2024-09-19 13:01:53.880 [info] > git config --get commit.template [4ms]
2024-09-19 13:01:53.885 [info] > git for-each-ref --format=%(refname)%00%(upstream:short)%00%(objectname)%00%(upstream:track)%00%(upstream:remotename)%00%(upstream:remoteref) refs/heads/origin/master refs/remotes/origin/master [6ms]
2024-09-19 13:01:54.059 [info] > git for-each-ref --format=%(refname)%00%(upstream:short)%00%(objectname)%00%(upstream:track)%00%(upstream:remotename)%00%(upstream:remoteref) refs/heads/32214362_yoonseocho refs/remotes/32214362_yoonseocho [174ms]
2024-09-19 13:01:54.065 [warning] [Git][revParse] Unable to read file: ENOENT: no such file or directory, open '/home/assam_yoonseocho/2024-os-hw1/.git/refs/remotes/origin/master'
2024-09-19 13:01:54.066 [info] > git merge-base refs/heads/32214362_yoonseocho refs/remotes/origin/master [177ms]
2024-09-19 13:01:54.070 [info] > git rev-parse refs/remotes/origin/master [5ms]
2024-09-19 13:01:54.073 [info] > git rev-list --count --left-right refs/heads/32214362_yoonseocho...refs/remotes/origin/master [4ms]
2024-09-19 13:01:54.077 [info] > git status -z -uall [5ms]
2024-09-19 13:01:54.081 [info] > git diff --name-status -z --diff-filter=ADMR 3754e078984a4486af05a630408918cfc55ef03c...refs/remotes/origin/master [5ms]
2024-09-19 13:01:54.082 [info] > git for-each-ref --format=%(refname)%00%(upstream:short)%00%(objectname)%00%(upstream:track)%00%(upstream:remotename)%00%(upstream:remoteref) refs/heads/32214362_yoonseocho refs/remotes/32214362_yoonseocho [2ms]
2024-09-19 13:01:54.088 [info] > git config --local branch.32214362_yoonseocho.vscode-merge-base [3ms]
2024-09-19 13:01:54.092 [info] > git for-each-ref --format=%(refname)%00%(upstream:short)%00%(objectname)%00%(upstream:track)%00%(upstream:remotename)%00%(upstream:remoteref) refs/heads/origin/master refs/remotes/origin/master [2ms]
2024-09-19 13:01:54.313 [info] > git check-ignore -v -z --stdin [3ms]
2024-09-19 13:01:59.772 [info] > git show --textconv :stat.c [5ms]
2024-09-19 13:01:59.774 [info] > git ls-files --stage -- /home/assam_yoonseocho/2024-os-hw1/stat.c [3ms]
2024-09-19 13:01:59.778 [info] > git cat-file -s e69c6de06ea9aa87c75b34c5b2e7c3f50fe02dd0 [1ms]
2024-09-19 13:02:00.284 [info] > git show --textconv :sish.c [5ms]
2024-09-19 13:02:00.286 [info] > git ls-files --stage -- /home/assam_yoonseocho/2024-os-hw1/sish.c [3ms]
2024-09-19 13:02:01.505 [info] > git show --textconv :stat.c [5ms]
2024-09-19 13:02:01.506 [info] > git ls-files --stage -- /home/assam_yoonseocho/2024-os-hw1/stat.c [2ms]
2024-09-19 13:02:01.510 [info] > git cat-file -s e69c6de06ea9aa87c75b34c5b2e7c3f50fe02dd0 [1ms]
2024-09-19 13:02:02.842 [info] > git show --textconv :sish.c [5ms]
2024-09-19 13:02:02.844 [info] > git ls-files --stage -- /home/assam_yoonseocho/2024-os-hw1/sish.c [3ms]
2024-09-19 13:02:06.072 [info] > git show --textconv :stat.c [5ms]
2024-09-19 13:02:06.073 [info] > git ls-files --stage -- /home/assam_yoonseocho/2024-os-hw1/stat.c [2ms]
2024-09-19 13:02:06.078 [info] > git cat-file -s e69c6de06ea9aa87c75b34c5b2e7c3f50fe02dd0 [2ms]
2024-09-19 13:02:07.321 [info] > git show --textconv :sish.c [5ms]
2024-09-19 13:02:07.323 [info] > git ls-files --stage -- /home/assam_yoonseocho/2024-os-hw1/sish.c [2ms]
